2025-05-30 18:00:37,614 - INFO - 2e29c8a6e0534d16b1 Connected to mqtt.eclipseprojects.io with result code: 0 
2025-05-30 18:00:37,711 - INFO - 35960303296f4beba3 Connected to mqtt.eclipseprojects.io with result code: 0 
2025-05-30 18:00:37,807 - INFO - c83028f339084d0999 Connected to mqtt.eclipseprojects.io with result code: 0 
2025-05-30 18:00:37,933 - INFO - e37b47bce4aa4f358a Connected to mqtt.eclipseprojects.io with result code: 0 
2025-05-30 18:00:38,031 - INFO - fdb28a33be75472ab8 Connected to mqtt.eclipseprojects.io with result code: 0 
2025-05-30 18:00:38,133 - INFO - 9bc1227aa5fa4768ab Connected to mqtt.eclipseprojects.io with result code: 0 
2025-05-30 18:00:38,229 - INFO - 0dc9cdcb05fe478f94 Connected to mqtt.eclipseprojects.io with result code: 0 
2025-05-30 18:00:38,329 - INFO - bf9edc2d3f764e1990 Connected to mqtt.eclipseprojects.io with result code: 0 
2025-05-30 18:00:38,451 - INFO - 84321978fc5f4c95a6 Connected to mqtt.eclipseprojects.io with result code: 0 
2025-05-30 18:00:38,561 - INFO - b75e4fe5b06041d6b4 Connected to mqtt.eclipseprojects.io with result code: 0 
2025-05-30 18:00:38,685 - INFO - e65a82179df54a65be Connected to mqtt.eclipseprojects.io with result code: 0 
2025-05-30 18:00:38,782 - INFO - 36028d6e01d94e2683 Connected to mqtt.eclipseprojects.io with result code: 0 
2025-05-30 18:00:38,881 - INFO - 7a231737f57c4796af Connected to mqtt.eclipseprojects.io with result code: 0 
2025-05-30 18:00:38,999 - INFO - 789bce92bd4b4da695 Connected to mqtt.eclipseprojects.io with result code: 0 
2025-05-30 18:00:39,118 - INFO - 75a1fa07b38047f2b1 Connected to mqtt.eclipseprojects.io with result code: 0 
2025-05-30 18:00:39,139 - INFO - subscribed to TO_IotSmartFarm/Lingotto/+/+/Soil_Moisture/+
2025-05-30 18:00:39,139 - INFO - subscribed to TO_IotSmartFarm/Lingotto/+/+/CO2_Concentration/+
2025-05-30 18:00:39,140 - INFO - subscribed to TO_IotSmartFarm/Lingotto/+/+/Temperature/+
2025-05-30 18:00:39,140 - INFO - subscribed to TO_IotSmartFarm/Lingotto/+/+/Lightness/+
2025-05-30 18:00:39,234 - INFO - da60031277804c318d Connected to mqtt.eclipseprojects.io with result code: 0 
