2025-06-03 15:29:15,748 - INFO - Actuator:689d8a4a219b450599 Connected to mqtt.eclipseprojects.io with result code: 0 
2025-06-03 15:29:15,866 - INFO - Actuator:f89d61ce6e894aee85 Connected to mqtt.eclipseprojects.io with result code: 0 
2025-06-03 15:29:15,967 - INFO - Actuator:b21bc38ee236497c84 Connected to mqtt.eclipseprojects.io with result code: 0 
2025-06-03 15:29:16,067 - INFO - Actuator:63723d34757c405485 Connected to mqtt.eclipseprojects.io with result code: 0 
2025-06-03 15:29:16,175 - INFO - Actuator:05800ce3d8b8494ba3 Connected to mqtt.eclipseprojects.io with result code: 0 
2025-06-03 15:29:16,271 - INFO - Actuator:b1dc0675666c4194b1 Connected to mqtt.eclipseprojects.io with result code: 0 
2025-06-03 15:29:16,387 - INFO - Actuator:45178990198a4f739e Connected to mqtt.eclipseprojects.io with result code: 0 
2025-06-03 15:29:16,715 - INFO - Received message on topic PoliTO_IotSmartFarm/Lingotto/Area_B/Position_03/CO2_Concentration/faf26dec/Exhaust_Fan: {"bn": "PoliTO_IotSmartFarm/Lingotto/Area_B/Position_03/CO2_Concentration/faf26dec/Exhaust_Fan", "e": [{"n": "CO2_Concentration", "u": "ppm", "t": 1748957360.9206142, "v": false}]}
2025-06-03 15:29:16,715 - INFO - Status of [7e2e63ef - Exhaust_Fan] doesn't need to change
2025-06-03 15:29:19,885 - INFO - Received message on topic PoliTO_IotSmartFarm/Lingotto/Area_A/Position_01/Temperature/9f42a1c3/Cooler: {"bn": "PoliTO_IotSmartFarm/Lingotto/Area_A/Position_01/Temperature/9f42a1c3/Cooler", "e": [{"n": "Temperature", "u": "Cel", "t": 1748957364.089601, "v": false}]}
2025-06-03 15:29:19,886 - INFO - Status of [d0676e7b - Cooler] doesn't need to change
2025-06-03 15:29:21,148 - INFO - Received message on topic PoliTO_IotSmartFarm/Lingotto/Area_B/Position_03/Lightness/c3d47900/LED_Light: {"bn": "PoliTO_IotSmartFarm/Lingotto/Area_B/Position_03/Lightness/c3d47900/LED_Light", "e": [{"n": "Lightness", "u": "lx", "t": 1748957365.2558908, "v": false}]}
2025-06-03 15:29:21,148 - INFO - Status of [b6c46f2c - LED_Light] doesn't need to change
2025-06-03 15:29:21,546 - INFO - Received message on topic PoliTO_IotSmartFarm/Lingotto/Area_D/Position_01/Soil_Moisture/a8830d33/Drip_Irrigation_Pipe: {"bn": "PoliTO_IotSmartFarm/Lingotto/Area_D/Position_01/Soil_Moisture/a8830d33/Drip_Irrigation_Pipe", "e": [{"n": "Soil_Moisture", "u": "%", "t": 1748957365.7102685, "v": false}]}
2025-06-03 15:29:21,546 - INFO - Status of [a3f7c79f - Drip_Irrigation_Pipe] doesn't need to change
2025-06-03 15:29:21,690 - INFO - Received message on topic PoliTO_IotSmartFarm/Lingotto/Area_B/Position_01/Lightness/f47ac10b/Sunshade_Net: {"bn": "PoliTO_IotSmartFarm/Lingotto/Area_B/Position_01/Lightness/f47ac10b/Sunshade_Net", "e": [{"n": "Lightness", "u": "lx", "t": 1748957365.897163, "v": false}]}
2025-06-03 15:29:21,690 - INFO - Status of [f89cd694 - Sunshade_Net] doesn't need to change
2025-06-03 15:29:21,792 - INFO - Received message on topic PoliTO_IotSmartFarm/Lingotto/Area_A/Position_02/Temperature/d559dc98/Heater: {"bn": "PoliTO_IotSmartFarm/Lingotto/Area_A/Position_02/Temperature/d559dc98/Heater", "e": [{"n": "Temperature", "u": "Cel", "t": 1748957365.897163, "v": false}]}
2025-06-03 15:29:21,792 - INFO - Status of [fe3a3799 - Heater] doesn't need to change
2025-06-03 15:29:22,369 - INFO - Received message on topic PoliTO_IotSmartFarm/Lingotto/Area_D/Position_01/Soil_Moisture/a8830d33/Drip_Irrigation_Pipe: {"bn": "PoliTO_IotSmartFarm/Lingotto/Area_D/Position_01/Soil_Moisture/a8830d33/Drip_Irrigation_Pipe", "e": [{"n": "Soil_Moisture", "u": "%", "t": 1748957366.253658, "v": false}]}
2025-06-03 15:29:22,369 - INFO - Status of [a3f7c79f - Drip_Irrigation_Pipe] doesn't need to change
2025-06-03 15:29:22,520 - INFO - Received message on topic PoliTO_IotSmartFarm/Lingotto/Area_B/Position_03/CO2_Concentration/faf26dec/Exhaust_Fan: {"bn": "PoliTO_IotSmartFarm/Lingotto/Area_B/Position_03/CO2_Concentration/faf26dec/Exhaust_Fan", "e": [{"n": "CO2_Concentration", "u": "ppm", "t": 1748957366.7228186, "v": false}]}
2025-06-03 15:29:22,520 - INFO - Status of [7e2e63ef - Exhaust_Fan] doesn't need to change
2025-06-03 15:29:23,329 - INFO - Received message on topic PoliTO_IotSmartFarm/Lingotto/Area_A/Position_01/Temperature/9f42a1c3/Cooler: {"bn": "PoliTO_IotSmartFarm/Lingotto/Area_A/Position_01/Temperature/9f42a1c3/Cooler", "e": [{"n": "Temperature", "u": "Cel", "t": 1748957367.5319996, "v": false}]}
2025-06-03 15:29:23,329 - INFO - Status of [d0676e7b - Cooler] doesn't need to change
2025-06-03 15:29:24,866 - INFO - Received message on topic PoliTO_IotSmartFarm/Lingotto/Area_B/Position_03/Lightness/c3d47900/LED_Light: {"bn": "PoliTO_IotSmartFarm/Lingotto/Area_B/Position_03/Lightness/c3d47900/LED_Light", "e": [{"n": "Lightness", "u": "lx", "t": 1748957368.9720712, "v": false}]}
2025-06-03 15:29:24,866 - INFO - Status of [b6c46f2c - LED_Light] doesn't need to change
2025-06-03 15:29:25,751 - INFO - Received message on topic PoliTO_IotSmartFarm/Lingotto/Area_B/Position_03/CO2_Concentration/faf26dec/Exhaust_Fan: {"bn": "PoliTO_IotSmartFarm/Lingotto/Area_B/Position_03/CO2_Concentration/faf26dec/Exhaust_Fan", "e": [{"n": "CO2_Concentration", "u": "ppm", "t": 1748957369.9556088, "v": false}]}
2025-06-03 15:29:25,751 - INFO - Status of [7e2e63ef - Exhaust_Fan] doesn't need to change
2025-06-03 15:29:28,168 - INFO - Received message on topic PoliTO_IotSmartFarm/Lingotto/Area_B/Position_01/Lightness/f47ac10b/Sunshade_Net: {"bn": "PoliTO_IotSmartFarm/Lingotto/Area_B/Position_01/Lightness/f47ac10b/Sunshade_Net", "e": [{"n": "Lightness", "u": "lx", "t": 1748957372.372839, "v": false}]}
2025-06-03 15:29:28,168 - INFO - Status of [f89cd694 - Sunshade_Net] doesn't need to change
2025-06-03 15:29:28,341 - INFO - Received message on topic PoliTO_IotSmartFarm/Lingotto/Area_B/Position_06/CO2_Concentration/9947c72f/Carbon_Dioxide_Generator: {"bn": "PoliTO_IotSmartFarm/Lingotto/Area_B/Position_06/CO2_Concentration/9947c72f/Carbon_Dioxide_Generator", "e": [{"n": "CO2_Concentration", "u": "ppm", "t": 1748957372.445861, "v": false}]}
2025-06-03 15:29:28,341 - INFO - Status of [baf49b45 - Carbon_Dioxide_Generator] doesn't need to change
2025-06-03 15:29:28,362 - INFO - Received message on topic PoliTO_IotSmartFarm/Lingotto/Area_A/Position_02/Temperature/d559dc98/Heater: {"bn": "PoliTO_IotSmartFarm/Lingotto/Area_A/Position_02/Temperature/d559dc98/Heater", "e": [{"n": "Temperature", "u": "Cel", "t": 1748957372.3718345, "v": false}]}
2025-06-03 15:29:28,362 - INFO - Status of [fe3a3799 - Heater] doesn't need to change
2025-06-03 15:29:30,886 - INFO - Received message on topic PoliTO_IotSmartFarm/Lingotto/Area_A/Position_01/Temperature/9f42a1c3/Cooler: {"bn": "PoliTO_IotSmartFarm/Lingotto/Area_A/Position_01/Temperature/9f42a1c3/Cooler", "e": [{"n": "Temperature", "u": "Cel", "t": 1748957375.0894094, "v": false}]}
2025-06-03 15:29:30,886 - INFO - Status of [d0676e7b - Cooler] doesn't need to change
2025-06-03 15:29:31,534 - INFO - Received message on topic PoliTO_IotSmartFarm/Lingotto/Area_B/Position_03/CO2_Concentration/faf26dec/Exhaust_Fan: {"bn": "PoliTO_IotSmartFarm/Lingotto/Area_B/Position_03/CO2_Concentration/faf26dec/Exhaust_Fan", "e": [{"n": "CO2_Concentration", "u": "ppm", "t": 1748957375.734832, "v": false}]}
2025-06-03 15:29:31,534 - INFO - Status of [7e2e63ef - Exhaust_Fan] doesn't need to change
2025-06-03 15:29:34,074 - INFO - Received message on topic PoliTO_IotSmartFarm/Lingotto/Area_B/Position_06/CO2_Concentration/9947c72f/Carbon_Dioxide_Generator: {"bn": "PoliTO_IotSmartFarm/Lingotto/Area_B/Position_06/CO2_Concentration/9947c72f/Carbon_Dioxide_Generator", "e": [{"n": "CO2_Concentration", "u": "ppm", "t": 1748957378.1809208, "v": false}]}
2025-06-03 15:29:34,074 - INFO - Status of [baf49b45 - Carbon_Dioxide_Generator] doesn't need to change
2025-06-03 15:29:34,381 - INFO - Received message on topic PoliTO_IotSmartFarm/Lingotto/Area_B/Position_01/Lightness/f47ac10b/Sunshade_Net: {"bn": "PoliTO_IotSmartFarm/Lingotto/Area_B/Position_01/Lightness/f47ac10b/Sunshade_Net", "e": [{"n": "Lightness", "u": "lx", "t": 1748957378.586715, "v": false}]}
2025-06-03 15:29:34,381 - INFO - Status of [f89cd694 - Sunshade_Net] doesn't need to change
2025-06-03 15:29:34,528 - INFO - Received message on topic PoliTO_IotSmartFarm/Lingotto/Area_A/Position_01/Temperature/9f42a1c3/Cooler: {"bn": "PoliTO_IotSmartFarm/Lingotto/Area_A/Position_01/Temperature/9f42a1c3/Cooler", "e": [{"n": "Temperature", "u": "Cel", "t": 1748957378.6416216, "v": false}]}
2025-06-03 15:29:34,534 - INFO - Status of [d0676e7b - Cooler] doesn't need to change
2025-06-03 15:29:34,724 - INFO - Received message on topic PoliTO_IotSmartFarm/Lingotto/Area_A/Position_02/Temperature/d559dc98/Heater: {"bn": "PoliTO_IotSmartFarm/Lingotto/Area_A/Position_02/Temperature/d559dc98/Heater", "e": [{"n": "Temperature", "u": "Cel", "t": 1748957378.7390318, "v": false}]}
2025-06-03 15:29:34,730 - INFO - Status of [fe3a3799 - Heater] doesn't need to change
2025-06-03 15:29:35,140 - INFO - Received message on topic PoliTO_IotSmartFarm/Lingotto/Area_B/Position_03/CO2_Concentration/faf26dec/Exhaust_Fan: {"bn": "PoliTO_IotSmartFarm/Lingotto/Area_B/Position_03/CO2_Concentration/faf26dec/Exhaust_Fan", "e": [{"n": "CO2_Concentration", "u": "ppm", "t": 1748957379.2043667, "v": false}]}
2025-06-03 15:29:35,140 - INFO - Status of [7e2e63ef - Exhaust_Fan] doesn't need to change
2025-06-03 15:29:38,164 - INFO - Received message on topic PoliTO_IotSmartFarm/Lingotto/Area_B/Position_03/Lightness/c3d47900/LED_Light: {"bn": "PoliTO_IotSmartFarm/Lingotto/Area_B/Position_03/Lightness/c3d47900/LED_Light", "e": [{"n": "Lightness", "u": "lx", "t": 1748957382.2701154, "v": false}]}
2025-06-03 15:29:38,164 - INFO - Status of [b6c46f2c - LED_Light] doesn't need to change
2025-06-03 15:29:40,530 - INFO - Received message on topic PoliTO_IotSmartFarm/Lingotto/Area_B/Position_03/CO2_Concentration/faf26dec/Exhaust_Fan: {"bn": "PoliTO_IotSmartFarm/Lingotto/Area_B/Position_03/CO2_Concentration/faf26dec/Exhaust_Fan", "e": [{"n": "CO2_Concentration", "u": "ppm", "t": 1748957384.7382748, "v": false}]}
2025-06-03 15:29:40,530 - INFO - Status of [7e2e63ef - Exhaust_Fan] doesn't need to change
2025-06-03 15:29:41,175 - INFO - Received message on topic PoliTO_IotSmartFarm/Lingotto/Area_B/Position_01/Lightness/f47ac10b/Sunshade_Net: {"bn": "PoliTO_IotSmartFarm/Lingotto/Area_B/Position_01/Lightness/f47ac10b/Sunshade_Net", "e": [{"n": "Lightness", "u": "lx", "t": 1748957385.380846, "v": false}]}
2025-06-03 15:29:41,175 - INFO - Status of [f89cd694 - Sunshade_Net] doesn't need to change
2025-06-03 15:29:41,273 - INFO - Received message on topic PoliTO_IotSmartFarm/Lingotto/Area_A/Position_02/Temperature/d559dc98/Heater: {"bn": "PoliTO_IotSmartFarm/Lingotto/Area_A/Position_02/Temperature/d559dc98/Heater", "e": [{"n": "Temperature", "u": "Cel", "t": 1748957385.3797934, "v": false}]}
2025-06-03 15:29:41,273 - INFO - Status of [fe3a3799 - Heater] doesn't need to change
2025-06-03 15:29:41,896 - INFO - Received message on topic PoliTO_IotSmartFarm/Lingotto/Area_A/Position_01/Temperature/9f42a1c3/Cooler: {"bn": "PoliTO_IotSmartFarm/Lingotto/Area_A/Position_01/Temperature/9f42a1c3/Cooler", "e": [{"n": "Temperature", "u": "Cel", "t": 1748957386.0988097, "v": false}]}
2025-06-03 15:29:41,896 - INFO - Status of [d0676e7b - Cooler] doesn't need to change
2025-06-03 15:29:41,897 - INFO - Received message on topic PoliTO_IotSmartFarm/Lingotto/Area_B/Position_03/Lightness/c3d47900/LED_Light: {"bn": "PoliTO_IotSmartFarm/Lingotto/Area_B/Position_03/Lightness/c3d47900/LED_Light", "e": [{"n": "Lightness", "u": "lx", "t": 1748957386.0125866, "v": false}]}
2025-06-03 15:29:41,903 - INFO - Status of [b6c46f2c - LED_Light] doesn't need to change
2025-06-03 15:29:43,737 - INFO - Received message on topic PoliTO_IotSmartFarm/Lingotto/Area_B/Position_03/CO2_Concentration/faf26dec/Exhaust_Fan: {"bn": "PoliTO_IotSmartFarm/Lingotto/Area_B/Position_03/CO2_Concentration/faf26dec/Exhaust_Fan", "e": [{"n": "CO2_Concentration", "u": "ppm", "t": 1748957387.9463606, "v": false}]}
2025-06-03 15:29:43,737 - INFO - Status of [7e2e63ef - Exhaust_Fan] doesn't need to change
2025-06-03 15:29:44,362 - INFO - Received message on topic PoliTO_IotSmartFarm/Lingotto/Area_D/Position_01/Soil_Moisture/a8830d33/Drip_Irrigation_Pipe: {"bn": "PoliTO_IotSmartFarm/Lingotto/Area_D/Position_01/Soil_Moisture/a8830d33/Drip_Irrigation_Pipe", "e": [{"n": "Soil_Moisture", "u": "%", "t": 1748957388.5685632, "v": false}]}
2025-06-03 15:29:44,362 - INFO - Status of [a3f7c79f - Drip_Irrigation_Pipe] doesn't need to change
2025-06-03 15:29:44,923 - INFO - Received message on topic PoliTO_IotSmartFarm/Lingotto/Area_D/Position_01/Soil_Moisture/a8830d33/Drip_Irrigation_Pipe: {"bn": "PoliTO_IotSmartFarm/Lingotto/Area_D/Position_01/Soil_Moisture/a8830d33/Drip_Irrigation_Pipe", "e": [{"n": "Soil_Moisture", "u": "%", "t": 1748957389.097613, "v": false}]}
2025-06-03 15:29:44,923 - INFO - Status of [a3f7c79f - Drip_Irrigation_Pipe] doesn't need to change
2025-06-03 15:29:45,650 - INFO - Received message on topic PoliTO_IotSmartFarm/Lingotto/Area_A/Position_01/Temperature/9f42a1c3/Cooler: {"bn": "PoliTO_IotSmartFarm/Lingotto/Area_A/Position_01/Temperature/9f42a1c3/Cooler", "e": [{"n": "Temperature", "u": "Cel", "t": 1748957389.8555894, "v": false}]}
2025-06-03 15:29:45,650 - INFO - Status of [d0676e7b - Cooler] doesn't need to change
2025-06-03 15:29:47,340 - INFO - Received message on topic PoliTO_IotSmartFarm/Lingotto/Area_B/Position_06/CO2_Concentration/9947c72f/Carbon_Dioxide_Generator: {"bn": "PoliTO_IotSmartFarm/Lingotto/Area_B/Position_06/CO2_Concentration/9947c72f/Carbon_Dioxide_Generator", "e": [{"n": "CO2_Concentration", "u": "ppm", "t": 1748957391.450906, "v": false}]}
2025-06-03 15:29:47,340 - INFO - Status of [baf49b45 - Carbon_Dioxide_Generator] doesn't need to change
2025-06-03 15:29:47,383 - INFO - Received message on topic PoliTO_IotSmartFarm/Lingotto/Area_B/Position_01/Lightness/f47ac10b/Sunshade_Net: {"bn": "PoliTO_IotSmartFarm/Lingotto/Area_B/Position_01/Lightness/f47ac10b/Sunshade_Net", "e": [{"n": "Lightness", "u": "lx", "t": 1748957391.591621, "v": false}]}
2025-06-03 15:29:47,383 - INFO - Status of [f89cd694 - Sunshade_Net] doesn't need to change
2025-06-03 15:29:47,480 - INFO - Received message on topic PoliTO_IotSmartFarm/Lingotto/Area_A/Position_02/Temperature/d559dc98/Heater: {"bn": "PoliTO_IotSmartFarm/Lingotto/Area_A/Position_02/Temperature/d559dc98/Heater", "e": [{"n": "Temperature", "u": "Cel", "t": 1748957391.593626, "v": false}]}
2025-06-03 15:29:47,480 - INFO - Status of [fe3a3799 - Heater] doesn't need to change
2025-06-03 15:29:49,628 - INFO - Received message on topic PoliTO_IotSmartFarm/Lingotto/Area_B/Position_03/CO2_Concentration/faf26dec/Exhaust_Fan: {"bn": "PoliTO_IotSmartFarm/Lingotto/Area_B/Position_03/CO2_Concentration/faf26dec/Exhaust_Fan", "e": [{"n": "CO2_Concentration", "u": "ppm", "t": 1748957389.150143, "v": false}]}
2025-06-03 15:29:49,628 - INFO - Status of [7e2e63ef - Exhaust_Fan] doesn't need to change
2025-06-03 15:29:49,723 - INFO - Received message on topic PoliTO_IotSmartFarm/Lingotto/Area_B/Position_03/CO2_Concentration/faf26dec/Exhaust_Fan: {"bn": "PoliTO_IotSmartFarm/Lingotto/Area_B/Position_03/CO2_Concentration/faf26dec/Exhaust_Fan", "e": [{"n": "CO2_Concentration", "u": "ppm", "t": 1748957393.7460914, "v": false}]}
2025-06-03 15:29:49,723 - INFO - Status of [7e2e63ef - Exhaust_Fan] doesn't need to change
2025-06-03 15:29:52,941 - INFO - Received message on topic PoliTO_IotSmartFarm/Lingotto/Area_B/Position_03/CO2_Concentration/faf26dec/Exhaust_Fan: {"bn": "PoliTO_IotSmartFarm/Lingotto/Area_B/Position_03/CO2_Concentration/faf26dec/Exhaust_Fan", "e": [{"n": "CO2_Concentration", "u": "ppm", "t": 1748957392.3608868, "v": false}]}
2025-06-03 15:29:52,941 - INFO - Status of [7e2e63ef - Exhaust_Fan] doesn't need to change
2025-06-03 15:29:53,039 - INFO - Received message on topic PoliTO_IotSmartFarm/Lingotto/Area_B/Position_03/CO2_Concentration/faf26dec/Exhaust_Fan: {"bn": "PoliTO_IotSmartFarm/Lingotto/Area_B/Position_03/CO2_Concentration/faf26dec/Exhaust_Fan", "e": [{"n": "CO2_Concentration", "u": "ppm", "t": 1748957396.9581215, "v": false}]}
2025-06-03 15:29:53,039 - INFO - Status of [7e2e63ef - Exhaust_Fan] doesn't need to change
2025-06-03 15:29:53,444 - INFO - Received message on topic PoliTO_IotSmartFarm/Lingotto/Area_A/Position_01/Temperature/9f42a1c3/Cooler: {"bn": "PoliTO_IotSmartFarm/Lingotto/Area_A/Position_01/Temperature/9f42a1c3/Cooler", "e": [{"n": "Temperature", "u": "Cel", "t": 1748957392.8181705, "v": false}]}
2025-06-03 15:29:53,444 - INFO - Status of [d0676e7b - Cooler] doesn't need to change
2025-06-03 15:29:53,519 - INFO - Received message on topic PoliTO_IotSmartFarm/Lingotto/Area_B/Position_06/CO2_Concentration/9947c72f/Carbon_Dioxide_Generator: {"bn": "PoliTO_IotSmartFarm/Lingotto/Area_B/Position_06/CO2_Concentration/9947c72f/Carbon_Dioxide_Generator", "e": [{"n": "CO2_Concentration", "u": "ppm", "t": 1748957392.8467119, "v": false}]}
2025-06-03 15:29:53,519 - INFO - Status of [baf49b45 - Carbon_Dioxide_Generator] doesn't need to change
2025-06-03 15:29:53,545 - INFO - Received message on topic PoliTO_IotSmartFarm/Lingotto/Area_A/Position_01/Temperature/9f42a1c3/Cooler: {"bn": "PoliTO_IotSmartFarm/Lingotto/Area_A/Position_01/Temperature/9f42a1c3/Cooler", "e": [{"n": "Temperature", "u": "Cel", "t": 1748957397.4305694, "v": false}]}
2025-06-03 15:29:53,545 - INFO - Status of [d0676e7b - Cooler] doesn't need to change
2025-06-03 15:29:53,621 - INFO - Received message on topic PoliTO_IotSmartFarm/Lingotto/Area_B/Position_06/CO2_Concentration/9947c72f/Carbon_Dioxide_Generator: {"bn": "PoliTO_IotSmartFarm/Lingotto/Area_B/Position_06/CO2_Concentration/9947c72f/Carbon_Dioxide_Generator", "e": [{"n": "CO2_Concentration", "u": "ppm", "t": 1748957397.445005, "v": false}]}
2025-06-03 15:29:53,621 - INFO - Status of [baf49b45 - Carbon_Dioxide_Generator] doesn't need to change
2025-06-03 15:29:54,288 - INFO - Received message on topic PoliTO_IotSmartFarm/Lingotto/Area_B/Position_01/Lightness/f47ac10b/Sunshade_Net: {"bn": "PoliTO_IotSmartFarm/Lingotto/Area_B/Position_01/Lightness/f47ac10b/Sunshade_Net", "e": [{"n": "Lightness", "u": "lx", "t": 1748957393.802519, "v": false}]}
2025-06-03 15:29:54,288 - INFO - Status of [f89cd694 - Sunshade_Net] doesn't need to change
2025-06-03 15:29:54,385 - INFO - Received message on topic PoliTO_IotSmartFarm/Lingotto/Area_B/Position_01/Lightness/f47ac10b/Sunshade_Net: {"bn": "PoliTO_IotSmartFarm/Lingotto/Area_B/Position_01/Lightness/f47ac10b/Sunshade_Net", "e": [{"n": "Lightness", "u": "lx", "t": 1748957398.3993769, "v": false}]}
2025-06-03 15:29:54,387 - INFO - Status of [f89cd694 - Sunshade_Net] doesn't need to change
2025-06-03 15:29:54,387 - INFO - Received message on topic PoliTO_IotSmartFarm/Lingotto/Area_A/Position_02/Temperature/d559dc98/Heater: {"bn": "PoliTO_IotSmartFarm/Lingotto/Area_A/Position_02/Temperature/d559dc98/Heater", "e": [{"n": "Temperature", "u": "Cel", "t": 1748957393.8048322, "v": false}]}
2025-06-03 15:29:54,389 - INFO - Status of [fe3a3799 - Heater] doesn't need to change
2025-06-03 15:29:54,483 - INFO - Received message on topic PoliTO_IotSmartFarm/Lingotto/Area_A/Position_02/Temperature/d559dc98/Heater: {"bn": "PoliTO_IotSmartFarm/Lingotto/Area_A/Position_02/Temperature/d559dc98/Heater", "e": [{"n": "Temperature", "u": "Cel", "t": 1748957398.4044154, "v": false}]}
2025-06-03 15:29:54,483 - INFO - Status of [fe3a3799 - Heater] doesn't need to change
2025-06-03 15:29:55,267 - INFO - Received message on topic PoliTO_IotSmartFarm/Lingotto/Area_B/Position_03/Lightness/c3d47900/LED_Light: {"bn": "PoliTO_IotSmartFarm/Lingotto/Area_B/Position_03/Lightness/c3d47900/LED_Light", "e": [{"n": "Lightness", "u": "lx", "t": 1748957399.274977, "v": false}]}
2025-06-03 15:29:55,267 - INFO - Status of [b6c46f2c - LED_Light] doesn't need to change
2025-06-03 15:29:55,365 - INFO - Received message on topic PoliTO_IotSmartFarm/Lingotto/Area_B/Position_03/Lightness/c3d47900/LED_Light: {"bn": "PoliTO_IotSmartFarm/Lingotto/Area_B/Position_03/Lightness/c3d47900/LED_Light", "e": [{"n": "Lightness", "u": "lx", "t": 1748957394.6794624, "v": false}]}
2025-06-03 15:29:55,365 - INFO - Status of [b6c46f2c - LED_Light] doesn't need to change
2025-06-03 15:29:56,454 - INFO - Received message on topic PoliTO_IotSmartFarm/Lingotto/Area_A/Position_01/Temperature/9f42a1c3/Cooler: {"bn": "PoliTO_IotSmartFarm/Lingotto/Area_A/Position_01/Temperature/9f42a1c3/Cooler", "e": [{"n": "Temperature", "u": "Cel", "t": 1748957395.9712029, "v": false}]}
2025-06-03 15:29:56,454 - INFO - Status of [d0676e7b - Cooler] doesn't need to change
2025-06-03 15:29:56,551 - INFO - Received message on topic PoliTO_IotSmartFarm/Lingotto/Area_A/Position_01/Temperature/9f42a1c3/Cooler: {"bn": "PoliTO_IotSmartFarm/Lingotto/Area_A/Position_01/Temperature/9f42a1c3/Cooler", "e": [{"n": "Temperature", "u": "Cel", "t": 1748957400.568207, "v": false}]}
2025-06-03 15:29:56,551 - INFO - Status of [d0676e7b - Cooler] doesn't need to change
2025-06-03 15:29:58,653 - INFO - Received message on topic PoliTO_IotSmartFarm/Lingotto/Area_B/Position_03/CO2_Concentration/faf26dec/Exhaust_Fan: {"bn": "PoliTO_IotSmartFarm/Lingotto/Area_B/Position_03/CO2_Concentration/faf26dec/Exhaust_Fan", "e": [{"n": "CO2_Concentration", "u": "ppm", "t": 1748957398.166492, "v": false}]}
2025-06-03 15:29:58,653 - INFO - Status of [7e2e63ef - Exhaust_Fan] doesn't need to change
2025-06-03 15:29:58,749 - INFO - Received message on topic PoliTO_IotSmartFarm/Lingotto/Area_B/Position_03/CO2_Concentration/faf26dec/Exhaust_Fan: {"bn": "PoliTO_IotSmartFarm/Lingotto/Area_B/Position_03/CO2_Concentration/faf26dec/Exhaust_Fan", "e": [{"n": "CO2_Concentration", "u": "ppm", "t": 1748957402.765446, "v": false}]}
2025-06-03 15:29:58,749 - INFO - Status of [7e2e63ef - Exhaust_Fan] doesn't need to change
2025-06-03 15:29:58,959 - INFO - Received message on topic PoliTO_IotSmartFarm/Lingotto/Area_B/Position_03/Lightness/c3d47900/LED_Light: {"bn": "PoliTO_IotSmartFarm/Lingotto/Area_B/Position_03/Lightness/c3d47900/LED_Light", "e": [{"n": "Lightness", "u": "lx", "t": 1748957402.9735496, "v": false}]}
2025-06-03 15:29:58,959 - INFO - Status of [b6c46f2c - LED_Light] doesn't need to change
2025-06-03 15:29:59,057 - INFO - Received message on topic PoliTO_IotSmartFarm/Lingotto/Area_B/Position_03/Lightness/c3d47900/LED_Light: {"bn": "PoliTO_IotSmartFarm/Lingotto/Area_B/Position_03/Lightness/c3d47900/LED_Light", "e": [{"n": "Lightness", "u": "lx", "t": 1748957398.3804128, "v": false}]}
2025-06-03 15:29:59,057 - INFO - Status of [b6c46f2c - LED_Light] doesn't need to change
2025-06-03 15:30:00,496 - INFO - Received message on topic PoliTO_IotSmartFarm/Lingotto/Area_B/Position_01/Lightness/f47ac10b/Sunshade_Net: {"bn": "PoliTO_IotSmartFarm/Lingotto/Area_B/Position_01/Lightness/f47ac10b/Sunshade_Net", "e": [{"n": "Lightness", "u": "lx", "t": 1748957400.011089, "v": false}]}
2025-06-03 15:30:00,496 - INFO - Status of [f89cd694 - Sunshade_Net] doesn't need to change
2025-06-03 15:30:00,597 - INFO - Received message on topic PoliTO_IotSmartFarm/Lingotto/Area_B/Position_01/Lightness/f47ac10b/Sunshade_Net: {"bn": "PoliTO_IotSmartFarm/Lingotto/Area_B/Position_01/Lightness/f47ac10b/Sunshade_Net", "e": [{"n": "Lightness", "u": "lx", "t": 1748957404.6164777, "v": false}]}
2025-06-03 15:30:00,597 - INFO - Status of [f89cd694 - Sunshade_Net] doesn't need to change
2025-06-03 15:30:00,785 - INFO - Received message on topic PoliTO_IotSmartFarm/Lingotto/Area_A/Position_02/Temperature/d559dc98/Heater: {"bn": "PoliTO_IotSmartFarm/Lingotto/Area_A/Position_02/Temperature/d559dc98/Heater", "e": [{"n": "Temperature", "u": "Cel", "t": 1748957404.7034476, "v": false}]}
2025-06-03 15:30:00,785 - INFO - Status of [fe3a3799 - Heater] doesn't need to change
2025-06-03 15:30:00,881 - INFO - Received message on topic PoliTO_IotSmartFarm/Lingotto/Area_A/Position_02/Temperature/d559dc98/Heater: {"bn": "PoliTO_IotSmartFarm/Lingotto/Area_A/Position_02/Temperature/d559dc98/Heater", "e": [{"n": "Temperature", "u": "Cel", "t": 1748957400.116913, "v": false}]}
2025-06-03 15:30:00,881 - INFO - Status of [fe3a3799 - Heater] doesn't need to change
2025-06-03 15:30:01,848 - INFO - Received message on topic PoliTO_IotSmartFarm/Lingotto/Area_B/Position_03/CO2_Concentration/faf26dec/Exhaust_Fan: {"bn": "PoliTO_IotSmartFarm/Lingotto/Area_B/Position_03/CO2_Concentration/faf26dec/Exhaust_Fan", "e": [{"n": "CO2_Concentration", "u": "ppm", "t": 1748957405.9585352, "v": false}]}
2025-06-03 15:30:01,848 - INFO - Status of [7e2e63ef - Exhaust_Fan] doesn't need to change
2025-06-03 15:30:01,944 - INFO - Received message on topic PoliTO_IotSmartFarm/Lingotto/Area_B/Position_03/CO2_Concentration/faf26dec/Exhaust_Fan: {"bn": "PoliTO_IotSmartFarm/Lingotto/Area_B/Position_03/CO2_Concentration/faf26dec/Exhaust_Fan", "e": [{"n": "CO2_Concentration", "u": "ppm", "t": 1748957401.3630488, "v": false}]}
2025-06-03 15:30:01,944 - INFO - Status of [7e2e63ef - Exhaust_Fan] doesn't need to change
2025-06-03 15:30:04,018 - INFO - Received message on topic PoliTO_IotSmartFarm/Lingotto/Area_A/Position_01/Temperature/9f42a1c3/Cooler: {"bn": "PoliTO_IotSmartFarm/Lingotto/Area_A/Position_01/Temperature/9f42a1c3/Cooler", "e": [{"n": "Temperature", "u": "Cel", "t": 1748957408.1293614, "v": false}]}
2025-06-03 15:30:04,018 - INFO - Status of [d0676e7b - Cooler] doesn't need to change
2025-06-03 15:30:04,116 - INFO - Received message on topic PoliTO_IotSmartFarm/Lingotto/Area_A/Position_01/Temperature/9f42a1c3/Cooler: {"bn": "PoliTO_IotSmartFarm/Lingotto/Area_A/Position_01/Temperature/9f42a1c3/Cooler", "e": [{"n": "Temperature", "u": "Cel", "t": 1748957403.5330713, "v": false}]}
2025-06-03 15:30:04,116 - INFO - Status of [d0676e7b - Cooler] doesn't need to change
2025-06-03 15:30:06,440 - INFO - Received message on topic PoliTO_IotSmartFarm/Lingotto/Area_B/Position_06/CO2_Concentration/9947c72f/Carbon_Dioxide_Generator: {"bn": "PoliTO_IotSmartFarm/Lingotto/Area_B/Position_06/CO2_Concentration/9947c72f/Carbon_Dioxide_Generator", "e": [{"n": "CO2_Concentration", "u": "ppm", "t": 1748957405.8604562, "v": false}]}
2025-06-03 15:30:06,440 - INFO - Status of [baf49b45 - Carbon_Dioxide_Generator] doesn't need to change
2025-06-03 15:30:06,533 - INFO - Received message on topic PoliTO_IotSmartFarm/Lingotto/Area_B/Position_06/CO2_Concentration/9947c72f/Carbon_Dioxide_Generator: {"bn": "PoliTO_IotSmartFarm/Lingotto/Area_B/Position_06/CO2_Concentration/9947c72f/Carbon_Dioxide_Generator", "e": [{"n": "CO2_Concentration", "u": "ppm", "t": 1748957410.4573684, "v": false}]}
2025-06-03 15:30:06,537 - INFO - Status of [baf49b45 - Carbon_Dioxide_Generator] doesn't need to change
2025-06-03 15:30:07,210 - INFO - Received message on topic PoliTO_IotSmartFarm/Lingotto/Area_D/Position_01/Soil_Moisture/a8830d33/Drip_Irrigation_Pipe: {"bn": "PoliTO_IotSmartFarm/Lingotto/Area_D/Position_01/Soil_Moisture/a8830d33/Drip_Irrigation_Pipe", "e": [{"n": "Soil_Moisture", "u": "%", "t": 1748957406.7278225, "v": false}]}
2025-06-03 15:30:07,212 - INFO - Status of [a3f7c79f - Drip_Irrigation_Pipe] doesn't need to change
2025-06-03 15:30:07,289 - INFO - Received message on topic PoliTO_IotSmartFarm/Lingotto/Area_B/Position_01/Lightness/f47ac10b/Sunshade_Net: {"bn": "PoliTO_IotSmartFarm/Lingotto/Area_B/Position_01/Lightness/f47ac10b/Sunshade_Net", "e": [{"n": "Lightness", "u": "lx", "t": 1748957406.8050587, "v": false}]}
2025-06-03 15:30:07,289 - INFO - Status of [f89cd694 - Sunshade_Net] doesn't need to change
2025-06-03 15:30:07,307 - INFO - Received message on topic PoliTO_IotSmartFarm/Lingotto/Area_D/Position_01/Soil_Moisture/a8830d33/Drip_Irrigation_Pipe: {"bn": "PoliTO_IotSmartFarm/Lingotto/Area_D/Position_01/Soil_Moisture/a8830d33/Drip_Irrigation_Pipe", "e": [{"n": "Soil_Moisture", "u": "%", "t": 1748957411.3284473, "v": false}]}
2025-06-03 15:30:07,307 - INFO - Status of [a3f7c79f - Drip_Irrigation_Pipe] doesn't need to change
2025-06-03 15:30:07,382 - INFO - Received message on topic PoliTO_IotSmartFarm/Lingotto/Area_B/Position_01/Lightness/f47ac10b/Sunshade_Net: {"bn": "PoliTO_IotSmartFarm/Lingotto/Area_B/Position_01/Lightness/f47ac10b/Sunshade_Net", "e": [{"n": "Lightness", "u": "lx", "t": 1748957411.4020863, "v": false}]}
2025-06-03 15:30:07,382 - INFO - Status of [f89cd694 - Sunshade_Net] doesn't need to change
2025-06-03 15:30:07,480 - INFO - Received message on topic PoliTO_IotSmartFarm/Lingotto/Area_A/Position_02/Temperature/d559dc98/Heater: {"bn": "PoliTO_IotSmartFarm/Lingotto/Area_A/Position_02/Temperature/d559dc98/Heater", "e": [{"n": "Temperature", "u": "Cel", "t": 1748957406.804175, "v": false}]}
2025-06-03 15:30:07,480 - INFO - Status of [fe3a3799 - Heater] doesn't need to change
2025-06-03 15:30:07,577 - INFO - Received message on topic PoliTO_IotSmartFarm/Lingotto/Area_A/Position_02/Temperature/d559dc98/Heater: {"bn": "PoliTO_IotSmartFarm/Lingotto/Area_A/Position_02/Temperature/d559dc98/Heater", "e": [{"n": "Temperature", "u": "Cel", "t": 1748957411.403089, "v": false}]}
2025-06-03 15:30:07,577 - INFO - Status of [fe3a3799 - Heater] doesn't need to change
2025-06-03 15:30:07,812 - INFO - Received message on topic PoliTO_IotSmartFarm/Lingotto/Area_A/Position_01/Temperature/9f42a1c3/Cooler: {"bn": "PoliTO_IotSmartFarm/Lingotto/Area_A/Position_01/Temperature/9f42a1c3/Cooler", "e": [{"n": "Temperature", "u": "Cel", "t": 1748957407.1877587, "v": false}]}
2025-06-03 15:30:07,812 - INFO - Status of [d0676e7b - Cooler] doesn't need to change
2025-06-03 15:30:07,912 - INFO - Received message on topic PoliTO_IotSmartFarm/Lingotto/Area_A/Position_01/Temperature/9f42a1c3/Cooler: {"bn": "PoliTO_IotSmartFarm/Lingotto/Area_A/Position_01/Temperature/9f42a1c3/Cooler", "e": [{"n": "Temperature", "u": "Cel", "t": 1748957411.7950451, "v": false}]}
2025-06-03 15:30:07,913 - INFO - Status of [d0676e7b - Cooler] doesn't need to change
2025-06-03 15:30:07,928 - INFO - Received message on topic PoliTO_IotSmartFarm/Lingotto/Area_B/Position_03/CO2_Concentration/faf26dec/Exhaust_Fan: {"bn": "PoliTO_IotSmartFarm/Lingotto/Area_B/Position_03/CO2_Concentration/faf26dec/Exhaust_Fan", "e": [{"n": "CO2_Concentration", "u": "ppm", "t": 1748957407.4443724, "v": false}]}
2025-06-03 15:30:07,928 - INFO - Status of [7e2e63ef - Exhaust_Fan] doesn't need to change
2025-06-03 15:30:08,026 - INFO - Received message on topic PoliTO_IotSmartFarm/Lingotto/Area_B/Position_03/CO2_Concentration/faf26dec/Exhaust_Fan: {"bn": "PoliTO_IotSmartFarm/Lingotto/Area_B/Position_03/CO2_Concentration/faf26dec/Exhaust_Fan", "e": [{"n": "CO2_Concentration", "u": "ppm", "t": 1748957411.9517124, "v": false}]}
2025-06-03 15:30:08,026 - INFO - Status of [7e2e63ef - Exhaust_Fan] doesn't need to change
2025-06-03 15:30:08,181 - INFO - Received message on topic PoliTO_IotSmartFarm/Lingotto/Area_D/Position_01/Soil_Moisture/a8830d33/Drip_Irrigation_Pipe: {"bn": "PoliTO_IotSmartFarm/Lingotto/Area_D/Position_01/Soil_Moisture/a8830d33/Drip_Irrigation_Pipe", "e": [{"n": "Soil_Moisture", "u": "%", "t": 1748957407.6961758, "v": false}]}
2025-06-03 15:30:08,181 - INFO - Status of [a3f7c79f - Drip_Irrigation_Pipe] doesn't need to change
2025-06-03 15:30:08,278 - INFO - Received message on topic PoliTO_IotSmartFarm/Lingotto/Area_D/Position_01/Soil_Moisture/a8830d33/Drip_Irrigation_Pipe: {"bn": "PoliTO_IotSmartFarm/Lingotto/Area_D/Position_01/Soil_Moisture/a8830d33/Drip_Irrigation_Pipe", "e": [{"n": "Soil_Moisture", "u": "%", "t": 1748957412.3014703, "v": false}]}
2025-06-03 15:30:08,278 - INFO - Status of [a3f7c79f - Drip_Irrigation_Pipe] doesn't need to change
2025-06-03 15:30:10,853 - INFO - Received message on topic PoliTO_IotSmartFarm/Lingotto/Area_B/Position_03/CO2_Concentration/faf26dec/Exhaust_Fan: {"bn": "PoliTO_IotSmartFarm/Lingotto/Area_B/Position_03/CO2_Concentration/faf26dec/Exhaust_Fan", "e": [{"n": "CO2_Concentration", "u": "ppm", "t": 1748957410.3750308, "v": false}]}
2025-06-03 15:30:10,857 - INFO - Status of [7e2e63ef - Exhaust_Fan] doesn't need to change
2025-06-03 15:30:10,951 - INFO - Received message on topic PoliTO_IotSmartFarm/Lingotto/Area_B/Position_03/CO2_Concentration/faf26dec/Exhaust_Fan: {"bn": "PoliTO_IotSmartFarm/Lingotto/Area_B/Position_03/CO2_Concentration/faf26dec/Exhaust_Fan", "e": [{"n": "CO2_Concentration", "u": "ppm", "t": 1748957414.972947, "v": false}]}
2025-06-03 15:30:10,951 - INFO - Status of [7e2e63ef - Exhaust_Fan] doesn't need to change
2025-06-03 15:30:12,169 - INFO - Received message on topic PoliTO_IotSmartFarm/Lingotto/Area_B/Position_06/CO2_Concentration/9947c72f/Carbon_Dioxide_Generator: {"bn": "PoliTO_IotSmartFarm/Lingotto/Area_B/Position_06/CO2_Concentration/9947c72f/Carbon_Dioxide_Generator", "e": [{"n": "CO2_Concentration", "u": "ppm", "t": 1748957411.5868745, "v": false}]}
2025-06-03 15:30:12,170 - INFO - Status of [baf49b45 - Carbon_Dioxide_Generator] doesn't need to change
2025-06-03 15:30:12,267 - INFO - Received message on topic PoliTO_IotSmartFarm/Lingotto/Area_B/Position_06/CO2_Concentration/9947c72f/Carbon_Dioxide_Generator: {"bn": "PoliTO_IotSmartFarm/Lingotto/Area_B/Position_06/CO2_Concentration/9947c72f/Carbon_Dioxide_Generator", "e": [{"n": "CO2_Concentration", "u": "ppm", "t": 1748957416.187582, "v": false}]}
2025-06-03 15:30:12,268 - INFO - Status of [baf49b45 - Carbon_Dioxide_Generator] doesn't need to change
2025-06-03 15:30:12,270 - INFO - Received message on topic PoliTO_IotSmartFarm/Lingotto/Area_B/Position_03/Lightness/c3d47900/LED_Light: {"bn": "PoliTO_IotSmartFarm/Lingotto/Area_B/Position_03/Lightness/c3d47900/LED_Light", "e": [{"n": "Lightness", "u": "lx", "t": 1748957416.286299, "v": false}]}
2025-06-03 15:30:12,270 - INFO - Status of [b6c46f2c - LED_Light] doesn't need to change
2025-06-03 15:30:12,370 - INFO - Received message on topic PoliTO_IotSmartFarm/Lingotto/Area_B/Position_03/Lightness/c3d47900/LED_Light: {"bn": "PoliTO_IotSmartFarm/Lingotto/Area_B/Position_03/Lightness/c3d47900/LED_Light", "e": [{"n": "Lightness", "u": "lx", "t": 1748957411.687916, "v": false}]}
2025-06-03 15:30:12,371 - INFO - Status of [b6c46f2c - LED_Light] doesn't need to change
2025-06-03 15:30:13,515 - INFO - Received message on topic PoliTO_IotSmartFarm/Lingotto/Area_B/Position_01/Lightness/f47ac10b/Sunshade_Net: {"bn": "PoliTO_IotSmartFarm/Lingotto/Area_B/Position_01/Lightness/f47ac10b/Sunshade_Net", "e": [{"n": "Lightness", "u": "lx", "t": 1748957417.6232376, "v": false}]}
2025-06-03 15:30:13,516 - INFO - Status of [f89cd694 - Sunshade_Net] doesn't need to change
2025-06-03 15:30:13,612 - INFO - Received message on topic PoliTO_IotSmartFarm/Lingotto/Area_B/Position_01/Lightness/f47ac10b/Sunshade_Net: {"bn": "PoliTO_IotSmartFarm/Lingotto/Area_B/Position_01/Lightness/f47ac10b/Sunshade_Net", "e": [{"n": "Lightness", "u": "lx", "t": 1748957413.0259264, "v": false}]}
2025-06-03 15:30:13,612 - INFO - Status of [f89cd694 - Sunshade_Net] doesn't need to change
2025-06-03 15:30:13,614 - INFO - Received message on topic PoliTO_IotSmartFarm/Lingotto/Area_A/Position_02/Temperature/d559dc98/Heater: {"bn": "PoliTO_IotSmartFarm/Lingotto/Area_A/Position_02/Temperature/d559dc98/Heater", "e": [{"n": "Temperature", "u": "Cel", "t": 1748957417.6246078, "v": false}]}
2025-06-03 15:30:13,614 - INFO - Status of [fe3a3799 - Heater] doesn't need to change
2025-06-03 15:30:13,709 - INFO - Received message on topic PoliTO_IotSmartFarm/Lingotto/Area_A/Position_02/Temperature/d559dc98/Heater: {"bn": "PoliTO_IotSmartFarm/Lingotto/Area_A/Position_02/Temperature/d559dc98/Heater", "e": [{"n": "Temperature", "u": "Cel", "t": 1748957413.0259264, "v": false}]}
2025-06-03 15:30:13,709 - INFO - Status of [fe3a3799 - Heater] doesn't need to change
2025-06-03 15:30:15,011 - INFO - Received message on topic PoliTO_IotSmartFarm/Lingotto/Area_A/Position_01/Temperature/9f42a1c3/Cooler: {"bn": "PoliTO_IotSmartFarm/Lingotto/Area_A/Position_01/Temperature/9f42a1c3/Cooler", "e": [{"n": "Temperature", "u": "Cel", "t": 1748957414.5290425, "v": false}]}
2025-06-03 15:30:15,011 - INFO - Status of [d0676e7b - Cooler] doesn't need to change
2025-06-03 15:30:15,106 - INFO - Received message on topic PoliTO_IotSmartFarm/Lingotto/Area_A/Position_01/Temperature/9f42a1c3/Cooler: {"bn": "PoliTO_IotSmartFarm/Lingotto/Area_A/Position_01/Temperature/9f42a1c3/Cooler", "e": [{"n": "Temperature", "u": "Cel", "t": 1748957419.1269004, "v": false}]}
2025-06-03 15:30:15,106 - INFO - Status of [d0676e7b - Cooler] doesn't need to change
2025-06-03 15:30:15,968 - INFO - Received message on topic PoliTO_IotSmartFarm/Lingotto/Area_B/Position_03/Lightness/c3d47900/LED_Light: {"bn": "PoliTO_IotSmartFarm/Lingotto/Area_B/Position_03/Lightness/c3d47900/LED_Light", "e": [{"n": "Lightness", "u": "lx", "t": 1748957419.9836237, "v": false}]}
2025-06-03 15:30:15,968 - INFO - Status of [b6c46f2c - LED_Light] doesn't need to change
2025-06-03 15:30:16,064 - INFO - Received message on topic PoliTO_IotSmartFarm/Lingotto/Area_B/Position_03/Lightness/c3d47900/LED_Light: {"bn": "PoliTO_IotSmartFarm/Lingotto/Area_B/Position_03/Lightness/c3d47900/LED_Light", "e": [{"n": "Lightness", "u": "lx", "t": 1748957415.3841593, "v": false}]}
2025-06-03 15:30:16,064 - INFO - Status of [b6c46f2c - LED_Light] doesn't need to change
2025-06-03 15:30:16,653 - INFO - Received message on topic PoliTO_IotSmartFarm/Lingotto/Area_B/Position_03/CO2_Concentration/faf26dec/Exhaust_Fan: {"bn": "PoliTO_IotSmartFarm/Lingotto/Area_B/Position_03/CO2_Concentration/faf26dec/Exhaust_Fan", "e": [{"n": "CO2_Concentration", "u": "ppm", "t": 1748957416.171442, "v": false}]}
2025-06-03 15:30:16,653 - INFO - Status of [7e2e63ef - Exhaust_Fan] doesn't need to change
2025-06-03 15:30:16,752 - INFO - Received message on topic PoliTO_IotSmartFarm/Lingotto/Area_B/Position_03/CO2_Concentration/faf26dec/Exhaust_Fan: {"bn": "PoliTO_IotSmartFarm/Lingotto/Area_B/Position_03/CO2_Concentration/faf26dec/Exhaust_Fan", "e": [{"n": "CO2_Concentration", "u": "ppm", "t": 1748957420.7657099, "v": false}]}
2025-06-03 15:30:16,752 - INFO - Status of [7e2e63ef - Exhaust_Fan] doesn't need to change
2025-06-03 15:30:18,471 - INFO - Received message on topic PoliTO_IotSmartFarm/Lingotto/Area_A/Position_01/Temperature/9f42a1c3/Cooler: {"bn": "PoliTO_IotSmartFarm/Lingotto/Area_A/Position_01/Temperature/9f42a1c3/Cooler", "e": [{"n": "Temperature", "u": "Cel", "t": 1748957422.5812836, "v": false}]}
2025-06-03 15:30:18,471 - INFO - Status of [d0676e7b - Cooler] doesn't need to change
2025-06-03 15:30:18,567 - INFO - Received message on topic PoliTO_IotSmartFarm/Lingotto/Area_A/Position_01/Temperature/9f42a1c3/Cooler: {"bn": "PoliTO_IotSmartFarm/Lingotto/Area_A/Position_01/Temperature/9f42a1c3/Cooler", "e": [{"n": "Temperature", "u": "Cel", "t": 1748957417.9826953, "v": false}]}
2025-06-03 15:30:18,567 - INFO - Status of [d0676e7b - Cooler] doesn't need to change
2025-06-03 15:30:19,874 - INFO - Received message on topic PoliTO_IotSmartFarm/Lingotto/Area_B/Position_03/CO2_Concentration/faf26dec/Exhaust_Fan: {"bn": "PoliTO_IotSmartFarm/Lingotto/Area_B/Position_03/CO2_Concentration/faf26dec/Exhaust_Fan", "e": [{"n": "CO2_Concentration", "u": "ppm", "t": 1748957419.3891976, "v": false}]}
2025-06-03 15:30:19,874 - INFO - Status of [7e2e63ef - Exhaust_Fan] doesn't need to change
2025-06-03 15:30:19,972 - INFO - Received message on topic PoliTO_IotSmartFarm/Lingotto/Area_B/Position_03/CO2_Concentration/faf26dec/Exhaust_Fan: {"bn": "PoliTO_IotSmartFarm/Lingotto/Area_B/Position_03/CO2_Concentration/faf26dec/Exhaust_Fan", "e": [{"n": "CO2_Concentration", "u": "ppm", "t": 1748957423.988287, "v": false}]}
2025-06-03 15:30:19,972 - INFO - Status of [7e2e63ef - Exhaust_Fan] doesn't need to change
2025-06-03 15:30:20,296 - INFO - Received message on topic PoliTO_IotSmartFarm/Lingotto/Area_B/Position_01/Lightness/f47ac10b/Sunshade_Net: {"bn": "PoliTO_IotSmartFarm/Lingotto/Area_B/Position_01/Lightness/f47ac10b/Sunshade_Net", "e": [{"n": "Lightness", "u": "lx", "t": 1748957424.4096835, "v": false}]}
2025-06-03 15:30:20,297 - INFO - Status of [f89cd694 - Sunshade_Net] doesn't need to change
2025-06-03 15:30:20,394 - INFO - Received message on topic PoliTO_IotSmartFarm/Lingotto/Area_B/Position_01/Lightness/f47ac10b/Sunshade_Net: {"bn": "PoliTO_IotSmartFarm/Lingotto/Area_B/Position_01/Lightness/f47ac10b/Sunshade_Net", "e": [{"n": "Lightness", "u": "lx", "t": 1748957419.8120255, "v": false}]}
2025-06-03 15:30:20,394 - INFO - Status of [f89cd694 - Sunshade_Net] doesn't need to change
2025-06-03 15:30:20,397 - INFO - Received message on topic PoliTO_IotSmartFarm/Lingotto/Area_A/Position_02/Temperature/d559dc98/Heater: {"bn": "PoliTO_IotSmartFarm/Lingotto/Area_A/Position_02/Temperature/d559dc98/Heater", "e": [{"n": "Temperature", "u": "Cel", "t": 1748957419.8120255, "v": false}]}
2025-06-03 15:30:20,398 - INFO - Status of [fe3a3799 - Heater] doesn't need to change
2025-06-03 15:30:20,497 - INFO - Received message on topic PoliTO_IotSmartFarm/Lingotto/Area_A/Position_02/Temperature/d559dc98/Heater: {"bn": "PoliTO_IotSmartFarm/Lingotto/Area_A/Position_02/Temperature/d559dc98/Heater", "e": [{"n": "Temperature", "u": "Cel", "t": 1748957424.4096835, "v": false}]}
2025-06-03 15:30:20,497 - INFO - Status of [fe3a3799 - Heater] doesn't need to change
2025-06-03 15:30:25,437 - INFO - Received message on topic PoliTO_IotSmartFarm/Lingotto/Area_B/Position_06/CO2_Concentration/9947c72f/Carbon_Dioxide_Generator: {"bn": "PoliTO_IotSmartFarm/Lingotto/Area_B/Position_06/CO2_Concentration/9947c72f/Carbon_Dioxide_Generator", "e": [{"n": "CO2_Concentration", "u": "ppm", "t": 1748957424.8629563, "v": false}]}
2025-06-03 15:30:25,437 - INFO - Status of [baf49b45 - Carbon_Dioxide_Generator] doesn't need to change
2025-06-03 15:30:25,537 - INFO - Received message on topic PoliTO_IotSmartFarm/Lingotto/Area_B/Position_06/CO2_Concentration/9947c72f/Carbon_Dioxide_Generator: {"bn": "PoliTO_IotSmartFarm/Lingotto/Area_B/Position_06/CO2_Concentration/9947c72f/Carbon_Dioxide_Generator", "e": [{"n": "CO2_Concentration", "u": "ppm", "t": 1748957429.4633584, "v": false}]}
2025-06-03 15:30:25,537 - INFO - Status of [baf49b45 - Carbon_Dioxide_Generator] doesn't need to change
2025-06-03 15:30:25,962 - INFO - Received message on topic PoliTO_IotSmartFarm/Lingotto/Area_B/Position_03/CO2_Concentration/faf26dec/Exhaust_Fan: {"bn": "PoliTO_IotSmartFarm/Lingotto/Area_B/Position_03/CO2_Concentration/faf26dec/Exhaust_Fan", "e": [{"n": "CO2_Concentration", "u": "ppm", "t": 1748957425.4822798, "v": false}]}
2025-06-03 15:30:25,962 - INFO - Status of [7e2e63ef - Exhaust_Fan] doesn't need to change
2025-06-03 15:30:26,015 - INFO - Received message on topic PoliTO_IotSmartFarm/Lingotto/Area_A/Position_01/Temperature/9f42a1c3/Cooler: {"bn": "PoliTO_IotSmartFarm/Lingotto/Area_A/Position_01/Temperature/9f42a1c3/Cooler", "e": [{"n": "Temperature", "u": "Cel", "t": 1748957430.1265466, "v": false}]}
2025-06-03 15:30:26,015 - INFO - Status of [d0676e7b - Cooler] doesn't need to change
2025-06-03 15:30:26,057 - INFO - Received message on topic PoliTO_IotSmartFarm/Lingotto/Area_B/Position_03/CO2_Concentration/faf26dec/Exhaust_Fan: {"bn": "PoliTO_IotSmartFarm/Lingotto/Area_B/Position_03/CO2_Concentration/faf26dec/Exhaust_Fan", "e": [{"n": "CO2_Concentration", "u": "ppm", "t": 1748957430.087716, "v": false}]}
2025-06-03 15:30:26,058 - INFO - Status of [7e2e63ef - Exhaust_Fan] doesn't need to change
2025-06-03 15:30:26,114 - INFO - Received message on topic PoliTO_IotSmartFarm/Lingotto/Area_A/Position_01/Temperature/9f42a1c3/Cooler: {"bn": "PoliTO_IotSmartFarm/Lingotto/Area_A/Position_01/Temperature/9f42a1c3/Cooler", "e": [{"n": "Temperature", "u": "Cel", "t": 1748957425.5321844, "v": false}]}
2025-06-03 15:30:26,114 - INFO - Status of [d0676e7b - Cooler] doesn't need to change
2025-06-03 15:30:26,517 - INFO - Received message on topic PoliTO_IotSmartFarm/Lingotto/Area_B/Position_01/Lightness/f47ac10b/Sunshade_Net: {"bn": "PoliTO_IotSmartFarm/Lingotto/Area_B/Position_01/Lightness/f47ac10b/Sunshade_Net", "e": [{"n": "Lightness", "u": "lx", "t": 1748957430.6309836, "v": false}]}
2025-06-03 15:30:26,517 - INFO - Status of [f89cd694 - Sunshade_Net] doesn't need to change
2025-06-03 15:30:26,614 - INFO - Received message on topic PoliTO_IotSmartFarm/Lingotto/Area_B/Position_01/Lightness/f47ac10b/Sunshade_Net: {"bn": "PoliTO_IotSmartFarm/Lingotto/Area_B/Position_01/Lightness/f47ac10b/Sunshade_Net", "e": [{"n": "Lightness", "u": "lx", "t": 1748957426.0322616, "v": false}]}
2025-06-03 15:30:26,614 - INFO - Status of [f89cd694 - Sunshade_Net] doesn't need to change
2025-06-03 15:30:26,746 - INFO - Received message on topic PoliTO_IotSmartFarm/Lingotto/Area_A/Position_02/Temperature/d559dc98/Heater: {"bn": "PoliTO_IotSmartFarm/Lingotto/Area_A/Position_02/Temperature/d559dc98/Heater", "e": [{"n": "Temperature", "u": "Cel", "t": 1748957430.75969, "v": false}]}
2025-06-03 15:30:26,746 - INFO - Status of [fe3a3799 - Heater] doesn't need to change
2025-06-03 15:30:26,843 - INFO - Received message on topic PoliTO_IotSmartFarm/Lingotto/Area_A/Position_02/Temperature/d559dc98/Heater: {"bn": "PoliTO_IotSmartFarm/Lingotto/Area_A/Position_02/Temperature/d559dc98/Heater", "e": [{"n": "Temperature", "u": "Cel", "t": 1748957426.1675112, "v": false}]}
2025-06-03 15:30:26,843 - INFO - Status of [fe3a3799 - Heater] doesn't need to change
2025-06-03 15:30:28,887 - INFO - Received message on topic PoliTO_IotSmartFarm/Lingotto/Area_B/Position_03/CO2_Concentration/faf26dec/Exhaust_Fan: {"bn": "PoliTO_IotSmartFarm/Lingotto/Area_B/Position_03/CO2_Concentration/faf26dec/Exhaust_Fan", "e": [{"n": "CO2_Concentration", "u": "ppm", "t": 1748957428.400532, "v": false}]}
2025-06-03 15:30:28,887 - INFO - Status of [7e2e63ef - Exhaust_Fan] doesn't need to change
2025-06-03 15:30:28,984 - INFO - Received message on topic PoliTO_IotSmartFarm/Lingotto/Area_B/Position_03/CO2_Concentration/faf26dec/Exhaust_Fan: {"bn": "PoliTO_IotSmartFarm/Lingotto/Area_B/Position_03/CO2_Concentration/faf26dec/Exhaust_Fan", "e": [{"n": "CO2_Concentration", "u": "ppm", "t": 1748957432.9991474, "v": false}]}
2025-06-03 15:30:28,984 - INFO - Status of [7e2e63ef - Exhaust_Fan] doesn't need to change
2025-06-03 15:30:29,279 - INFO - Received message on topic PoliTO_IotSmartFarm/Lingotto/Area_B/Position_03/Lightness/c3d47900/LED_Light: {"bn": "PoliTO_IotSmartFarm/Lingotto/Area_B/Position_03/Lightness/c3d47900/LED_Light", "e": [{"n": "Lightness", "u": "lx", "t": 1748957428.699399, "v": false}]}
2025-06-03 15:30:29,279 - INFO - Status of [b6c46f2c - LED_Light] doesn't need to change
2025-06-03 15:30:29,377 - INFO - Received message on topic PoliTO_IotSmartFarm/Lingotto/Area_B/Position_03/Lightness/c3d47900/LED_Light: {"bn": "PoliTO_IotSmartFarm/Lingotto/Area_B/Position_03/Lightness/c3d47900/LED_Light", "e": [{"n": "Lightness", "u": "lx", "t": 1748957433.299086, "v": false}]}
2025-06-03 15:30:29,378 - INFO - Status of [b6c46f2c - LED_Light] doesn't need to change
2025-06-03 15:30:29,469 - INFO - Received message on topic PoliTO_IotSmartFarm/Lingotto/Area_A/Position_01/Temperature/9f42a1c3/Cooler: {"bn": "PoliTO_IotSmartFarm/Lingotto/Area_A/Position_01/Temperature/9f42a1c3/Cooler", "e": [{"n": "Temperature", "u": "Cel", "t": 1748957428.986579, "v": false}]}
2025-06-03 15:30:29,469 - INFO - Status of [d0676e7b - Cooler] doesn't need to change
2025-06-03 15:30:29,565 - INFO - Received message on topic PoliTO_IotSmartFarm/Lingotto/Area_A/Position_01/Temperature/9f42a1c3/Cooler: {"bn": "PoliTO_IotSmartFarm/Lingotto/Area_A/Position_01/Temperature/9f42a1c3/Cooler", "e": [{"n": "Temperature", "u": "Cel", "t": 1748957433.5872748, "v": false}]}
2025-06-03 15:30:29,565 - INFO - Status of [d0676e7b - Cooler] doesn't need to change
2025-06-03 15:30:30,262 - INFO - Received message on topic PoliTO_IotSmartFarm/Lingotto/Area_D/Position_01/Soil_Moisture/a8830d33/Drip_Irrigation_Pipe: {"bn": "PoliTO_IotSmartFarm/Lingotto/Area_D/Position_01/Soil_Moisture/a8830d33/Drip_Irrigation_Pipe", "e": [{"n": "Soil_Moisture", "u": "%", "t": 1748957429.7424464, "v": false}]}
2025-06-03 15:30:30,263 - INFO - Status of [a3f7c79f - Drip_Irrigation_Pipe] doesn't need to change
2025-06-03 15:30:30,358 - INFO - Received message on topic PoliTO_IotSmartFarm/Lingotto/Area_D/Position_01/Soil_Moisture/a8830d33/Drip_Irrigation_Pipe: {"bn": "PoliTO_IotSmartFarm/Lingotto/Area_D/Position_01/Soil_Moisture/a8830d33/Drip_Irrigation_Pipe", "e": [{"n": "Soil_Moisture", "u": "%", "t": 1748957434.3414242, "v": false}]}
2025-06-03 15:30:30,358 - INFO - Status of [a3f7c79f - Drip_Irrigation_Pipe] doesn't need to change
2025-06-03 15:30:31,106 - INFO - Received message on topic PoliTO_IotSmartFarm/Lingotto/Area_D/Position_01/Soil_Moisture/a8830d33/Drip_Irrigation_Pipe: {"bn": "PoliTO_IotSmartFarm/Lingotto/Area_D/Position_01/Soil_Moisture/a8830d33/Drip_Irrigation_Pipe", "e": [{"n": "Soil_Moisture", "u": "%", "t": 1748957435.1816425, "v": false}]}
2025-06-03 15:30:31,106 - INFO - Status of [a3f7c79f - Drip_Irrigation_Pipe] doesn't need to change
2025-06-03 15:30:31,178 - INFO - Received message on topic PoliTO_IotSmartFarm/Lingotto/Area_B/Position_06/CO2_Concentration/9947c72f/Carbon_Dioxide_Generator: {"bn": "PoliTO_IotSmartFarm/Lingotto/Area_B/Position_06/CO2_Concentration/9947c72f/Carbon_Dioxide_Generator", "e": [{"n": "CO2_Concentration", "u": "ppm", "t": 1748957430.6011274, "v": false}]}
2025-06-03 15:30:31,178 - INFO - Status of [baf49b45 - Carbon_Dioxide_Generator] doesn't need to change
2025-06-03 15:30:31,205 - INFO - Received message on topic PoliTO_IotSmartFarm/Lingotto/Area_D/Position_01/Soil_Moisture/a8830d33/Drip_Irrigation_Pipe: {"bn": "PoliTO_IotSmartFarm/Lingotto/Area_D/Position_01/Soil_Moisture/a8830d33/Drip_Irrigation_Pipe", "e": [{"n": "Soil_Moisture", "u": "%", "t": 1748957430.5888643, "v": false}]}
2025-06-03 15:30:31,205 - INFO - Status of [a3f7c79f - Drip_Irrigation_Pipe] doesn't need to change
2025-06-03 15:30:31,279 - INFO - Received message on topic PoliTO_IotSmartFarm/Lingotto/Area_B/Position_06/CO2_Concentration/9947c72f/Carbon_Dioxide_Generator: {"bn": "PoliTO_IotSmartFarm/Lingotto/Area_B/Position_06/CO2_Concentration/9947c72f/Carbon_Dioxide_Generator", "e": [{"n": "CO2_Concentration", "u": "ppm", "t": 1748957435.2010608, "v": false}]}
2025-06-03 15:30:31,279 - INFO - Status of [baf49b45 - Carbon_Dioxide_Generator] doesn't need to change
2025-06-03 15:30:32,972 - INFO - Received message on topic PoliTO_IotSmartFarm/Lingotto/Area_B/Position_03/Lightness/c3d47900/LED_Light: {"bn": "PoliTO_IotSmartFarm/Lingotto/Area_B/Position_03/Lightness/c3d47900/LED_Light", "e": [{"n": "Lightness", "u": "lx", "t": 1748957432.3963127, "v": false}]}
2025-06-03 15:30:32,972 - INFO - Status of [b6c46f2c - LED_Light] doesn't need to change
2025-06-03 15:30:33,069 - INFO - Received message on topic PoliTO_IotSmartFarm/Lingotto/Area_B/Position_03/Lightness/c3d47900/LED_Light: {"bn": "PoliTO_IotSmartFarm/Lingotto/Area_B/Position_03/Lightness/c3d47900/LED_Light", "e": [{"n": "Lightness", "u": "lx", "t": 1748957436.9964097, "v": false}]}
2025-06-03 15:30:33,069 - INFO - Status of [b6c46f2c - LED_Light] doesn't need to change
2025-06-03 15:30:33,511 - INFO - Received message on topic PoliTO_IotSmartFarm/Lingotto/Area_B/Position_01/Lightness/f47ac10b/Sunshade_Net: {"bn": "PoliTO_IotSmartFarm/Lingotto/Area_B/Position_01/Lightness/f47ac10b/Sunshade_Net", "e": [{"n": "Lightness", "u": "lx", "t": 1748957433.0249298, "v": false}]}
2025-06-03 15:30:33,511 - INFO - Status of [f89cd694 - Sunshade_Net] doesn't need to change
2025-06-03 15:30:33,606 - INFO - Received message on topic PoliTO_IotSmartFarm/Lingotto/Area_B/Position_01/Lightness/f47ac10b/Sunshade_Net: {"bn": "PoliTO_IotSmartFarm/Lingotto/Area_B/Position_01/Lightness/f47ac10b/Sunshade_Net", "e": [{"n": "Lightness", "u": "lx", "t": 1748957437.6329403, "v": false}]}
2025-06-03 15:30:33,606 - INFO - Status of [f89cd694 - Sunshade_Net] doesn't need to change
2025-06-03 15:30:33,773 - INFO - Received message on topic PoliTO_IotSmartFarm/Lingotto/Area_A/Position_02/Temperature/d559dc98/Heater: {"bn": "PoliTO_IotSmartFarm/Lingotto/Area_A/Position_02/Temperature/d559dc98/Heater", "e": [{"n": "Temperature", "u": "Cel", "t": 1748957433.189418, "v": false}]}
2025-06-03 15:30:33,773 - INFO - Status of [fe3a3799 - Heater] doesn't need to change
2025-06-03 15:30:33,874 - INFO - Received message on topic PoliTO_IotSmartFarm/Lingotto/Area_A/Position_02/Temperature/d559dc98/Heater: {"bn": "PoliTO_IotSmartFarm/Lingotto/Area_A/Position_02/Temperature/d559dc98/Heater", "e": [{"n": "Temperature", "u": "Cel", "t": 1748957437.803089, "v": false}]}
2025-06-03 15:30:33,874 - INFO - Status of [fe3a3799 - Heater] doesn't need to change
2025-06-03 15:30:34,675 - INFO - Received message on topic PoliTO_IotSmartFarm/Lingotto/Area_B/Position_03/CO2_Concentration/faf26dec/Exhaust_Fan: {"bn": "PoliTO_IotSmartFarm/Lingotto/Area_B/Position_03/CO2_Concentration/faf26dec/Exhaust_Fan", "e": [{"n": "CO2_Concentration", "u": "ppm", "t": 1748957434.190235, "v": false}]}
2025-06-03 15:30:34,678 - INFO - Status of [7e2e63ef - Exhaust_Fan] doesn't need to change
2025-06-03 15:30:34,777 - INFO - Received message on topic PoliTO_IotSmartFarm/Lingotto/Area_B/Position_03/CO2_Concentration/faf26dec/Exhaust_Fan: {"bn": "PoliTO_IotSmartFarm/Lingotto/Area_B/Position_03/CO2_Concentration/faf26dec/Exhaust_Fan", "e": [{"n": "CO2_Concentration", "u": "ppm", "t": 1748957438.7907748, "v": false}]}
2025-06-03 15:30:34,777 - INFO - Status of [7e2e63ef - Exhaust_Fan] doesn't need to change
2025-06-03 15:30:37,025 - INFO - Received message on topic PoliTO_IotSmartFarm/Lingotto/Area_A/Position_01/Temperature/9f42a1c3/Cooler: {"bn": "PoliTO_IotSmartFarm/Lingotto/Area_A/Position_01/Temperature/9f42a1c3/Cooler", "e": [{"n": "Temperature", "u": "Cel", "t": 1748957441.1391258, "v": false}]}
2025-06-03 15:30:37,025 - INFO - Status of [d0676e7b - Cooler] doesn't need to change
2025-06-03 15:30:37,121 - INFO - Received message on topic PoliTO_IotSmartFarm/Lingotto/Area_A/Position_01/Temperature/9f42a1c3/Cooler: {"bn": "PoliTO_IotSmartFarm/Lingotto/Area_A/Position_01/Temperature/9f42a1c3/Cooler", "e": [{"n": "Temperature", "u": "Cel", "t": 1748957436.538759, "v": false}]}
2025-06-03 15:30:37,121 - INFO - Status of [d0676e7b - Cooler] doesn't need to change
2025-06-03 15:30:37,890 - INFO - Received message on topic PoliTO_IotSmartFarm/Lingotto/Area_B/Position_03/CO2_Concentration/faf26dec/Exhaust_Fan: {"bn": "PoliTO_IotSmartFarm/Lingotto/Area_B/Position_03/CO2_Concentration/faf26dec/Exhaust_Fan", "e": [{"n": "CO2_Concentration", "u": "ppm", "t": 1748957437.4083216, "v": false}]}
2025-06-03 15:30:37,890 - INFO - Status of [7e2e63ef - Exhaust_Fan] doesn't need to change
2025-06-03 15:30:37,987 - INFO - Received message on topic PoliTO_IotSmartFarm/Lingotto/Area_B/Position_03/CO2_Concentration/faf26dec/Exhaust_Fan: {"bn": "PoliTO_IotSmartFarm/Lingotto/Area_B/Position_03/CO2_Concentration/faf26dec/Exhaust_Fan", "e": [{"n": "CO2_Concentration", "u": "ppm", "t": 1748957442.0082722, "v": false}]}
2025-06-03 15:30:37,987 - INFO - Status of [7e2e63ef - Exhaust_Fan] doesn't need to change
2025-06-03 15:30:39,526 - INFO - Received message on topic PoliTO_IotSmartFarm/Lingotto/Area_B/Position_01/Lightness/f47ac10b/Sunshade_Net: {"bn": "PoliTO_IotSmartFarm/Lingotto/Area_B/Position_01/Lightness/f47ac10b/Sunshade_Net", "e": [{"n": "Lightness", "u": "lx", "t": 1748957443.6376867, "v": false}]}
2025-06-03 15:30:39,526 - INFO - Status of [f89cd694 - Sunshade_Net] doesn't need to change
2025-06-03 15:30:39,616 - INFO - Received message on topic PoliTO_IotSmartFarm/Lingotto/Area_A/Position_02/Temperature/d559dc98/Heater: {"bn": "PoliTO_IotSmartFarm/Lingotto/Area_A/Position_02/Temperature/d559dc98/Heater", "e": [{"n": "Temperature", "u": "Cel", "t": 1748957439.0372486, "v": false}]}
2025-06-03 15:30:39,616 - INFO - Status of [fe3a3799 - Heater] doesn't need to change
2025-06-03 15:30:39,621 - INFO - Received message on topic PoliTO_IotSmartFarm/Lingotto/Area_B/Position_01/Lightness/f47ac10b/Sunshade_Net: {"bn": "PoliTO_IotSmartFarm/Lingotto/Area_B/Position_01/Lightness/f47ac10b/Sunshade_Net", "e": [{"n": "Lightness", "u": "lx", "t": 1748957439.0400214, "v": false}]}
2025-06-03 15:30:39,626 - INFO - Status of [f89cd694 - Sunshade_Net] doesn't need to change
2025-06-03 15:30:39,714 - INFO - Received message on topic PoliTO_IotSmartFarm/Lingotto/Area_A/Position_02/Temperature/d559dc98/Heater: {"bn": "PoliTO_IotSmartFarm/Lingotto/Area_A/Position_02/Temperature/d559dc98/Heater", "e": [{"n": "Temperature", "u": "Cel", "t": 1748957443.6376867, "v": false}]}
2025-06-03 15:30:39,714 - INFO - Status of [fe3a3799 - Heater] doesn't need to change
2025-06-03 15:30:40,570 - INFO - Received message on topic PoliTO_IotSmartFarm/Lingotto/Area_A/Position_01/Temperature/9f42a1c3/Cooler: {"bn": "PoliTO_IotSmartFarm/Lingotto/Area_A/Position_01/Temperature/9f42a1c3/Cooler", "e": [{"n": "Temperature", "u": "Cel", "t": 1748957439.992224, "v": false}]}
2025-06-03 15:30:40,570 - INFO - Status of [d0676e7b - Cooler] doesn't need to change
2025-06-03 15:30:40,664 - INFO - Received message on topic PoliTO_IotSmartFarm/Lingotto/Area_A/Position_01/Temperature/9f42a1c3/Cooler: {"bn": "PoliTO_IotSmartFarm/Lingotto/Area_A/Position_01/Temperature/9f42a1c3/Cooler", "e": [{"n": "Temperature", "u": "Cel", "t": 1748957444.5930305, "v": false}]}
2025-06-03 15:30:40,664 - INFO - Status of [d0676e7b - Cooler] doesn't need to change
2025-06-03 15:30:43,686 - INFO - Received message on topic PoliTO_IotSmartFarm/Lingotto/Area_B/Position_03/CO2_Concentration/faf26dec/Exhaust_Fan: {"bn": "PoliTO_IotSmartFarm/Lingotto/Area_B/Position_03/CO2_Concentration/faf26dec/Exhaust_Fan", "e": [{"n": "CO2_Concentration", "u": "ppm", "t": 1748957443.2038944, "v": false}]}
2025-06-03 15:30:43,686 - INFO - Status of [7e2e63ef - Exhaust_Fan] doesn't need to change
2025-06-03 15:30:43,781 - INFO - Received message on topic PoliTO_IotSmartFarm/Lingotto/Area_B/Position_03/CO2_Concentration/faf26dec/Exhaust_Fan: {"bn": "PoliTO_IotSmartFarm/Lingotto/Area_B/Position_03/CO2_Concentration/faf26dec/Exhaust_Fan", "e": [{"n": "CO2_Concentration", "u": "ppm", "t": 1748957447.805432, "v": false}]}
2025-06-03 15:30:43,781 - INFO - Status of [7e2e63ef - Exhaust_Fan] doesn't need to change
2025-06-03 15:30:44,452 - INFO - Received message on topic PoliTO_IotSmartFarm/Lingotto/Area_B/Position_06/CO2_Concentration/9947c72f/Carbon_Dioxide_Generator: {"bn": "PoliTO_IotSmartFarm/Lingotto/Area_B/Position_06/CO2_Concentration/9947c72f/Carbon_Dioxide_Generator", "e": [{"n": "CO2_Concentration", "u": "ppm", "t": 1748957443.8713572, "v": false}]}
2025-06-03 15:30:44,452 - INFO - Status of [baf49b45 - Carbon_Dioxide_Generator] doesn't need to change
2025-06-03 15:30:44,550 - INFO - Received message on topic PoliTO_IotSmartFarm/Lingotto/Area_B/Position_06/CO2_Concentration/9947c72f/Carbon_Dioxide_Generator: {"bn": "PoliTO_IotSmartFarm/Lingotto/Area_B/Position_06/CO2_Concentration/9947c72f/Carbon_Dioxide_Generator", "e": [{"n": "CO2_Concentration", "u": "ppm", "t": 1748957448.4724927, "v": false}]}
2025-06-03 15:30:44,550 - INFO - Status of [baf49b45 - Carbon_Dioxide_Generator] doesn't need to change
2025-06-03 15:30:46,389 - INFO - Received message on topic PoliTO_IotSmartFarm/Lingotto/Area_B/Position_03/Lightness/c3d47900/LED_Light: {"bn": "PoliTO_IotSmartFarm/Lingotto/Area_B/Position_03/Lightness/c3d47900/LED_Light", "e": [{"n": "Lightness", "u": "lx", "t": 1748957445.7063575, "v": false}]}
2025-06-03 15:30:46,389 - INFO - Status of [b6c46f2c - LED_Light] doesn't need to change
2025-06-03 15:30:46,410 - INFO - Received message on topic PoliTO_IotSmartFarm/Lingotto/Area_A/Position_02/Temperature/d559dc98/Heater: {"bn": "PoliTO_IotSmartFarm/Lingotto/Area_A/Position_02/Temperature/d559dc98/Heater", "e": [{"n": "Temperature", "u": "Cel", "t": 1748957445.8297625, "v": false}]}
2025-06-03 15:30:46,410 - INFO - Status of [fe3a3799 - Heater] doesn't need to change
2025-06-03 15:30:46,486 - INFO - Received message on topic PoliTO_IotSmartFarm/Lingotto/Area_B/Position_03/Lightness/c3d47900/LED_Light: {"bn": "PoliTO_IotSmartFarm/Lingotto/Area_B/Position_03/Lightness/c3d47900/LED_Light", "e": [{"n": "Lightness", "u": "lx", "t": 1748957450.3085613, "v": false}]}
2025-06-03 15:30:46,486 - INFO - Status of [b6c46f2c - LED_Light] doesn't need to change
2025-06-03 15:30:46,506 - INFO - Received message on topic PoliTO_IotSmartFarm/Lingotto/Area_A/Position_02/Temperature/d559dc98/Heater: {"bn": "PoliTO_IotSmartFarm/Lingotto/Area_A/Position_02/Temperature/d559dc98/Heater", "e": [{"n": "Temperature", "u": "Cel", "t": 1748957450.427647, "v": false}]}
2025-06-03 15:30:46,506 - INFO - Status of [fe3a3799 - Heater] doesn't need to change
2025-06-03 15:30:46,722 - INFO - Received message on topic PoliTO_IotSmartFarm/Lingotto/Area_B/Position_01/Lightness/f47ac10b/Sunshade_Net: {"bn": "PoliTO_IotSmartFarm/Lingotto/Area_B/Position_01/Lightness/f47ac10b/Sunshade_Net", "e": [{"n": "Lightness", "u": "lx", "t": 1748957446.0965364, "v": false}]}
2025-06-03 15:30:46,722 - INFO - Status of [f89cd694 - Sunshade_Net] doesn't need to change
2025-06-03 15:30:46,823 - INFO - Received message on topic PoliTO_IotSmartFarm/Lingotto/Area_B/Position_01/Lightness/f47ac10b/Sunshade_Net: {"bn": "PoliTO_IotSmartFarm/Lingotto/Area_B/Position_01/Lightness/f47ac10b/Sunshade_Net", "e": [{"n": "Lightness", "u": "lx", "t": 1748957450.7040274, "v": false}]}
2025-06-03 15:30:46,823 - INFO - Status of [f89cd694 - Sunshade_Net] doesn't need to change
2025-06-03 15:30:46,903 - INFO - Received message on topic PoliTO_IotSmartFarm/Lingotto/Area_B/Position_03/CO2_Concentration/faf26dec/Exhaust_Fan: {"bn": "PoliTO_IotSmartFarm/Lingotto/Area_B/Position_03/CO2_Concentration/faf26dec/Exhaust_Fan", "e": [{"n": "CO2_Concentration", "u": "ppm", "t": 1748957446.4200635, "v": false}]}
2025-06-03 15:30:46,903 - INFO - Status of [7e2e63ef - Exhaust_Fan] doesn't need to change
2025-06-03 15:30:47,000 - INFO - Received message on topic PoliTO_IotSmartFarm/Lingotto/Area_B/Position_03/CO2_Concentration/faf26dec/Exhaust_Fan: {"bn": "PoliTO_IotSmartFarm/Lingotto/Area_B/Position_03/CO2_Concentration/faf26dec/Exhaust_Fan", "e": [{"n": "CO2_Concentration", "u": "ppm", "t": 1748957451.0211754, "v": false}]}
2025-06-03 15:30:47,000 - INFO - Status of [7e2e63ef - Exhaust_Fan] doesn't need to change
2025-06-03 15:30:48,022 - INFO - Received message on topic PoliTO_IotSmartFarm/Lingotto/Area_A/Position_01/Temperature/9f42a1c3/Cooler: {"bn": "PoliTO_IotSmartFarm/Lingotto/Area_A/Position_01/Temperature/9f42a1c3/Cooler", "e": [{"n": "Temperature", "u": "Cel", "t": 1748957447.5396662, "v": false}]}
2025-06-03 15:30:48,022 - INFO - Status of [d0676e7b - Cooler] doesn't need to change
2025-06-03 15:30:48,115 - INFO - Received message on topic PoliTO_IotSmartFarm/Lingotto/Area_A/Position_01/Temperature/9f42a1c3/Cooler: {"bn": "PoliTO_IotSmartFarm/Lingotto/Area_A/Position_01/Temperature/9f42a1c3/Cooler", "e": [{"n": "Temperature", "u": "Cel", "t": 1748957452.141174, "v": false}]}
2025-06-03 15:30:48,119 - INFO - Status of [d0676e7b - Cooler] doesn't need to change
2025-06-03 15:30:49,985 - INFO - Received message on topic PoliTO_IotSmartFarm/Lingotto/Area_B/Position_03/Lightness/c3d47900/LED_Light: {"bn": "PoliTO_IotSmartFarm/Lingotto/Area_B/Position_03/Lightness/c3d47900/LED_Light", "e": [{"n": "Lightness", "u": "lx", "t": 1748957449.403628, "v": false}]}
2025-06-03 15:30:49,986 - INFO - Status of [b6c46f2c - LED_Light] doesn't need to change
2025-06-03 15:30:50,081 - INFO - Received message on topic PoliTO_IotSmartFarm/Lingotto/Area_B/Position_03/Lightness/c3d47900/LED_Light: {"bn": "PoliTO_IotSmartFarm/Lingotto/Area_B/Position_03/Lightness/c3d47900/LED_Light", "e": [{"n": "Lightness", "u": "lx", "t": 1748957454.0039456, "v": false}]}
2025-06-03 15:30:50,081 - INFO - Status of [b6c46f2c - LED_Light] doesn't need to change
2025-06-03 15:30:50,180 - INFO - Received message on topic PoliTO_IotSmartFarm/Lingotto/Area_B/Position_06/CO2_Concentration/9947c72f/Carbon_Dioxide_Generator: {"bn": "PoliTO_IotSmartFarm/Lingotto/Area_B/Position_06/CO2_Concentration/9947c72f/Carbon_Dioxide_Generator", "e": [{"n": "CO2_Concentration", "u": "ppm", "t": 1748957449.603226, "v": false}]}
2025-06-03 15:30:50,180 - INFO - Status of [baf49b45 - Carbon_Dioxide_Generator] doesn't need to change
2025-06-03 15:30:50,279 - INFO - Received message on topic PoliTO_IotSmartFarm/Lingotto/Area_B/Position_06/CO2_Concentration/9947c72f/Carbon_Dioxide_Generator: {"bn": "PoliTO_IotSmartFarm/Lingotto/Area_B/Position_06/CO2_Concentration/9947c72f/Carbon_Dioxide_Generator", "e": [{"n": "CO2_Concentration", "u": "ppm", "t": 1748957454.2030213, "v": false}]}
2025-06-03 15:30:50,279 - INFO - Status of [baf49b45 - Carbon_Dioxide_Generator] doesn't need to change
2025-06-03 15:30:51,487 - INFO - Received message on topic PoliTO_IotSmartFarm/Lingotto/Area_A/Position_01/Temperature/9f42a1c3/Cooler: {"bn": "PoliTO_IotSmartFarm/Lingotto/Area_A/Position_01/Temperature/9f42a1c3/Cooler", "e": [{"n": "Temperature", "u": "Cel", "t": 1748957451.0034087, "v": false}]}
2025-06-03 15:30:51,487 - INFO - Status of [d0676e7b - Cooler] doesn't need to change
2025-06-03 15:30:51,583 - INFO - Received message on topic PoliTO_IotSmartFarm/Lingotto/Area_A/Position_01/Temperature/9f42a1c3/Cooler: {"bn": "PoliTO_IotSmartFarm/Lingotto/Area_A/Position_01/Temperature/9f42a1c3/Cooler", "e": [{"n": "Temperature", "u": "Cel", "t": 1748957455.6043131, "v": false}]}
2025-06-03 15:30:51,583 - INFO - Status of [d0676e7b - Cooler] doesn't need to change
2025-06-03 15:30:52,538 - INFO - Received message on topic PoliTO_IotSmartFarm/Lingotto/Area_B/Position_01/Lightness/f47ac10b/Sunshade_Net: {"bn": "PoliTO_IotSmartFarm/Lingotto/Area_B/Position_01/Lightness/f47ac10b/Sunshade_Net", "e": [{"n": "Lightness", "u": "lx", "t": 1748957456.653728, "v": false}]}
2025-06-03 15:30:52,538 - INFO - Status of [f89cd694 - Sunshade_Net] doesn't need to change
2025-06-03 15:30:52,634 - INFO - Received message on topic PoliTO_IotSmartFarm/Lingotto/Area_B/Position_01/Lightness/f47ac10b/Sunshade_Net: {"bn": "PoliTO_IotSmartFarm/Lingotto/Area_B/Position_01/Lightness/f47ac10b/Sunshade_Net", "e": [{"n": "Lightness", "u": "lx", "t": 1748957452.0526476, "v": false}]}
2025-06-03 15:30:52,635 - INFO - Status of [f89cd694 - Sunshade_Net] doesn't need to change
2025-06-03 15:30:52,636 - INFO - Received message on topic PoliTO_IotSmartFarm/Lingotto/Area_A/Position_02/Temperature/d559dc98/Heater: {"bn": "PoliTO_IotSmartFarm/Lingotto/Area_A/Position_02/Temperature/d559dc98/Heater", "e": [{"n": "Temperature", "u": "Cel", "t": 1748957456.653728, "v": false}]}
2025-06-03 15:30:52,636 - INFO - Status of [fe3a3799 - Heater] doesn't need to change
2025-06-03 15:30:52,699 - INFO - Received message on topic PoliTO_IotSmartFarm/Lingotto/Area_B/Position_03/CO2_Concentration/faf26dec/Exhaust_Fan: {"bn": "PoliTO_IotSmartFarm/Lingotto/Area_B/Position_03/CO2_Concentration/faf26dec/Exhaust_Fan", "e": [{"n": "CO2_Concentration", "u": "ppm", "t": 1748957452.2162127, "v": false}]}
2025-06-03 15:30:52,699 - INFO - Status of [7e2e63ef - Exhaust_Fan] doesn't need to change
2025-06-03 15:30:52,732 - INFO - Received message on topic PoliTO_IotSmartFarm/Lingotto/Area_A/Position_02/Temperature/d559dc98/Heater: {"bn": "PoliTO_IotSmartFarm/Lingotto/Area_A/Position_02/Temperature/d559dc98/Heater", "e": [{"n": "Temperature", "u": "Cel", "t": 1748957452.0526476, "v": false}]}
2025-06-03 15:30:52,732 - INFO - Status of [fe3a3799 - Heater] doesn't need to change
2025-06-03 15:30:52,794 - INFO - Received message on topic PoliTO_IotSmartFarm/Lingotto/Area_B/Position_03/CO2_Concentration/faf26dec/Exhaust_Fan: {"bn": "PoliTO_IotSmartFarm/Lingotto/Area_B/Position_03/CO2_Concentration/faf26dec/Exhaust_Fan", "e": [{"n": "CO2_Concentration", "u": "ppm", "t": 1748957456.8186555, "v": false}]}
2025-06-03 15:30:52,798 - INFO - Status of [7e2e63ef - Exhaust_Fan] doesn't need to change
2025-06-03 15:30:53,213 - INFO - Received message on topic PoliTO_IotSmartFarm/Lingotto/Area_D/Position_01/Soil_Moisture/a8830d33/Drip_Irrigation_Pipe: {"bn": "PoliTO_IotSmartFarm/Lingotto/Area_D/Position_01/Soil_Moisture/a8830d33/Drip_Irrigation_Pipe", "e": [{"n": "Soil_Moisture", "u": "%", "t": 1748957452.7825363, "v": false}]}
2025-06-03 15:30:53,214 - INFO - Status of [a3f7c79f - Drip_Irrigation_Pipe] doesn't need to change
2025-06-03 15:30:53,548 - INFO - Received message on topic PoliTO_IotSmartFarm/Lingotto/Area_D/Position_01/Soil_Moisture/a8830d33/Drip_Irrigation_Pipe: {"bn": "PoliTO_IotSmartFarm/Lingotto/Area_D/Position_01/Soil_Moisture/a8830d33/Drip_Irrigation_Pipe", "e": [{"n": "Soil_Moisture", "u": "%", "t": 1748957457.7208452, "v": false}]}
2025-06-03 15:30:53,548 - INFO - Status of [a3f7c79f - Drip_Irrigation_Pipe] doesn't need to change
2025-06-03 15:30:53,911 - INFO - Received message on topic PoliTO_IotSmartFarm/Lingotto/Area_D/Position_01/Soil_Moisture/a8830d33/Drip_Irrigation_Pipe: {"bn": "PoliTO_IotSmartFarm/Lingotto/Area_D/Position_01/Soil_Moisture/a8830d33/Drip_Irrigation_Pipe", "e": [{"n": "Soil_Moisture", "u": "%", "t": 1748957453.4887545, "v": false}]}
2025-06-03 15:30:53,917 - INFO - Status of [a3f7c79f - Drip_Irrigation_Pipe] doesn't need to change
2025-06-03 15:30:54,107 - INFO - Received message on topic PoliTO_IotSmartFarm/Lingotto/Area_D/Position_01/Soil_Moisture/a8830d33/Drip_Irrigation_Pipe: {"bn": "PoliTO_IotSmartFarm/Lingotto/Area_D/Position_01/Soil_Moisture/a8830d33/Drip_Irrigation_Pipe", "e": [{"n": "Soil_Moisture", "u": "%", "t": 1748957458.2407513, "v": false}]}
2025-06-03 15:30:54,108 - INFO - Status of [a3f7c79f - Drip_Irrigation_Pipe] doesn't need to change
2025-06-03 15:30:55,919 - INFO - Received message on topic PoliTO_IotSmartFarm/Lingotto/Area_B/Position_03/CO2_Concentration/faf26dec/Exhaust_Fan: {"bn": "PoliTO_IotSmartFarm/Lingotto/Area_B/Position_03/CO2_Concentration/faf26dec/Exhaust_Fan", "e": [{"n": "CO2_Concentration", "u": "ppm", "t": 1748957455.4324515, "v": false}]}
2025-06-03 15:30:55,919 - INFO - Status of [7e2e63ef - Exhaust_Fan] doesn't need to change
2025-06-03 15:30:56,018 - INFO - Received message on topic PoliTO_IotSmartFarm/Lingotto/Area_B/Position_03/CO2_Concentration/faf26dec/Exhaust_Fan: {"bn": "PoliTO_IotSmartFarm/Lingotto/Area_B/Position_03/CO2_Concentration/faf26dec/Exhaust_Fan", "e": [{"n": "CO2_Concentration", "u": "ppm", "t": 1748957460.0395067, "v": false}]}
2025-06-03 15:30:56,018 - INFO - Status of [7e2e63ef - Exhaust_Fan] doesn't need to change
2025-06-03 15:30:59,037 - INFO - Received message on topic PoliTO_IotSmartFarm/Lingotto/Area_A/Position_01/Temperature/9f42a1c3/Cooler: {"bn": "PoliTO_IotSmartFarm/Lingotto/Area_A/Position_01/Temperature/9f42a1c3/Cooler", "e": [{"n": "Temperature", "u": "Cel", "t": 1748957458.5528257, "v": false}]}
2025-06-03 15:30:59,037 - INFO - Status of [d0676e7b - Cooler] doesn't need to change
2025-06-03 15:30:59,133 - INFO - Received message on topic PoliTO_IotSmartFarm/Lingotto/Area_A/Position_01/Temperature/9f42a1c3/Cooler: {"bn": "PoliTO_IotSmartFarm/Lingotto/Area_A/Position_01/Temperature/9f42a1c3/Cooler", "e": [{"n": "Temperature", "u": "Cel", "t": 1748957463.153682, "v": false}]}
2025-06-03 15:30:59,133 - INFO - Status of [d0676e7b - Cooler] doesn't need to change
2025-06-03 15:30:59,331 - INFO - Received message on topic PoliTO_IotSmartFarm/Lingotto/Area_B/Position_01/Lightness/f47ac10b/Sunshade_Net: {"bn": "PoliTO_IotSmartFarm/Lingotto/Area_B/Position_01/Lightness/f47ac10b/Sunshade_Net", "e": [{"n": "Lightness", "u": "lx", "t": 1748957458.8420393, "v": false}]}
2025-06-03 15:30:59,331 - INFO - Status of [f89cd694 - Sunshade_Net] doesn't need to change
2025-06-03 15:30:59,427 - INFO - Received message on topic PoliTO_IotSmartFarm/Lingotto/Area_B/Position_01/Lightness/f47ac10b/Sunshade_Net: {"bn": "PoliTO_IotSmartFarm/Lingotto/Area_B/Position_01/Lightness/f47ac10b/Sunshade_Net", "e": [{"n": "Lightness", "u": "lx", "t": 1748957463.447821, "v": false}]}
2025-06-03 15:30:59,427 - INFO - Status of [f89cd694 - Sunshade_Net] doesn't need to change
2025-06-03 15:30:59,615 - INFO - Received message on topic PoliTO_IotSmartFarm/Lingotto/Area_A/Position_02/Temperature/d559dc98/Heater: {"bn": "PoliTO_IotSmartFarm/Lingotto/Area_A/Position_02/Temperature/d559dc98/Heater", "e": [{"n": "Temperature", "u": "Cel", "t": 1748957459.0384681, "v": false}]}
2025-06-03 15:30:59,615 - INFO - Status of [fe3a3799 - Heater] doesn't need to change
2025-06-03 15:30:59,712 - INFO - Received message on topic PoliTO_IotSmartFarm/Lingotto/Area_A/Position_02/Temperature/d559dc98/Heater: {"bn": "PoliTO_IotSmartFarm/Lingotto/Area_A/Position_02/Temperature/d559dc98/Heater", "e": [{"n": "Temperature", "u": "Cel", "t": 1748957463.6434312, "v": false}]}
2025-06-03 15:30:59,712 - INFO - Status of [fe3a3799 - Heater] doesn't need to change
2025-06-03 15:31:01,708 - INFO - Received message on topic PoliTO_IotSmartFarm/Lingotto/Area_B/Position_03/CO2_Concentration/faf26dec/Exhaust_Fan: {"bn": "PoliTO_IotSmartFarm/Lingotto/Area_B/Position_03/CO2_Concentration/faf26dec/Exhaust_Fan", "e": [{"n": "CO2_Concentration", "u": "ppm", "t": 1748957465.8263483, "v": false}]}
2025-06-03 15:31:01,708 - INFO - Status of [7e2e63ef - Exhaust_Fan] doesn't need to change
2025-06-03 15:31:01,808 - INFO - Received message on topic PoliTO_IotSmartFarm/Lingotto/Area_B/Position_03/CO2_Concentration/faf26dec/Exhaust_Fan: {"bn": "PoliTO_IotSmartFarm/Lingotto/Area_B/Position_03/CO2_Concentration/faf26dec/Exhaust_Fan", "e": [{"n": "CO2_Concentration", "u": "ppm", "t": 1748957461.2297137, "v": false}]}
2025-06-03 15:31:01,808 - INFO - Status of [7e2e63ef - Exhaust_Fan] doesn't need to change
2025-06-03 15:31:02,477 - INFO - Received message on topic PoliTO_IotSmartFarm/Lingotto/Area_A/Position_01/Temperature/9f42a1c3/Cooler: {"bn": "PoliTO_IotSmartFarm/Lingotto/Area_A/Position_01/Temperature/9f42a1c3/Cooler", "e": [{"n": "Temperature", "u": "Cel", "t": 1748957461.9962485, "v": false}]}
2025-06-03 15:31:02,477 - INFO - Status of [d0676e7b - Cooler] doesn't need to change
2025-06-03 15:31:02,574 - INFO - Received message on topic PoliTO_IotSmartFarm/Lingotto/Area_A/Position_01/Temperature/9f42a1c3/Cooler: {"bn": "PoliTO_IotSmartFarm/Lingotto/Area_A/Position_01/Temperature/9f42a1c3/Cooler", "e": [{"n": "Temperature", "u": "Cel", "t": 1748957466.5995817, "v": false}]}
2025-06-03 15:31:02,574 - INFO - Status of [d0676e7b - Cooler] doesn't need to change
2025-06-03 15:31:03,301 - INFO - Received message on topic PoliTO_IotSmartFarm/Lingotto/Area_B/Position_03/Lightness/c3d47900/LED_Light: {"bn": "PoliTO_IotSmartFarm/Lingotto/Area_B/Position_03/Lightness/c3d47900/LED_Light", "e": [{"n": "Lightness", "u": "lx", "t": 1748957462.7238405, "v": false}]}
2025-06-03 15:31:03,301 - INFO - Status of [b6c46f2c - LED_Light] doesn't need to change
2025-06-03 15:31:03,396 - INFO - Received message on topic PoliTO_IotSmartFarm/Lingotto/Area_B/Position_03/Lightness/c3d47900/LED_Light: {"bn": "PoliTO_IotSmartFarm/Lingotto/Area_B/Position_03/Lightness/c3d47900/LED_Light", "e": [{"n": "Lightness", "u": "lx", "t": 1748957467.3252718, "v": false}]}
2025-06-03 15:31:03,396 - INFO - Status of [b6c46f2c - LED_Light] doesn't need to change
2025-06-03 15:31:03,448 - INFO - Received message on topic PoliTO_IotSmartFarm/Lingotto/Area_B/Position_06/CO2_Concentration/9947c72f/Carbon_Dioxide_Generator: {"bn": "PoliTO_IotSmartFarm/Lingotto/Area_B/Position_06/CO2_Concentration/9947c72f/Carbon_Dioxide_Generator", "e": [{"n": "CO2_Concentration", "u": "ppm", "t": 1748957462.8708034, "v": false}]}
2025-06-03 15:31:03,448 - INFO - Status of [baf49b45 - Carbon_Dioxide_Generator] doesn't need to change
2025-06-03 15:31:03,545 - INFO - Received message on topic PoliTO_IotSmartFarm/Lingotto/Area_B/Position_06/CO2_Concentration/9947c72f/Carbon_Dioxide_Generator: {"bn": "PoliTO_IotSmartFarm/Lingotto/Area_B/Position_06/CO2_Concentration/9947c72f/Carbon_Dioxide_Generator", "e": [{"n": "CO2_Concentration", "u": "ppm", "t": 1748957467.4744048, "v": false}]}
2025-06-03 15:31:03,545 - INFO - Status of [baf49b45 - Carbon_Dioxide_Generator] doesn't need to change
2025-06-03 15:31:04,928 - INFO - Received message on topic PoliTO_IotSmartFarm/Lingotto/Area_B/Position_03/CO2_Concentration/faf26dec/Exhaust_Fan: {"bn": "PoliTO_IotSmartFarm/Lingotto/Area_B/Position_03/CO2_Concentration/faf26dec/Exhaust_Fan", "e": [{"n": "CO2_Concentration", "u": "ppm", "t": 1748957464.4458337, "v": false}]}
2025-06-03 15:31:04,928 - INFO - Status of [7e2e63ef - Exhaust_Fan] doesn't need to change
2025-06-03 15:31:05,022 - INFO - Received message on topic PoliTO_IotSmartFarm/Lingotto/Area_B/Position_03/CO2_Concentration/faf26dec/Exhaust_Fan: {"bn": "PoliTO_IotSmartFarm/Lingotto/Area_B/Position_03/CO2_Concentration/faf26dec/Exhaust_Fan", "e": [{"n": "CO2_Concentration", "u": "ppm", "t": 1748957469.0490425, "v": false}]}
2025-06-03 15:31:05,022 - INFO - Status of [7e2e63ef - Exhaust_Fan] doesn't need to change
2025-06-03 15:31:05,534 - INFO - Received message on topic PoliTO_IotSmartFarm/Lingotto/Area_B/Position_01/Lightness/f47ac10b/Sunshade_Net: {"bn": "PoliTO_IotSmartFarm/Lingotto/Area_B/Position_01/Lightness/f47ac10b/Sunshade_Net", "e": [{"n": "Lightness", "u": "lx", "t": 1748957465.0536566, "v": false}]}
2025-06-03 15:31:05,534 - INFO - Status of [f89cd694 - Sunshade_Net] doesn't need to change
2025-06-03 15:31:05,632 - INFO - Received message on topic PoliTO_IotSmartFarm/Lingotto/Area_B/Position_01/Lightness/f47ac10b/Sunshade_Net: {"bn": "PoliTO_IotSmartFarm/Lingotto/Area_B/Position_01/Lightness/f47ac10b/Sunshade_Net", "e": [{"n": "Lightness", "u": "lx", "t": 1748957469.6575546, "v": false}]}
2025-06-03 15:31:05,632 - INFO - Status of [f89cd694 - Sunshade_Net] doesn't need to change
2025-06-03 15:31:05,903 - INFO - Received message on topic PoliTO_IotSmartFarm/Lingotto/Area_A/Position_02/Temperature/d559dc98/Heater: {"bn": "PoliTO_IotSmartFarm/Lingotto/Area_A/Position_02/Temperature/d559dc98/Heater", "e": [{"n": "Temperature", "u": "Cel", "t": 1748957465.3186967, "v": false}]}
2025-06-03 15:31:05,903 - INFO - Status of [fe3a3799 - Heater] doesn't need to change
2025-06-03 15:31:06,003 - INFO - Received message on topic PoliTO_IotSmartFarm/Lingotto/Area_A/Position_02/Temperature/d559dc98/Heater: {"bn": "PoliTO_IotSmartFarm/Lingotto/Area_A/Position_02/Temperature/d559dc98/Heater", "e": [{"n": "Temperature", "u": "Cel", "t": 1748957469.9214387, "v": false}]}
2025-06-03 15:31:06,003 - INFO - Status of [fe3a3799 - Heater] doesn't need to change
2025-06-03 15:31:06,987 - INFO - Received message on topic PoliTO_IotSmartFarm/Lingotto/Area_B/Position_03/Lightness/c3d47900/LED_Light: {"bn": "PoliTO_IotSmartFarm/Lingotto/Area_B/Position_03/Lightness/c3d47900/LED_Light", "e": [{"n": "Lightness", "u": "lx", "t": 1748957466.4094286, "v": false}]}
2025-06-03 15:31:06,992 - INFO - Status of [b6c46f2c - LED_Light] doesn't need to change
2025-06-03 15:31:07,089 - INFO - Received message on topic PoliTO_IotSmartFarm/Lingotto/Area_B/Position_03/Lightness/c3d47900/LED_Light: {"bn": "PoliTO_IotSmartFarm/Lingotto/Area_B/Position_03/Lightness/c3d47900/LED_Light", "e": [{"n": "Lightness", "u": "lx", "t": 1748957471.0171995, "v": false}]}
2025-06-03 15:31:07,089 - INFO - Status of [b6c46f2c - LED_Light] doesn't need to change
