2025-06-03 15:46:09,139 - INFO - Controller:dfbd9b0cb77c476d92 Connected to mqtt.eclipseprojects.io with result code: 0 
2025-06-03 15:46:09,254 - INFO - Controller:e5edd0582b2f4776a8 Connected to mqtt.eclipseprojects.io with result code: 0 
2025-06-03 15:46:09,354 - INFO - Controller:9183c2f075cb4545a0 Connected to mqtt.eclipseprojects.io with result code: 0 
2025-06-03 15:46:09,477 - INFO - Controller:6692e7f3c81743b996 Connected to mqtt.eclipseprojects.io with result code: 0 
2025-06-03 15:46:12,829 - INFO - Received message on topic PoliTO_IotSmartFarm/Lingotto/Area_A/Position_02/Soil_Moisture/203045fb: {"bn": "PoliTO_IotSmartFarm/Lingotto/Area_A/Position_02/Soil_Moisture/203045fb", "e": [{"n": "Soil_Moisture", "u": "%", "t": 1748958372.4402394, "v": 29.7}]}
2025-06-03 15:46:12,829 - INFO - Soil_Moisture - average value - 29.7
2025-06-03 15:46:12,829 - INFO - PoliTO_IotSmartFarm/Lingotto/Area_A/Position_02/Soil_Moisture/203045fb/Drip_Irrigation_Pipe - PUBLISH TO ACTUATOR - 29.7 - False - 80 - 10
2025-06-03 15:46:12,829 - INFO - Soil_Moisture - PoliTO_IotSmartFarm/Lingotto/Area_A/Position_02/Soil_Moisture/203045fb/Drip_Irrigation_Pipe -
2025-06-03 15:46:12,829 - INFO - Received message on topic PoliTO_IotSmartFarm/Lingotto/Area_B/Position_02/CO2_Concentration/4b1e9d2f: {"bn": "PoliTO_IotSmartFarm/Lingotto/Area_B/Position_02/CO2_Concentration/4b1e9d2f", "e": [{"n": "CO2_Concentration", "u": "ppm", "t": 1748958372.4402394, "v": 418.0}]}
2025-06-03 15:46:12,829 - INFO - CO2_Concentration - average value - 418.0
2025-06-03 15:46:12,829 - INFO - PoliTO_IotSmartFarm/Lingotto/Area_B/Position_02/CO2_Concentration/4b1e9d2f/Exhaust_Fan - PUBLISH TO ACTUATOR - 418.0 - False - 1000 - 400
2025-06-03 15:46:12,829 - INFO - PoliTO_IotSmartFarm/Lingotto/Area_B/Position_02/CO2_Concentration/4b1e9d2f/Carbon_Dioxide_Generator - PUBLISH TO ACTUATOR - 418.0 - False - 1000 - 400
2025-06-03 15:46:12,829 - INFO - CO2_Concentration - PoliTO_IotSmartFarm/Lingotto/Area_B/Position_02/CO2_Concentration/4b1e9d2f/Carbon_Dioxide_Generator -
2025-06-03 15:46:12,829 - INFO - Received message on topic PoliTO_IotSmartFarm/Lingotto/Area_A/Position_01/Temperature/9f42a1c3: {"bn": "PoliTO_IotSmartFarm/Lingotto/Area_A/Position_01/Temperature/9f42a1c3", "e": [{"n": "Temperature", "u": "Cel", "t": 1748958372.4402394, "v": 39.6}]}
2025-06-03 15:46:12,829 - INFO - Received message on topic PoliTO_IotSmartFarm/Lingotto/Area_B/Position_03/Lightness/c3d47900: {"bn": "PoliTO_IotSmartFarm/Lingotto/Area_B/Position_03/Lightness/c3d47900", "e": [{"n": "Lightness", "u": "lx", "t": 1748958372.4402394, "v": 492.0}]}
2025-06-03 15:46:12,834 - INFO - Temperature - average value - 39.6
2025-06-03 15:46:12,835 - INFO - Lightness - average value - 492.0
2025-06-03 15:46:12,835 - INFO - PoliTO_IotSmartFarm/Lingotto/Area_B/Position_03/Lightness/c3d47900/Sunshade_Net - PUBLISH TO ACTUATOR - 492.0 - False - 1000 - 10
2025-06-03 15:46:12,835 - INFO - PoliTO_IotSmartFarm/Lingotto/Area_A/Position_01/Temperature/9f42a1c3/Cooler - PUBLISH TO ACTUATOR - 39.6 - False - 45 - 13
2025-06-03 15:46:12,835 - INFO - PoliTO_IotSmartFarm/Lingotto/Area_A/Position_01/Temperature/9f42a1c3/Heater - PUBLISH TO ACTUATOR - 39.6 - False - 45 - 13
2025-06-03 15:46:12,835 - INFO - Temperature - PoliTO_IotSmartFarm/Lingotto/Area_A/Position_01/Temperature/9f42a1c3/Heater -
2025-06-03 15:46:12,835 - INFO - PoliTO_IotSmartFarm/Lingotto/Area_B/Position_03/Lightness/c3d47900/LED_Light - PUBLISH TO ACTUATOR - 492.0 - False - 1000 - 10
2025-06-03 15:46:12,835 - INFO - Lightness - PoliTO_IotSmartFarm/Lingotto/Area_B/Position_03/Lightness/c3d47900/LED_Light -
2025-06-03 15:46:12,925 - INFO - Received message on topic PoliTO_IotSmartFarm/Lingotto/Area_C/Position_05/Soil_Moisture/ffee552a: {"bn": "PoliTO_IotSmartFarm/Lingotto/Area_C/Position_05/Soil_Moisture/ffee552a", "e": [{"n": "Soil_Moisture", "u": "%", "t": 1748958372.4402394, "v": 12.5}]}
2025-06-03 15:46:12,925 - INFO - Soil_Moisture - average value - 21.1
2025-06-03 15:46:12,925 - INFO - PoliTO_IotSmartFarm/Lingotto/Area_C/Position_05/Soil_Moisture/ffee552a/Drip_Irrigation_Pipe - PUBLISH TO ACTUATOR - 21.1 - False - 80 - 10
2025-06-03 15:46:12,925 - INFO - Soil_Moisture - PoliTO_IotSmartFarm/Lingotto/Area_C/Position_05/Soil_Moisture/ffee552a/Drip_Irrigation_Pipe -
2025-06-03 15:46:12,925 - INFO - Received message on topic PoliTO_IotSmartFarm/Lingotto/Area_B/Position_06/CO2_Concentration/9947c72f: {"bn": "PoliTO_IotSmartFarm/Lingotto/Area_B/Position_06/CO2_Concentration/9947c72f", "e": [{"n": "CO2_Concentration", "u": "ppm", "t": 1748958372.4402394, "v": 604.0}]}
2025-06-03 15:46:12,925 - INFO - CO2_Concentration - average value - 511.0
2025-06-03 15:46:12,925 - INFO - PoliTO_IotSmartFarm/Lingotto/Area_B/Position_06/CO2_Concentration/9947c72f/Exhaust_Fan - PUBLISH TO ACTUATOR - 511.0 - False - 1000 - 400
2025-06-03 15:46:12,925 - INFO - PoliTO_IotSmartFarm/Lingotto/Area_B/Position_06/CO2_Concentration/9947c72f/Carbon_Dioxide_Generator - PUBLISH TO ACTUATOR - 511.0 - False - 1000 - 400
2025-06-03 15:46:12,925 - INFO - CO2_Concentration - PoliTO_IotSmartFarm/Lingotto/Area_B/Position_06/CO2_Concentration/9947c72f/Carbon_Dioxide_Generator -
2025-06-03 15:46:12,929 - INFO - Received message on topic PoliTO_IotSmartFarm/Lingotto/Area_A/Position_02/Temperature/d559dc98: {"bn": "PoliTO_IotSmartFarm/Lingotto/Area_A/Position_02/Temperature/d559dc98", "e": [{"n": "Temperature", "u": "Cel", "t": 1748958372.4402394, "v": 29.8}]}
2025-06-03 15:46:12,929 - INFO - Temperature - average value - 34.7
2025-06-03 15:46:12,929 - INFO - PoliTO_IotSmartFarm/Lingotto/Area_A/Position_02/Temperature/d559dc98/Cooler - PUBLISH TO ACTUATOR - 34.7 - False - 45 - 13
2025-06-03 15:46:12,930 - INFO - PoliTO_IotSmartFarm/Lingotto/Area_A/Position_02/Temperature/d559dc98/Heater - PUBLISH TO ACTUATOR - 34.7 - False - 45 - 13
2025-06-03 15:46:12,930 - INFO - Temperature - PoliTO_IotSmartFarm/Lingotto/Area_A/Position_02/Temperature/d559dc98/Heater -
2025-06-03 15:46:12,937 - INFO - Received message on topic PoliTO_IotSmartFarm/Lingotto/Area_B/Position_01/Lightness/f47ac10b: {"bn": "PoliTO_IotSmartFarm/Lingotto/Area_B/Position_01/Lightness/f47ac10b", "e": [{"n": "Lightness", "u": "lx", "t": 1748958372.4402394, "v": 945.0}]}
2025-06-03 15:46:12,937 - INFO - Lightness - average value - 718.5
2025-06-03 15:46:12,937 - INFO - PoliTO_IotSmartFarm/Lingotto/Area_B/Position_01/Lightness/f47ac10b/Sunshade_Net - PUBLISH TO ACTUATOR - 718.5 - False - 1000 - 10
2025-06-03 15:46:12,937 - INFO - PoliTO_IotSmartFarm/Lingotto/Area_B/Position_01/Lightness/f47ac10b/LED_Light - PUBLISH TO ACTUATOR - 718.5 - False - 1000 - 10
2025-06-03 15:46:12,937 - INFO - Lightness - PoliTO_IotSmartFarm/Lingotto/Area_B/Position_01/Lightness/f47ac10b/LED_Light -
2025-06-03 15:46:13,021 - INFO - Received message on topic PoliTO_IotSmartFarm/Lingotto/Area_D/Position_01/Soil_Moisture/a8830d33: {"bn": "PoliTO_IotSmartFarm/Lingotto/Area_D/Position_01/Soil_Moisture/a8830d33", "e": [{"n": "Soil_Moisture", "u": "%", "t": 1748958372.4454346, "v": 45.2}]}
2025-06-03 15:46:13,021 - INFO - Soil_Moisture - average value - 33.150000000000006
2025-06-03 15:46:13,021 - INFO - PoliTO_IotSmartFarm/Lingotto/Area_D/Position_01/Soil_Moisture/a8830d33/Drip_Irrigation_Pipe - PUBLISH TO ACTUATOR - 33.150000000000006 - False - 80 - 10
2025-06-03 15:46:13,021 - INFO - Soil_Moisture - PoliTO_IotSmartFarm/Lingotto/Area_D/Position_01/Soil_Moisture/a8830d33/Drip_Irrigation_Pipe -
2025-06-03 15:46:13,021 - INFO - Received message on topic PoliTO_IotSmartFarm/Lingotto/Area_B/Position_03/CO2_Concentration/faf26dec: {"bn": "PoliTO_IotSmartFarm/Lingotto/Area_B/Position_03/CO2_Concentration/faf26dec", "e": [{"n": "CO2_Concentration", "u": "ppm", "t": 1748958372.4454346, "v": 873.0}]}
2025-06-03 15:46:13,021 - INFO - CO2_Concentration - average value - 692.0
2025-06-03 15:46:13,021 - INFO - PoliTO_IotSmartFarm/Lingotto/Area_B/Position_03/CO2_Concentration/faf26dec/Exhaust_Fan - PUBLISH TO ACTUATOR - 692.0 - False - 1000 - 400
2025-06-03 15:46:13,021 - INFO - Received message on topic PoliTO_IotSmartFarm/Lingotto/Area_C/Position_03/Soil_Moisture/a7b8c6d4: {"bn": "PoliTO_IotSmartFarm/Lingotto/Area_C/Position_03/Soil_Moisture/a7b8c6d4", "e": [{"n": "Soil_Moisture", "u": "%", "t": 1748958372.4402394, "v": 55.7}]}
2025-06-03 15:46:13,021 - INFO - Soil_Moisture - average value - 44.425000000000004
2025-06-03 15:46:13,021 - INFO - PoliTO_IotSmartFarm/Lingotto/Area_B/Position_03/CO2_Concentration/faf26dec/Carbon_Dioxide_Generator - PUBLISH TO ACTUATOR - 692.0 - False - 1000 - 400
2025-06-03 15:46:13,026 - INFO - CO2_Concentration - PoliTO_IotSmartFarm/Lingotto/Area_B/Position_03/CO2_Concentration/faf26dec/Carbon_Dioxide_Generator -
2025-06-03 15:46:13,026 - INFO - PoliTO_IotSmartFarm/Lingotto/Area_C/Position_03/Soil_Moisture/a7b8c6d4/Drip_Irrigation_Pipe - PUBLISH TO ACTUATOR - 44.425000000000004 - False - 80 - 10
2025-06-03 15:46:13,026 - INFO - Soil_Moisture - PoliTO_IotSmartFarm/Lingotto/Area_C/Position_03/Soil_Moisture/a7b8c6d4/Drip_Irrigation_Pipe -
2025-06-03 15:46:13,028 - INFO - Received message on topic PoliTO_IotSmartFarm/Lingotto/Area_B/Position_03/Temperature/580f8d2d: {"bn": "PoliTO_IotSmartFarm/Lingotto/Area_B/Position_03/Temperature/580f8d2d", "e": [{"n": "Temperature", "u": "Cel", "t": 1748958372.4454346, "v": 43.6}]}
2025-06-03 15:46:13,028 - INFO - Temperature - average value - 39.150000000000006
2025-06-03 15:46:13,028 - INFO - PoliTO_IotSmartFarm/Lingotto/Area_B/Position_03/Temperature/580f8d2d/Cooler - PUBLISH TO ACTUATOR - 39.150000000000006 - False - 45 - 13
2025-06-03 15:46:13,028 - INFO - PoliTO_IotSmartFarm/Lingotto/Area_B/Position_03/Temperature/580f8d2d/Heater - PUBLISH TO ACTUATOR - 39.150000000000006 - False - 45 - 13
2025-06-03 15:46:13,028 - INFO - Temperature - PoliTO_IotSmartFarm/Lingotto/Area_B/Position_03/Temperature/580f8d2d/Heater -
