2025-06-04 12:03:19,618 - INFO - DynamoDBWriter: Connected to mqtt.eclipseprojects.io with result code: 0 
2025-06-04 12:05:08,002 - INFO - Data written to DynamoDB: {'deviceID': '4b1e9d2f', 'timestamp': Decimal('1749031507'), 'deviceType': 'CO2_Concentration', 'deviceLocation': 'Lingotto/Area_B/Position_02', 'value': Decimal('425.0'), 'unit': 'ppm', 'topic': 'UniTO_IotSmartFarm/Lingotto/Area_B/Position_02/CO2_Concentration/4b1e9d2f'}
2025-06-04 12:05:08,002 - INFO - Written to DynamoDB: {'bn': 'UniTO_IotSmartFarm/Lingotto/Area_B/Position_02/CO2_Concentration/4b1e9d2f', 'e': [{'n': 'CO2_Concentration', 'u': 'ppm', 't': 1749031507.2435486, 'v': 425.0}]}
2025-06-04 12:05:08,048 - INFO - Data written to DynamoDB: {'deviceID': 'f47ac10b', 'timestamp': Decimal('1749031507'), 'deviceType': 'Lightness', 'deviceLocation': 'Lingotto/Area_B/Position_01', 'value': Decimal('487.0'), 'unit': 'lx', 'topic': 'UniTO_IotSmartFarm/Lingotto/Area_B/Position_01/Lightness/f47ac10b'}
2025-06-04 12:05:08,048 - INFO - Written to DynamoDB: {'bn': 'UniTO_IotSmartFarm/Lingotto/Area_B/Position_01/Lightness/f47ac10b', 'e': [{'n': 'Lightness', 'u': 'lx', 't': 1749031507.2404656, 'v': 487.0}]}
2025-06-04 12:05:08,094 - INFO - Data written to DynamoDB: {'deviceID': '9f42a1c3', 'timestamp': Decimal('1749031507'), 'deviceType': 'Temperature', 'deviceLocation': 'Lingotto/Area_A/Position_01', 'value': Decimal('44.3'), 'unit': 'Cel', 'topic': 'UniTO_IotSmartFarm/Lingotto/Area_A/Position_01/Temperature/9f42a1c3'}
2025-06-04 12:05:08,094 - INFO - Written to DynamoDB: {'bn': 'UniTO_IotSmartFarm/Lingotto/Area_A/Position_01/Temperature/9f42a1c3', 'e': [{'n': 'Temperature', 'u': 'Cel', 't': 1749031507.2388802, 'v': 44.3}]}
2025-06-04 12:05:08,137 - INFO - Data written to DynamoDB: {'deviceID': 'c3d47900', 'timestamp': Decimal('1749031507'), 'deviceType': 'Lightness', 'deviceLocation': 'Lingotto/Area_B/Position_03', 'value': Decimal('959.0'), 'unit': 'lx', 'topic': 'UniTO_IotSmartFarm/Lingotto/Area_B/Position_03/Lightness/c3d47900'}
2025-06-04 12:05:08,137 - INFO - Written to DynamoDB: {'bn': 'UniTO_IotSmartFarm/Lingotto/Area_B/Position_03/Lightness/c3d47900', 'e': [{'n': 'Lightness', 'u': 'lx', 't': 1749031507.2424855, 'v': 959.0}]}
2025-06-04 12:05:08,180 - INFO - Data written to DynamoDB: {'deviceID': 'a7b8c6d4', 'timestamp': Decimal('1749031507'), 'deviceType': 'Soil_Moisture', 'deviceLocation': 'Lingotto/Area_C/Position_03', 'value': Decimal('79.0'), 'unit': '%', 'topic': 'UniTO_IotSmartFarm/Lingotto/Area_C/Position_03/Soil_Moisture/a7b8c6d4'}
2025-06-04 12:05:08,180 - INFO - Written to DynamoDB: {'bn': 'UniTO_IotSmartFarm/Lingotto/Area_C/Position_03/Soil_Moisture/a7b8c6d4', 'e': [{'n': 'Soil_Moisture', 'u': '%', 't': 1749031507.2435486, 'v': 79.0}]}
2025-06-04 12:05:08,224 - INFO - Data written to DynamoDB: {'deviceID': '203045fb', 'timestamp': Decimal('1749031507'), 'deviceType': 'Soil_Moisture', 'deviceLocation': 'Lingotto/Area_A/Position_02', 'value': Decimal('29.5'), 'unit': '%', 'topic': 'UniTO_IotSmartFarm/Lingotto/Area_A/Position_02/Soil_Moisture/203045fb'}
2025-06-04 12:05:08,224 - INFO - Written to DynamoDB: {'bn': 'UniTO_IotSmartFarm/Lingotto/Area_A/Position_02/Soil_Moisture/203045fb', 'e': [{'n': 'Soil_Moisture', 'u': '%', 't': 1749031507.245565, 'v': 29.5}]}
2025-06-04 12:05:08,266 - INFO - Data written to DynamoDB: {'deviceID': 'd559dc98', 'timestamp': Decimal('1749031507'), 'deviceType': 'Temperature', 'deviceLocation': 'Lingotto/Area_A/Position_02', 'value': Decimal('17.5'), 'unit': 'Cel', 'topic': 'UniTO_IotSmartFarm/Lingotto/Area_A/Position_02/Temperature/d559dc98'}
2025-06-04 12:05:08,267 - INFO - Written to DynamoDB: {'bn': 'UniTO_IotSmartFarm/Lingotto/Area_A/Position_02/Temperature/d559dc98', 'e': [{'n': 'Temperature', 'u': 'Cel', 't': 1749031507.245565, 'v': 17.5}]}
2025-06-04 12:05:08,310 - INFO - Data written to DynamoDB: {'deviceID': 'ffee552a', 'timestamp': Decimal('1749031507'), 'deviceType': 'Soil_Moisture', 'deviceLocation': 'Lingotto/Area_C/Position_05', 'value': Decimal('46.5'), 'unit': '%', 'topic': 'UniTO_IotSmartFarm/Lingotto/Area_C/Position_05/Soil_Moisture/ffee552a'}
2025-06-04 12:05:08,310 - INFO - Written to DynamoDB: {'bn': 'UniTO_IotSmartFarm/Lingotto/Area_C/Position_05/Soil_Moisture/ffee552a', 'e': [{'n': 'Soil_Moisture', 'u': '%', 't': 1749031507.2445416, 'v': 46.5}]}
2025-06-04 12:05:08,353 - INFO - Data written to DynamoDB: {'deviceID': 'a8830d33', 'timestamp': Decimal('1749031507'), 'deviceType': 'Soil_Moisture', 'deviceLocation': 'Lingotto/Area_D/Position_01', 'value': Decimal('47.0'), 'unit': '%', 'topic': 'UniTO_IotSmartFarm/Lingotto/Area_D/Position_01/Soil_Moisture/a8830d33'}
2025-06-04 12:05:08,353 - INFO - Written to DynamoDB: {'bn': 'UniTO_IotSmartFarm/Lingotto/Area_D/Position_01/Soil_Moisture/a8830d33', 'e': [{'n': 'Soil_Moisture', 'u': '%', 't': 1749031507.2465582, 'v': 47.0}]}
2025-06-04 12:05:08,396 - INFO - Data written to DynamoDB: {'deviceID': 'faf26dec', 'timestamp': Decimal('1749031507'), 'deviceType': 'CO2_Concentration', 'deviceLocation': 'Lingotto/Area_B/Position_03', 'value': Decimal('503.0'), 'unit': 'ppm', 'topic': 'UniTO_IotSmartFarm/Lingotto/Area_B/Position_03/CO2_Concentration/faf26dec'}
2025-06-04 12:05:08,396 - INFO - Written to DynamoDB: {'bn': 'UniTO_IotSmartFarm/Lingotto/Area_B/Position_03/CO2_Concentration/faf26dec', 'e': [{'n': 'CO2_Concentration', 'u': 'ppm', 't': 1749031507.247536, 'v': 503.0}]}
2025-06-04 12:05:08,438 - INFO - Data written to DynamoDB: {'deviceID': '580f8d2d', 'timestamp': Decimal('1749031507'), 'deviceType': 'Temperature', 'deviceLocation': 'Lingotto/Area_B/Position_03', 'value': Decimal('42.0'), 'unit': 'Cel', 'topic': 'UniTO_IotSmartFarm/Lingotto/Area_B/Position_03/Temperature/580f8d2d'}
2025-06-04 12:05:08,438 - INFO - Written to DynamoDB: {'bn': 'UniTO_IotSmartFarm/Lingotto/Area_B/Position_03/Temperature/580f8d2d', 'e': [{'n': 'Temperature', 'u': 'Cel', 't': 1749031507.247536, 'v': 42.0}]}
2025-06-04 12:05:08,482 - INFO - Data written to DynamoDB: {'deviceID': '9947c72f', 'timestamp': Decimal('1749031507'), 'deviceType': 'CO2_Concentration', 'deviceLocation': 'Lingotto/Area_B/Position_06', 'value': Decimal('784.0'), 'unit': 'ppm', 'topic': 'UniTO_IotSmartFarm/Lingotto/Area_B/Position_06/CO2_Concentration/9947c72f'}
2025-06-04 12:05:08,482 - INFO - Written to DynamoDB: {'bn': 'UniTO_IotSmartFarm/Lingotto/Area_B/Position_06/CO2_Concentration/9947c72f', 'e': [{'n': 'CO2_Concentration', 'u': 'ppm', 't': 1749031507.2465582, 'v': 784.0}]}
2025-06-04 12:05:08,946 - INFO - Data written to DynamoDB: {'deviceID': 'f89cd694', 'timestamp': Decimal('1749031508'), 'deviceType': 'Sunshade_Net', 'deviceLocation': 'Lingotto/Area_B/Position_01', 'value': False, 'unit': ' ', 'topic': 'UniTO_IotSmartFarm/Lingotto/Area_B/Position_01/Lightness/f47ac10b/Sunshade_Net/f89cd694/statusChanged'}
2025-06-04 12:05:08,946 - INFO - Written to DynamoDB: {'bn': 'UniTO_IotSmartFarm/Lingotto/Area_B/Position_01/Lightness/f47ac10b/Sunshade_Net/f89cd694/statusChanged', 'e': [{'n': 'Sunshade_Net', 'u': ' ', 't': 1749031508.1936455, 'v': False}]}
2025-06-04 12:05:09,087 - INFO - Data written to DynamoDB: {'deviceID': 'd0676e7b', 'timestamp': Decimal('1749031508'), 'deviceType': 'Cooler', 'deviceLocation': 'Lingotto/Area_A/Position_01', 'value': False, 'unit': ' ', 'topic': 'UniTO_IotSmartFarm/Lingotto/Area_A/Position_01/Temperature/9f42a1c3/Cooler/d0676e7b/statusChanged'}
2025-06-04 12:05:09,087 - INFO - Written to DynamoDB: {'bn': 'UniTO_IotSmartFarm/Lingotto/Area_A/Position_01/Temperature/9f42a1c3/Cooler/d0676e7b/statusChanged', 'e': [{'n': 'Cooler', 'u': ' ', 't': 1749031508.2042634, 'v': False}]}
2025-06-04 12:05:09,183 - INFO - Data written to DynamoDB: {'deviceID': '7e2e63ef', 'timestamp': Decimal('1749031508'), 'deviceType': 'Exhaust_Fan', 'deviceLocation': 'Lingotto/Area_B/Position_03', 'value': False, 'unit': ' ', 'topic': 'UniTO_IotSmartFarm/Lingotto/Area_B/Position_03/CO2_Concentration/faf26dec/Exhaust_Fan/7e2e63ef/statusChanged'}
2025-06-04 12:05:09,183 - INFO - Written to DynamoDB: {'bn': 'UniTO_IotSmartFarm/Lingotto/Area_B/Position_03/CO2_Concentration/faf26dec/Exhaust_Fan/7e2e63ef/statusChanged', 'e': [{'n': 'Exhaust_Fan', 'u': ' ', 't': 1749031508.3014953, 'v': False}]}
2025-06-04 12:05:09,275 - INFO - Data written to DynamoDB: {'deviceID': 'b6c46f2c', 'timestamp': Decimal('1749031508'), 'deviceType': 'LED_Light', 'deviceLocation': 'Lingotto/Area_B/Position_03', 'value': False, 'unit': ' ', 'topic': 'UniTO_IotSmartFarm/Lingotto/Area_B/Position_03/Lightness/c3d47900/LED_Light/b6c46f2c/statusChanged'}
2025-06-04 12:05:09,275 - INFO - Written to DynamoDB: {'bn': 'UniTO_IotSmartFarm/Lingotto/Area_B/Position_03/Lightness/c3d47900/LED_Light/b6c46f2c/statusChanged', 'e': [{'n': 'LED_Light', 'u': ' ', 't': 1749031508.3823538, 'v': False}]}
2025-06-04 12:05:09,368 - INFO - Data written to DynamoDB: {'deviceID': 'fe3a3799', 'timestamp': Decimal('1749031508'), 'deviceType': 'Heater', 'deviceLocation': 'Lingotto/Area_A/Position_02', 'value': False, 'unit': ' ', 'topic': 'UniTO_IotSmartFarm/Lingotto/Area_A/Position_02/Temperature/d559dc98/Heater/fe3a3799/statusChanged'}
2025-06-04 12:05:09,370 - INFO - Written to DynamoDB: {'bn': 'UniTO_IotSmartFarm/Lingotto/Area_A/Position_02/Temperature/d559dc98/Heater/fe3a3799/statusChanged', 'e': [{'n': 'Heater', 'u': ' ', 't': 1749031508.3884451, 'v': False}]}
2025-06-04 12:05:09,412 - INFO - Data written to DynamoDB: {'deviceID': 'baf49b45', 'timestamp': Decimal('1749031508'), 'deviceType': 'Carbon_Dioxide_Generator', 'deviceLocation': 'Lingotto/Area_B/Position_06', 'value': False, 'unit': ' ', 'topic': 'UniTO_IotSmartFarm/Lingotto/Area_B/Position_06/CO2_Concentration/9947c72f/Carbon_Dioxide_Generator/baf49b45/statusChanged'}
2025-06-04 12:05:09,413 - INFO - Written to DynamoDB: {'bn': 'UniTO_IotSmartFarm/Lingotto/Area_B/Position_06/CO2_Concentration/9947c72f/Carbon_Dioxide_Generator/baf49b45/statusChanged', 'e': [{'n': 'Carbon_Dioxide_Generator', 'u': ' ', 't': 1749031508.397234, 'v': False}]}
2025-06-04 12:05:09,455 - INFO - Data written to DynamoDB: {'deviceID': 'a3f7c79f', 'timestamp': Decimal('1749031508'), 'deviceType': 'Drip_Irrigation_Pipe', 'deviceLocation': 'Lingotto/Area_D/Position_01', 'value': False, 'unit': ' ', 'topic': 'UniTO_IotSmartFarm/Lingotto/Area_D/Position_01/Soil_Moisture/a8830d33/Drip_Irrigation_Pipe/a3f7c79f/statusChanged'}
2025-06-04 12:05:09,455 - INFO - Written to DynamoDB: {'bn': 'UniTO_IotSmartFarm/Lingotto/Area_D/Position_01/Soil_Moisture/a8830d33/Drip_Irrigation_Pipe/a3f7c79f/statusChanged', 'e': [{'n': 'Drip_Irrigation_Pipe', 'u': ' ', 't': 1749031508.4148269, 'v': False}]}
2025-06-04 12:05:15,588 - INFO - Data written to DynamoDB: {'deviceID': '580f8d2d', 'timestamp': Decimal('1749031515'), 'deviceType': 'Temperature', 'deviceLocation': 'Lingotto/Area_B/Position_03', 'value': Decimal('19.4'), 'unit': 'Cel', 'topic': 'UniTO_IotSmartFarm/Lingotto/Area_B/Position_03/Temperature/580f8d2d'}
2025-06-04 12:05:15,588 - INFO - Written to DynamoDB: {'bn': 'UniTO_IotSmartFarm/Lingotto/Area_B/Position_03/Temperature/580f8d2d', 'e': [{'n': 'Temperature', 'u': 'Cel', 't': 1749031515.2549205, 'v': 19.4}]}
2025-06-04 12:05:16,681 - INFO - Data written to DynamoDB: {'deviceID': '203045fb', 'timestamp': Decimal('1749031516'), 'deviceType': 'Soil_Moisture', 'deviceLocation': 'Lingotto/Area_A/Position_02', 'value': Decimal('63.2'), 'unit': '%', 'topic': 'UniTO_IotSmartFarm/Lingotto/Area_A/Position_02/Soil_Moisture/203045fb'}
2025-06-04 12:05:16,681 - INFO - Written to DynamoDB: {'bn': 'UniTO_IotSmartFarm/Lingotto/Area_A/Position_02/Soil_Moisture/203045fb', 'e': [{'n': 'Soil_Moisture', 'u': '%', 't': 1749031516.251925, 'v': 63.2}]}
2025-06-04 12:05:16,820 - INFO - Data written to DynamoDB: {'deviceID': 'faf26dec', 'timestamp': Decimal('1749031516'), 'deviceType': 'CO2_Concentration', 'deviceLocation': 'Lingotto/Area_B/Position_03', 'value': Decimal('927.0'), 'unit': 'ppm', 'topic': 'UniTO_IotSmartFarm/Lingotto/Area_B/Position_03/CO2_Concentration/faf26dec'}
2025-06-04 12:05:16,820 - INFO - Written to DynamoDB: {'bn': 'UniTO_IotSmartFarm/Lingotto/Area_B/Position_03/CO2_Concentration/faf26dec', 'e': [{'n': 'CO2_Concentration', 'u': 'ppm', 't': 1749031516.251925, 'v': 927.0}]}
2025-06-04 12:05:18,572 - INFO - Data written to DynamoDB: {'deviceID': '4b1e9d2f', 'timestamp': Decimal('1749031518'), 'deviceType': 'CO2_Concentration', 'deviceLocation': 'Lingotto/Area_B/Position_02', 'value': Decimal('949.0'), 'unit': 'ppm', 'topic': 'UniTO_IotSmartFarm/Lingotto/Area_B/Position_02/CO2_Concentration/4b1e9d2f'}
2025-06-04 12:05:18,572 - INFO - Written to DynamoDB: {'bn': 'UniTO_IotSmartFarm/Lingotto/Area_B/Position_02/CO2_Concentration/4b1e9d2f', 'e': [{'n': 'CO2_Concentration', 'u': 'ppm', 't': 1749031518.2459962, 'v': 949.0}]}
2025-06-04 12:05:20,682 - INFO - Data written to DynamoDB: {'deviceID': 'f47ac10b', 'timestamp': Decimal('1749031520'), 'deviceType': 'Lightness', 'deviceLocation': 'Lingotto/Area_B/Position_01', 'value': Decimal('408.0'), 'unit': 'lx', 'topic': 'UniTO_IotSmartFarm/Lingotto/Area_B/Position_01/Lightness/f47ac10b'}
2025-06-04 12:05:20,682 - INFO - Written to DynamoDB: {'bn': 'UniTO_IotSmartFarm/Lingotto/Area_B/Position_01/Lightness/f47ac10b', 'e': [{'n': 'Lightness', 'u': 'lx', 't': 1749031520.2548964, 'v': 408.0}]}
2025-06-04 12:05:20,871 - INFO - Data written to DynamoDB: {'deviceID': 'd559dc98', 'timestamp': Decimal('1749031520'), 'deviceType': 'Temperature', 'deviceLocation': 'Lingotto/Area_A/Position_02', 'value': Decimal('32.0'), 'unit': 'Cel', 'topic': 'UniTO_IotSmartFarm/Lingotto/Area_A/Position_02/Temperature/d559dc98'}
2025-06-04 12:05:20,871 - INFO - Written to DynamoDB: {'bn': 'UniTO_IotSmartFarm/Lingotto/Area_A/Position_02/Temperature/d559dc98', 'e': [{'n': 'Temperature', 'u': 'Cel', 't': 1749031520.2548964, 'v': 32.0}]}
2025-06-04 12:05:20,912 - INFO - Data written to DynamoDB: {'deviceID': 'ffee552a', 'timestamp': Decimal('1749031520'), 'deviceType': 'Soil_Moisture', 'deviceLocation': 'Lingotto/Area_C/Position_05', 'value': Decimal('48.3'), 'unit': '%', 'topic': 'UniTO_IotSmartFarm/Lingotto/Area_C/Position_05/Soil_Moisture/ffee552a'}
2025-06-04 12:05:20,912 - INFO - Written to DynamoDB: {'bn': 'UniTO_IotSmartFarm/Lingotto/Area_C/Position_05/Soil_Moisture/ffee552a', 'e': [{'n': 'Soil_Moisture', 'u': '%', 't': 1749031520.2548964, 'v': 48.3}]}
2025-06-04 12:05:21,579 - INFO - Data written to DynamoDB: {'deviceID': 'a7b8c6d4', 'timestamp': Decimal('1749031521'), 'deviceType': 'Soil_Moisture', 'deviceLocation': 'Lingotto/Area_C/Position_03', 'value': Decimal('43.3'), 'unit': '%', 'topic': 'UniTO_IotSmartFarm/Lingotto/Area_C/Position_03/Soil_Moisture/a7b8c6d4'}
2025-06-04 12:05:21,579 - INFO - Written to DynamoDB: {'bn': 'UniTO_IotSmartFarm/Lingotto/Area_C/Position_03/Soil_Moisture/a7b8c6d4', 'e': [{'n': 'Soil_Moisture', 'u': '%', 't': 1749031521.2491677, 'v': 43.3}]}
2025-06-04 12:05:23,591 - INFO - Data written to DynamoDB: {'deviceID': '580f8d2d', 'timestamp': Decimal('1749031523'), 'deviceType': 'Temperature', 'deviceLocation': 'Lingotto/Area_B/Position_03', 'value': Decimal('29.1'), 'unit': 'Cel', 'topic': 'UniTO_IotSmartFarm/Lingotto/Area_B/Position_03/Temperature/580f8d2d'}
2025-06-04 12:05:23,592 - INFO - Written to DynamoDB: {'bn': 'UniTO_IotSmartFarm/Lingotto/Area_B/Position_03/Temperature/580f8d2d', 'e': [{'n': 'Temperature', 'u': 'Cel', 't': 1749031523.2588472, 'v': 29.1}]}
2025-06-04 12:05:24,583 - INFO - Data written to DynamoDB: {'deviceID': 'c3d47900', 'timestamp': Decimal('1749031524'), 'deviceType': 'Lightness', 'deviceLocation': 'Lingotto/Area_B/Position_03', 'value': Decimal('258.0'), 'unit': 'lx', 'topic': 'UniTO_IotSmartFarm/Lingotto/Area_B/Position_03/Lightness/c3d47900'}
2025-06-04 12:05:24,584 - INFO - Written to DynamoDB: {'bn': 'UniTO_IotSmartFarm/Lingotto/Area_B/Position_03/Lightness/c3d47900', 'e': [{'n': 'Lightness', 'u': 'lx', 't': 1749031524.2508469, 'v': 258.0}]}
2025-06-04 12:05:25,692 - INFO - Data written to DynamoDB: {'deviceID': '203045fb', 'timestamp': Decimal('1749031525'), 'deviceType': 'Soil_Moisture', 'deviceLocation': 'Lingotto/Area_A/Position_02', 'value': Decimal('77.7'), 'unit': '%', 'topic': 'UniTO_IotSmartFarm/Lingotto/Area_A/Position_02/Soil_Moisture/203045fb'}
2025-06-04 12:05:25,692 - INFO - Written to DynamoDB: {'bn': 'UniTO_IotSmartFarm/Lingotto/Area_A/Position_02/Soil_Moisture/203045fb', 'e': [{'n': 'Soil_Moisture', 'u': '%', 't': 1749031525.2607617, 'v': 77.7}]}
2025-06-04 12:05:25,829 - INFO - Data written to DynamoDB: {'deviceID': 'faf26dec', 'timestamp': Decimal('1749031525'), 'deviceType': 'CO2_Concentration', 'deviceLocation': 'Lingotto/Area_B/Position_03', 'value': Decimal('618.0'), 'unit': 'ppm', 'topic': 'UniTO_IotSmartFarm/Lingotto/Area_B/Position_03/CO2_Concentration/faf26dec'}
2025-06-04 12:05:25,829 - INFO - Written to DynamoDB: {'bn': 'UniTO_IotSmartFarm/Lingotto/Area_B/Position_03/CO2_Concentration/faf26dec', 'e': [{'n': 'CO2_Concentration', 'u': 'ppm', 't': 1749031525.2611315, 'v': 618.0}]}
2025-06-04 12:05:26,590 - INFO - Data written to DynamoDB: {'deviceID': '9947c72f', 'timestamp': Decimal('1749031526'), 'deviceType': 'CO2_Concentration', 'deviceLocation': 'Lingotto/Area_B/Position_06', 'value': Decimal('564.0'), 'unit': 'ppm', 'topic': 'UniTO_IotSmartFarm/Lingotto/Area_B/Position_06/CO2_Concentration/9947c72f'}
2025-06-04 12:05:26,590 - INFO - Written to DynamoDB: {'bn': 'UniTO_IotSmartFarm/Lingotto/Area_B/Position_06/CO2_Concentration/9947c72f', 'e': [{'n': 'CO2_Concentration', 'u': 'ppm', 't': 1749031526.2559717, 'v': 564.0}]}
2025-06-04 12:05:28,586 - INFO - Data written to DynamoDB: {'deviceID': '9f42a1c3', 'timestamp': Decimal('1749031528'), 'deviceType': 'Temperature', 'deviceLocation': 'Lingotto/Area_A/Position_01', 'value': Decimal('30.2'), 'unit': 'Cel', 'topic': 'UniTO_IotSmartFarm/Lingotto/Area_A/Position_01/Temperature/9f42a1c3'}
2025-06-04 12:05:28,586 - INFO - Written to DynamoDB: {'bn': 'UniTO_IotSmartFarm/Lingotto/Area_A/Position_01/Temperature/9f42a1c3', 'e': [{'n': 'Temperature', 'u': 'Cel', 't': 1749031528.2539513, 'v': 30.2}]}
2025-06-04 12:05:29,583 - INFO - Data written to DynamoDB: {'deviceID': '4b1e9d2f', 'timestamp': Decimal('1749031529'), 'deviceType': 'CO2_Concentration', 'deviceLocation': 'Lingotto/Area_B/Position_02', 'value': Decimal('745.0'), 'unit': 'ppm', 'topic': 'UniTO_IotSmartFarm/Lingotto/Area_B/Position_02/CO2_Concentration/4b1e9d2f'}
2025-06-04 12:05:29,584 - INFO - Written to DynamoDB: {'bn': 'UniTO_IotSmartFarm/Lingotto/Area_B/Position_02/CO2_Concentration/4b1e9d2f', 'e': [{'n': 'CO2_Concentration', 'u': 'ppm', 't': 1749031529.251041, 'v': 745.0}]}
2025-06-04 12:05:30,580 - INFO - Data written to DynamoDB: {'deviceID': 'a8830d33', 'timestamp': Decimal('1749031530'), 'deviceType': 'Soil_Moisture', 'deviceLocation': 'Lingotto/Area_D/Position_01', 'value': Decimal('46.3'), 'unit': '%', 'topic': 'UniTO_IotSmartFarm/Lingotto/Area_D/Position_01/Soil_Moisture/a8830d33'}
2025-06-04 12:05:30,580 - INFO - Written to DynamoDB: {'bn': 'UniTO_IotSmartFarm/Lingotto/Area_D/Position_01/Soil_Moisture/a8830d33', 'e': [{'n': 'Soil_Moisture', 'u': '%', 't': 1749031530.2489285, 'v': 46.3}]}
2025-06-04 12:05:31,595 - INFO - Data written to DynamoDB: {'deviceID': '580f8d2d', 'timestamp': Decimal('1749031531'), 'deviceType': 'Temperature', 'deviceLocation': 'Lingotto/Area_B/Position_03', 'value': Decimal('40.2'), 'unit': 'Cel', 'topic': 'UniTO_IotSmartFarm/Lingotto/Area_B/Position_03/Temperature/580f8d2d'}
2025-06-04 12:05:31,595 - INFO - Written to DynamoDB: {'bn': 'UniTO_IotSmartFarm/Lingotto/Area_B/Position_03/Temperature/580f8d2d', 'e': [{'n': 'Temperature', 'u': 'Cel', 't': 1749031531.265959, 'v': 40.2}]}
2025-06-04 12:05:33,692 - INFO - Data written to DynamoDB: {'deviceID': 'f47ac10b', 'timestamp': Decimal('1749031533'), 'deviceType': 'Lightness', 'deviceLocation': 'Lingotto/Area_B/Position_01', 'value': Decimal('967.0'), 'unit': 'lx', 'topic': 'UniTO_IotSmartFarm/Lingotto/Area_B/Position_01/Lightness/f47ac10b'}
2025-06-04 12:05:33,692 - INFO - Written to DynamoDB: {'bn': 'UniTO_IotSmartFarm/Lingotto/Area_B/Position_01/Lightness/f47ac10b', 'e': [{'n': 'Lightness', 'u': 'lx', 't': 1749031533.2668796, 'v': 967.0}]}
2025-06-04 12:05:33,785 - INFO - Data written to DynamoDB: {'deviceID': 'd559dc98', 'timestamp': Decimal('1749031533'), 'deviceType': 'Temperature', 'deviceLocation': 'Lingotto/Area_A/Position_02', 'value': Decimal('21.1'), 'unit': 'Cel', 'topic': 'UniTO_IotSmartFarm/Lingotto/Area_A/Position_02/Temperature/d559dc98'}
2025-06-04 12:05:33,785 - INFO - Written to DynamoDB: {'bn': 'UniTO_IotSmartFarm/Lingotto/Area_A/Position_02/Temperature/d559dc98', 'e': [{'n': 'Temperature', 'u': 'Cel', 't': 1749031533.2668796, 'v': 21.1}]}
2025-06-04 12:05:33,878 - INFO - Data written to DynamoDB: {'deviceID': 'ffee552a', 'timestamp': Decimal('1749031533'), 'deviceType': 'Soil_Moisture', 'deviceLocation': 'Lingotto/Area_C/Position_05', 'value': Decimal('55.7'), 'unit': '%', 'topic': 'UniTO_IotSmartFarm/Lingotto/Area_C/Position_05/Soil_Moisture/ffee552a'}
2025-06-04 12:05:33,879 - INFO - Written to DynamoDB: {'bn': 'UniTO_IotSmartFarm/Lingotto/Area_C/Position_05/Soil_Moisture/ffee552a', 'e': [{'n': 'Soil_Moisture', 'u': '%', 't': 1749031533.2668796, 'v': 55.7}]}
2025-06-04 12:05:34,693 - INFO - Data written to DynamoDB: {'deviceID': '203045fb', 'timestamp': Decimal('1749031534'), 'deviceType': 'Soil_Moisture', 'deviceLocation': 'Lingotto/Area_A/Position_02', 'value': Decimal('35.5'), 'unit': '%', 'topic': 'UniTO_IotSmartFarm/Lingotto/Area_A/Position_02/Soil_Moisture/203045fb'}
2025-06-04 12:05:34,693 - INFO - Written to DynamoDB: {'bn': 'UniTO_IotSmartFarm/Lingotto/Area_A/Position_02/Soil_Moisture/203045fb', 'e': [{'n': 'Soil_Moisture', 'u': '%', 't': 1749031534.2633653, 'v': 35.5}]}
2025-06-04 12:05:34,835 - INFO - Data written to DynamoDB: {'deviceID': 'faf26dec', 'timestamp': Decimal('1749031534'), 'deviceType': 'CO2_Concentration', 'deviceLocation': 'Lingotto/Area_B/Position_03', 'value': Decimal('528.0'), 'unit': 'ppm', 'topic': 'UniTO_IotSmartFarm/Lingotto/Area_B/Position_03/CO2_Concentration/faf26dec'}
2025-06-04 12:05:34,835 - INFO - Written to DynamoDB: {'bn': 'UniTO_IotSmartFarm/Lingotto/Area_B/Position_03/CO2_Concentration/faf26dec', 'e': [{'n': 'CO2_Concentration', 'u': 'ppm', 't': 1749031534.2633653, 'v': 528.0}]}
2025-06-04 12:05:35,596 - INFO - Data written to DynamoDB: {'deviceID': 'a7b8c6d4', 'timestamp': Decimal('1749031535'), 'deviceType': 'Soil_Moisture', 'deviceLocation': 'Lingotto/Area_C/Position_03', 'value': Decimal('29.1'), 'unit': '%', 'topic': 'UniTO_IotSmartFarm/Lingotto/Area_C/Position_03/Soil_Moisture/a7b8c6d4'}
2025-06-04 12:05:35,596 - INFO - Written to DynamoDB: {'bn': 'UniTO_IotSmartFarm/Lingotto/Area_C/Position_03/Soil_Moisture/a7b8c6d4', 'e': [{'n': 'Soil_Moisture', 'u': '%', 't': 1749031535.2607603, 'v': 29.1}]}
2025-06-04 12:05:39,597 - INFO - Data written to DynamoDB: {'deviceID': '580f8d2d', 'timestamp': Decimal('1749031539'), 'deviceType': 'Temperature', 'deviceLocation': 'Lingotto/Area_B/Position_03', 'value': Decimal('25.8'), 'unit': 'Cel', 'topic': 'UniTO_IotSmartFarm/Lingotto/Area_B/Position_03/Temperature/580f8d2d'}
2025-06-04 12:05:39,597 - INFO - Written to DynamoDB: {'bn': 'UniTO_IotSmartFarm/Lingotto/Area_B/Position_03/Temperature/580f8d2d', 'e': [{'n': 'Temperature', 'u': 'Cel', 't': 1749031539.2689505, 'v': 25.8}]}
2025-06-04 12:05:40,593 - INFO - Data written to DynamoDB: {'deviceID': '4b1e9d2f', 'timestamp': Decimal('1749031540'), 'deviceType': 'CO2_Concentration', 'deviceLocation': 'Lingotto/Area_B/Position_02', 'value': Decimal('671.0'), 'unit': 'ppm', 'topic': 'UniTO_IotSmartFarm/Lingotto/Area_B/Position_02/CO2_Concentration/4b1e9d2f'}
2025-06-04 12:05:40,593 - INFO - Written to DynamoDB: {'bn': 'UniTO_IotSmartFarm/Lingotto/Area_B/Position_02/CO2_Concentration/4b1e9d2f', 'e': [{'n': 'CO2_Concentration', 'u': 'ppm', 't': 1749031540.2645721, 'v': 671.0}]}
2025-06-04 12:05:41,591 - INFO - Data written to DynamoDB: {'deviceID': 'c3d47900', 'timestamp': Decimal('1749031541'), 'deviceType': 'Lightness', 'deviceLocation': 'Lingotto/Area_B/Position_03', 'value': Decimal('389.0'), 'unit': 'lx', 'topic': 'UniTO_IotSmartFarm/Lingotto/Area_B/Position_03/Lightness/c3d47900'}
2025-06-04 12:05:41,591 - INFO - Written to DynamoDB: {'bn': 'UniTO_IotSmartFarm/Lingotto/Area_B/Position_03/Lightness/c3d47900', 'e': [{'n': 'Lightness', 'u': 'lx', 't': 1749031541.2619717, 'v': 389.0}]}
2025-06-04 12:05:43,699 - INFO - Data written to DynamoDB: {'deviceID': '203045fb', 'timestamp': Decimal('1749031543'), 'deviceType': 'Soil_Moisture', 'deviceLocation': 'Lingotto/Area_A/Position_02', 'value': Decimal('18.7'), 'unit': '%', 'topic': 'UniTO_IotSmartFarm/Lingotto/Area_A/Position_02/Soil_Moisture/203045fb'}
2025-06-04 12:05:43,699 - INFO - Written to DynamoDB: {'bn': 'UniTO_IotSmartFarm/Lingotto/Area_A/Position_02/Soil_Moisture/203045fb', 'e': [{'n': 'Soil_Moisture', 'u': '%', 't': 1749031543.2759137, 'v': 18.7}]}
2025-06-04 12:05:43,833 - INFO - Data written to DynamoDB: {'deviceID': 'faf26dec', 'timestamp': Decimal('1749031543'), 'deviceType': 'CO2_Concentration', 'deviceLocation': 'Lingotto/Area_B/Position_03', 'value': Decimal('571.0'), 'unit': 'ppm', 'topic': 'UniTO_IotSmartFarm/Lingotto/Area_B/Position_03/CO2_Concentration/faf26dec'}
2025-06-04 12:05:43,833 - INFO - Written to DynamoDB: {'bn': 'UniTO_IotSmartFarm/Lingotto/Area_B/Position_03/CO2_Concentration/faf26dec', 'e': [{'n': 'CO2_Concentration', 'u': 'ppm', 't': 1749031543.2759137, 'v': 571.0}]}
2025-06-04 12:05:45,587 - INFO - Data written to DynamoDB: {'deviceID': '9947c72f', 'timestamp': Decimal('1749031545'), 'deviceType': 'CO2_Concentration', 'deviceLocation': 'Lingotto/Area_B/Position_06', 'value': Decimal('565.0'), 'unit': 'ppm', 'topic': 'UniTO_IotSmartFarm/Lingotto/Area_B/Position_06/CO2_Concentration/9947c72f'}
2025-06-04 12:05:45,587 - INFO - Written to DynamoDB: {'bn': 'UniTO_IotSmartFarm/Lingotto/Area_B/Position_06/CO2_Concentration/9947c72f', 'e': [{'n': 'CO2_Concentration', 'u': 'ppm', 't': 1749031545.2588232, 'v': 565.0}]}
2025-06-04 12:05:46,695 - INFO - Data written to DynamoDB: {'deviceID': 'f47ac10b', 'timestamp': Decimal('1749031546'), 'deviceType': 'Lightness', 'deviceLocation': 'Lingotto/Area_B/Position_01', 'value': Decimal('522.0'), 'unit': 'lx', 'topic': 'UniTO_IotSmartFarm/Lingotto/Area_B/Position_01/Lightness/f47ac10b'}
2025-06-04 12:05:46,695 - INFO - Written to DynamoDB: {'bn': 'UniTO_IotSmartFarm/Lingotto/Area_B/Position_01/Lightness/f47ac10b', 'e': [{'n': 'Lightness', 'u': 'lx', 't': 1749031546.2688122, 'v': 522.0}]}
2025-06-04 12:05:46,786 - INFO - Data written to DynamoDB: {'deviceID': 'd559dc98', 'timestamp': Decimal('1749031546'), 'deviceType': 'Temperature', 'deviceLocation': 'Lingotto/Area_A/Position_02', 'value': Decimal('32.0'), 'unit': 'Cel', 'topic': 'UniTO_IotSmartFarm/Lingotto/Area_A/Position_02/Temperature/d559dc98'}
2025-06-04 12:05:46,786 - INFO - Written to DynamoDB: {'bn': 'UniTO_IotSmartFarm/Lingotto/Area_A/Position_02/Temperature/d559dc98', 'e': [{'n': 'Temperature', 'u': 'Cel', 't': 1749031546.2688122, 'v': 32.0}]}
2025-06-04 12:05:46,890 - INFO - Data written to DynamoDB: {'deviceID': 'ffee552a', 'timestamp': Decimal('1749031546'), 'deviceType': 'Soil_Moisture', 'deviceLocation': 'Lingotto/Area_C/Position_05', 'value': Decimal('71.0'), 'unit': '%', 'topic': 'UniTO_IotSmartFarm/Lingotto/Area_C/Position_05/Soil_Moisture/ffee552a'}
2025-06-04 12:05:46,890 - INFO - Written to DynamoDB: {'bn': 'UniTO_IotSmartFarm/Lingotto/Area_C/Position_05/Soil_Moisture/ffee552a', 'e': [{'n': 'Soil_Moisture', 'u': '%', 't': 1749031546.2688122, 'v': 71.0}]}
2025-06-04 12:05:47,605 - INFO - Data written to DynamoDB: {'deviceID': '580f8d2d', 'timestamp': Decimal('1749031547'), 'deviceType': 'Temperature', 'deviceLocation': 'Lingotto/Area_B/Position_03', 'value': Decimal('17.1'), 'unit': 'Cel', 'topic': 'UniTO_IotSmartFarm/Lingotto/Area_B/Position_03/Temperature/580f8d2d'}
2025-06-04 12:05:47,605 - INFO - Written to DynamoDB: {'bn': 'UniTO_IotSmartFarm/Lingotto/Area_B/Position_03/Temperature/580f8d2d', 'e': [{'n': 'Temperature', 'u': 'Cel', 't': 1749031547.2749484, 'v': 17.1}]}
2025-06-04 12:05:49,683 - INFO - Data written to DynamoDB: {'deviceID': '9f42a1c3', 'timestamp': Decimal('1749031549'), 'deviceType': 'Temperature', 'deviceLocation': 'Lingotto/Area_A/Position_01', 'value': Decimal('29.2'), 'unit': 'Cel', 'topic': 'UniTO_IotSmartFarm/Lingotto/Area_A/Position_01/Temperature/9f42a1c3'}
2025-06-04 12:05:49,684 - INFO - Written to DynamoDB: {'bn': 'UniTO_IotSmartFarm/Lingotto/Area_A/Position_01/Temperature/9f42a1c3', 'e': [{'n': 'Temperature', 'u': 'Cel', 't': 1749031549.258675, 'v': 29.2}]}
2025-06-04 12:05:49,823 - INFO - Data written to DynamoDB: {'deviceID': 'a7b8c6d4', 'timestamp': Decimal('1749031549'), 'deviceType': 'Soil_Moisture', 'deviceLocation': 'Lingotto/Area_C/Position_03', 'value': Decimal('37.6'), 'unit': '%', 'topic': 'UniTO_IotSmartFarm/Lingotto/Area_C/Position_03/Soil_Moisture/a7b8c6d4'}
2025-06-04 12:05:49,823 - INFO - Written to DynamoDB: {'bn': 'UniTO_IotSmartFarm/Lingotto/Area_C/Position_03/Soil_Moisture/a7b8c6d4', 'e': [{'n': 'Soil_Moisture', 'u': '%', 't': 1749031549.2740982, 'v': 37.6}]}
2025-06-04 12:05:51,609 - INFO - Data written to DynamoDB: {'deviceID': '4b1e9d2f', 'timestamp': Decimal('1749031551'), 'deviceType': 'CO2_Concentration', 'deviceLocation': 'Lingotto/Area_B/Position_02', 'value': Decimal('681.0'), 'unit': 'ppm', 'topic': 'UniTO_IotSmartFarm/Lingotto/Area_B/Position_02/CO2_Concentration/4b1e9d2f'}
2025-06-04 12:05:51,609 - INFO - Written to DynamoDB: {'bn': 'UniTO_IotSmartFarm/Lingotto/Area_B/Position_02/CO2_Concentration/4b1e9d2f', 'e': [{'n': 'CO2_Concentration', 'u': 'ppm', 't': 1749031551.2782364, 'v': 681.0}]}
2025-06-04 12:05:52,717 - INFO - Data written to DynamoDB: {'deviceID': '203045fb', 'timestamp': Decimal('1749031552'), 'deviceType': 'Soil_Moisture', 'deviceLocation': 'Lingotto/Area_A/Position_02', 'value': Decimal('75.4'), 'unit': '%', 'topic': 'UniTO_IotSmartFarm/Lingotto/Area_A/Position_02/Soil_Moisture/203045fb'}
2025-06-04 12:05:52,717 - INFO - Written to DynamoDB: {'bn': 'UniTO_IotSmartFarm/Lingotto/Area_A/Position_02/Soil_Moisture/203045fb', 'e': [{'n': 'Soil_Moisture', 'u': '%', 't': 1749031552.2893252, 'v': 75.4}]}
2025-06-04 12:05:52,857 - INFO - Data written to DynamoDB: {'deviceID': 'faf26dec', 'timestamp': Decimal('1749031552'), 'deviceType': 'CO2_Concentration', 'deviceLocation': 'Lingotto/Area_B/Position_03', 'value': Decimal('516.0'), 'unit': 'ppm', 'topic': 'UniTO_IotSmartFarm/Lingotto/Area_B/Position_03/CO2_Concentration/faf26dec'}
2025-06-04 12:05:52,857 - INFO - Written to DynamoDB: {'bn': 'UniTO_IotSmartFarm/Lingotto/Area_B/Position_03/CO2_Concentration/faf26dec', 'e': [{'n': 'CO2_Concentration', 'u': 'ppm', 't': 1749031552.2893252, 'v': 516.0}]}
2025-06-04 12:05:53,582 - INFO - Data written to DynamoDB: {'deviceID': 'a8830d33', 'timestamp': Decimal('1749031553'), 'deviceType': 'Soil_Moisture', 'deviceLocation': 'Lingotto/Area_D/Position_01', 'value': Decimal('52.7'), 'unit': '%', 'topic': 'UniTO_IotSmartFarm/Lingotto/Area_D/Position_01/Soil_Moisture/a8830d33'}
2025-06-04 12:05:53,582 - INFO - Written to DynamoDB: {'bn': 'UniTO_IotSmartFarm/Lingotto/Area_D/Position_01/Soil_Moisture/a8830d33', 'e': [{'n': 'Soil_Moisture', 'u': '%', 't': 1749031553.254064, 'v': 52.7}]}
2025-06-04 12:05:55,608 - INFO - Data written to DynamoDB: {'deviceID': '580f8d2d', 'timestamp': Decimal('1749031555'), 'deviceType': 'Temperature', 'deviceLocation': 'Lingotto/Area_B/Position_03', 'value': Decimal('23.6'), 'unit': 'Cel', 'topic': 'UniTO_IotSmartFarm/Lingotto/Area_B/Position_03/Temperature/580f8d2d'}
2025-06-04 12:05:55,608 - INFO - Written to DynamoDB: {'bn': 'UniTO_IotSmartFarm/Lingotto/Area_B/Position_03/Temperature/580f8d2d', 'e': [{'n': 'Temperature', 'u': 'Cel', 't': 1749031555.2799134, 'v': 23.6}]}
2025-06-04 12:05:58,594 - INFO - Data written to DynamoDB: {'deviceID': 'c3d47900', 'timestamp': Decimal('1749031558'), 'deviceType': 'Lightness', 'deviceLocation': 'Lingotto/Area_B/Position_03', 'value': Decimal('245.0'), 'unit': 'lx', 'topic': 'UniTO_IotSmartFarm/Lingotto/Area_B/Position_03/Lightness/c3d47900'}
2025-06-04 12:05:58,595 - INFO - Written to DynamoDB: {'bn': 'UniTO_IotSmartFarm/Lingotto/Area_B/Position_03/Lightness/c3d47900', 'e': [{'n': 'Lightness', 'u': 'lx', 't': 1749031558.2629194, 'v': 245.0}]}
2025-06-04 12:05:59,706 - INFO - Data written to DynamoDB: {'deviceID': 'd559dc98', 'timestamp': Decimal('1749031559'), 'deviceType': 'Temperature', 'deviceLocation': 'Lingotto/Area_A/Position_02', 'value': Decimal('23.1'), 'unit': 'Cel', 'topic': 'UniTO_IotSmartFarm/Lingotto/Area_A/Position_02/Temperature/d559dc98'}
2025-06-04 12:05:59,707 - INFO - Written to DynamoDB: {'bn': 'UniTO_IotSmartFarm/Lingotto/Area_A/Position_02/Temperature/d559dc98', 'e': [{'n': 'Temperature', 'u': 'Cel', 't': 1749031559.2780828, 'v': 23.1}]}
2025-06-04 12:05:59,800 - INFO - Data written to DynamoDB: {'deviceID': 'f47ac10b', 'timestamp': Decimal('1749031559'), 'deviceType': 'Lightness', 'deviceLocation': 'Lingotto/Area_B/Position_01', 'value': Decimal('427.0'), 'unit': 'lx', 'topic': 'UniTO_IotSmartFarm/Lingotto/Area_B/Position_01/Lightness/f47ac10b'}
2025-06-04 12:05:59,800 - INFO - Written to DynamoDB: {'bn': 'UniTO_IotSmartFarm/Lingotto/Area_B/Position_01/Lightness/f47ac10b', 'e': [{'n': 'Lightness', 'u': 'lx', 't': 1749031559.2771044, 'v': 427.0}]}
2025-06-04 12:05:59,893 - INFO - Data written to DynamoDB: {'deviceID': 'ffee552a', 'timestamp': Decimal('1749031559'), 'deviceType': 'Soil_Moisture', 'deviceLocation': 'Lingotto/Area_C/Position_05', 'value': Decimal('22.9'), 'unit': '%', 'topic': 'UniTO_IotSmartFarm/Lingotto/Area_C/Position_05/Soil_Moisture/ffee552a'}
2025-06-04 12:05:59,893 - INFO - Written to DynamoDB: {'bn': 'UniTO_IotSmartFarm/Lingotto/Area_C/Position_05/Soil_Moisture/ffee552a', 'e': [{'n': 'Soil_Moisture', 'u': '%', 't': 1749031559.2771044, 'v': 22.9}]}
2025-06-04 12:06:01,728 - INFO - Data written to DynamoDB: {'deviceID': '203045fb', 'timestamp': Decimal('1749031561'), 'deviceType': 'Soil_Moisture', 'deviceLocation': 'Lingotto/Area_A/Position_02', 'value': Decimal('27.2'), 'unit': '%', 'topic': 'UniTO_IotSmartFarm/Lingotto/Area_A/Position_02/Soil_Moisture/203045fb'}
2025-06-04 12:06:01,728 - INFO - Written to DynamoDB: {'bn': 'UniTO_IotSmartFarm/Lingotto/Area_A/Position_02/Soil_Moisture/203045fb', 'e': [{'n': 'Soil_Moisture', 'u': '%', 't': 1749031561.3017604, 'v': 27.2}]}
2025-06-04 12:06:01,865 - INFO - Data written to DynamoDB: {'deviceID': 'faf26dec', 'timestamp': Decimal('1749031561'), 'deviceType': 'CO2_Concentration', 'deviceLocation': 'Lingotto/Area_B/Position_03', 'value': Decimal('545.0'), 'unit': 'ppm', 'topic': 'UniTO_IotSmartFarm/Lingotto/Area_B/Position_03/CO2_Concentration/faf26dec'}
2025-06-04 12:06:01,865 - INFO - Written to DynamoDB: {'bn': 'UniTO_IotSmartFarm/Lingotto/Area_B/Position_03/CO2_Concentration/faf26dec', 'e': [{'n': 'CO2_Concentration', 'u': 'ppm', 't': 1749031561.3017604, 'v': 545.0}]}
2025-06-04 12:06:02,612 - INFO - Data written to DynamoDB: {'deviceID': '4b1e9d2f', 'timestamp': Decimal('1749031562'), 'deviceType': 'CO2_Concentration', 'deviceLocation': 'Lingotto/Area_B/Position_02', 'value': Decimal('461.0'), 'unit': 'ppm', 'topic': 'UniTO_IotSmartFarm/Lingotto/Area_B/Position_02/CO2_Concentration/4b1e9d2f'}
2025-06-04 12:06:02,612 - INFO - Written to DynamoDB: {'bn': 'UniTO_IotSmartFarm/Lingotto/Area_B/Position_02/CO2_Concentration/4b1e9d2f', 'e': [{'n': 'CO2_Concentration', 'u': 'ppm', 't': 1749031562.2809215, 'v': 461.0}]}
2025-06-04 12:06:03,718 - INFO - Data written to DynamoDB: {'deviceID': '580f8d2d', 'timestamp': Decimal('1749031563'), 'deviceType': 'Temperature', 'deviceLocation': 'Lingotto/Area_B/Position_03', 'value': Decimal('21.6'), 'unit': 'Cel', 'topic': 'UniTO_IotSmartFarm/Lingotto/Area_B/Position_03/Temperature/580f8d2d'}
2025-06-04 12:06:03,718 - INFO - Written to DynamoDB: {'bn': 'UniTO_IotSmartFarm/Lingotto/Area_B/Position_03/Temperature/580f8d2d', 'e': [{'n': 'Temperature', 'u': 'Cel', 't': 1749031563.2879176, 'v': 21.6}]}
2025-06-04 12:06:03,858 - INFO - Data written to DynamoDB: {'deviceID': 'a7b8c6d4', 'timestamp': Decimal('1749031563'), 'deviceType': 'Soil_Moisture', 'deviceLocation': 'Lingotto/Area_C/Position_03', 'value': Decimal('22.2'), 'unit': '%', 'topic': 'UniTO_IotSmartFarm/Lingotto/Area_C/Position_03/Soil_Moisture/a7b8c6d4'}
2025-06-04 12:06:03,859 - INFO - Written to DynamoDB: {'bn': 'UniTO_IotSmartFarm/Lingotto/Area_C/Position_03/Soil_Moisture/a7b8c6d4', 'e': [{'n': 'Soil_Moisture', 'u': '%', 't': 1749031563.2879176, 'v': 22.2}]}
2025-06-04 12:06:04,602 - INFO - Data written to DynamoDB: {'deviceID': '9947c72f', 'timestamp': Decimal('1749031564'), 'deviceType': 'CO2_Concentration', 'deviceLocation': 'Lingotto/Area_B/Position_06', 'value': Decimal('735.0'), 'unit': 'ppm', 'topic': 'UniTO_IotSmartFarm/Lingotto/Area_B/Position_06/CO2_Concentration/9947c72f'}
2025-06-04 12:06:04,603 - INFO - Written to DynamoDB: {'bn': 'UniTO_IotSmartFarm/Lingotto/Area_B/Position_06/CO2_Concentration/9947c72f', 'e': [{'n': 'CO2_Concentration', 'u': 'ppm', 't': 1749031564.2648942, 'v': 735.0}]}
2025-06-04 12:06:10,691 - INFO - Data written to DynamoDB: {'deviceID': '9f42a1c3', 'timestamp': Decimal('1749031570'), 'deviceType': 'Temperature', 'deviceLocation': 'Lingotto/Area_A/Position_01', 'value': Decimal('39.4'), 'unit': 'Cel', 'topic': 'UniTO_IotSmartFarm/Lingotto/Area_A/Position_01/Temperature/9f42a1c3'}
2025-06-04 12:06:10,691 - INFO - Written to DynamoDB: {'bn': 'UniTO_IotSmartFarm/Lingotto/Area_A/Position_01/Temperature/9f42a1c3', 'e': [{'n': 'Temperature', 'u': 'Cel', 't': 1749031570.2597542, 'v': 39.4}]}
2025-06-04 12:06:10,784 - INFO - Data written to DynamoDB: {'deviceID': '203045fb', 'timestamp': Decimal('1749031570'), 'deviceType': 'Soil_Moisture', 'deviceLocation': 'Lingotto/Area_A/Position_02', 'value': Decimal('52.3'), 'unit': '%', 'topic': 'UniTO_IotSmartFarm/Lingotto/Area_A/Position_02/Soil_Moisture/203045fb'}
2025-06-04 12:06:10,785 - INFO - Written to DynamoDB: {'bn': 'UniTO_IotSmartFarm/Lingotto/Area_A/Position_02/Soil_Moisture/203045fb', 'e': [{'n': 'Soil_Moisture', 'u': '%', 't': 1749031570.305253, 'v': 52.3}]}
2025-06-04 12:06:10,878 - INFO - Data written to DynamoDB: {'deviceID': 'faf26dec', 'timestamp': Decimal('1749031570'), 'deviceType': 'CO2_Concentration', 'deviceLocation': 'Lingotto/Area_B/Position_03', 'value': Decimal('472.0'), 'unit': 'ppm', 'topic': 'UniTO_IotSmartFarm/Lingotto/Area_B/Position_03/CO2_Concentration/faf26dec'}
2025-06-04 12:06:10,878 - INFO - Written to DynamoDB: {'bn': 'UniTO_IotSmartFarm/Lingotto/Area_B/Position_03/CO2_Concentration/faf26dec', 'e': [{'n': 'CO2_Concentration', 'u': 'ppm', 't': 1749031570.305253, 'v': 472.0}]}
2025-06-04 12:06:11,633 - INFO - Data written to DynamoDB: {'deviceID': '580f8d2d', 'timestamp': Decimal('1749031571'), 'deviceType': 'Temperature', 'deviceLocation': 'Lingotto/Area_B/Position_03', 'value': Decimal('34.7'), 'unit': 'Cel', 'topic': 'UniTO_IotSmartFarm/Lingotto/Area_B/Position_03/Temperature/580f8d2d'}
2025-06-04 12:06:11,633 - INFO - Written to DynamoDB: {'bn': 'UniTO_IotSmartFarm/Lingotto/Area_B/Position_03/Temperature/580f8d2d', 'e': [{'n': 'Temperature', 'u': 'Cel', 't': 1749031571.3018553, 'v': 34.7}]}
2025-06-04 12:06:12,713 - INFO - Data written to DynamoDB: {'deviceID': 'f47ac10b', 'timestamp': Decimal('1749031572'), 'deviceType': 'Lightness', 'deviceLocation': 'Lingotto/Area_B/Position_01', 'value': Decimal('212.0'), 'unit': 'lx', 'topic': 'UniTO_IotSmartFarm/Lingotto/Area_B/Position_01/Lightness/f47ac10b'}
2025-06-04 12:06:12,713 - INFO - Written to DynamoDB: {'bn': 'UniTO_IotSmartFarm/Lingotto/Area_B/Position_01/Lightness/f47ac10b', 'e': [{'n': 'Lightness', 'u': 'lx', 't': 1749031572.2840862, 'v': 212.0}]}
2025-06-04 12:06:12,810 - INFO - Data written to DynamoDB: {'deviceID': 'd559dc98', 'timestamp': Decimal('1749031572'), 'deviceType': 'Temperature', 'deviceLocation': 'Lingotto/Area_A/Position_02', 'value': Decimal('39.9'), 'unit': 'Cel', 'topic': 'UniTO_IotSmartFarm/Lingotto/Area_A/Position_02/Temperature/d559dc98'}
2025-06-04 12:06:12,810 - INFO - Written to DynamoDB: {'bn': 'UniTO_IotSmartFarm/Lingotto/Area_A/Position_02/Temperature/d559dc98', 'e': [{'n': 'Temperature', 'u': 'Cel', 't': 1749031572.2840862, 'v': 39.9}]}
2025-06-04 12:06:12,900 - INFO - Data written to DynamoDB: {'deviceID': 'ffee552a', 'timestamp': Decimal('1749031572'), 'deviceType': 'Soil_Moisture', 'deviceLocation': 'Lingotto/Area_C/Position_05', 'value': Decimal('70.7'), 'unit': '%', 'topic': 'UniTO_IotSmartFarm/Lingotto/Area_C/Position_05/Soil_Moisture/ffee552a'}
2025-06-04 12:06:12,900 - INFO - Written to DynamoDB: {'bn': 'UniTO_IotSmartFarm/Lingotto/Area_C/Position_05/Soil_Moisture/ffee552a', 'e': [{'n': 'Soil_Moisture', 'u': '%', 't': 1749031572.2840862, 'v': 70.7}]}
2025-06-04 12:06:13,618 - INFO - Data written to DynamoDB: {'deviceID': '4b1e9d2f', 'timestamp': Decimal('1749031573'), 'deviceType': 'CO2_Concentration', 'deviceLocation': 'Lingotto/Area_B/Position_02', 'value': Decimal('644.0'), 'unit': 'ppm', 'topic': 'UniTO_IotSmartFarm/Lingotto/Area_B/Position_02/CO2_Concentration/4b1e9d2f'}
2025-06-04 12:06:13,618 - INFO - Written to DynamoDB: {'bn': 'UniTO_IotSmartFarm/Lingotto/Area_B/Position_02/CO2_Concentration/4b1e9d2f', 'e': [{'n': 'CO2_Concentration', 'u': 'ppm', 't': 1749031573.2908936, 'v': 644.0}]}
2025-06-04 12:06:15,596 - INFO - Data written to DynamoDB: {'deviceID': 'c3d47900', 'timestamp': Decimal('1749031575'), 'deviceType': 'Lightness', 'deviceLocation': 'Lingotto/Area_B/Position_03', 'value': Decimal('641.0'), 'unit': 'lx', 'topic': 'UniTO_IotSmartFarm/Lingotto/Area_B/Position_03/Lightness/c3d47900'}
2025-06-04 12:06:15,596 - INFO - Written to DynamoDB: {'bn': 'UniTO_IotSmartFarm/Lingotto/Area_B/Position_03/Lightness/c3d47900', 'e': [{'n': 'Lightness', 'u': 'lx', 't': 1749031575.263765, 'v': 641.0}]}
2025-06-04 12:06:16,586 - INFO - Data written to DynamoDB: {'deviceID': 'a8830d33', 'timestamp': Decimal('1749031576'), 'deviceType': 'Soil_Moisture', 'deviceLocation': 'Lingotto/Area_D/Position_01', 'value': Decimal('28.2'), 'unit': '%', 'topic': 'UniTO_IotSmartFarm/Lingotto/Area_D/Position_01/Soil_Moisture/a8830d33'}
2025-06-04 12:06:16,586 - INFO - Written to DynamoDB: {'bn': 'UniTO_IotSmartFarm/Lingotto/Area_D/Position_01/Soil_Moisture/a8830d33', 'e': [{'n': 'Soil_Moisture', 'u': '%', 't': 1749031576.2553122, 'v': 28.2}]}
2025-06-04 12:06:17,625 - INFO - Data written to DynamoDB: {'deviceID': 'a7b8c6d4', 'timestamp': Decimal('1749031577'), 'deviceType': 'Soil_Moisture', 'deviceLocation': 'Lingotto/Area_C/Position_03', 'value': Decimal('63.8'), 'unit': '%', 'topic': 'UniTO_IotSmartFarm/Lingotto/Area_C/Position_03/Soil_Moisture/a7b8c6d4'}
2025-06-04 12:06:17,625 - INFO - Written to DynamoDB: {'bn': 'UniTO_IotSmartFarm/Lingotto/Area_C/Position_03/Soil_Moisture/a7b8c6d4', 'e': [{'n': 'Soil_Moisture', 'u': '%', 't': 1749031577.2959034, 'v': 63.8}]}
2025-06-04 12:06:19,741 - INFO - Data written to DynamoDB: {'deviceID': '203045fb', 'timestamp': Decimal('1749031579'), 'deviceType': 'Soil_Moisture', 'deviceLocation': 'Lingotto/Area_A/Position_02', 'value': Decimal('61.0'), 'unit': '%', 'topic': 'UniTO_IotSmartFarm/Lingotto/Area_A/Position_02/Soil_Moisture/203045fb'}
2025-06-04 12:06:19,741 - INFO - Written to DynamoDB: {'bn': 'UniTO_IotSmartFarm/Lingotto/Area_A/Position_02/Soil_Moisture/203045fb', 'e': [{'n': 'Soil_Moisture', 'u': '%', 't': 1749031579.3153613, 'v': 61.0}]}
2025-06-04 12:06:19,837 - INFO - Data written to DynamoDB: {'deviceID': '580f8d2d', 'timestamp': Decimal('1749031579'), 'deviceType': 'Temperature', 'deviceLocation': 'Lingotto/Area_B/Position_03', 'value': Decimal('29.1'), 'unit': 'Cel', 'topic': 'UniTO_IotSmartFarm/Lingotto/Area_B/Position_03/Temperature/580f8d2d'}
2025-06-04 12:06:19,837 - INFO - Written to DynamoDB: {'bn': 'UniTO_IotSmartFarm/Lingotto/Area_B/Position_03/Temperature/580f8d2d', 'e': [{'n': 'Temperature', 'u': 'Cel', 't': 1749031579.3153613, 'v': 29.1}]}
2025-06-04 12:06:19,931 - INFO - Data written to DynamoDB: {'deviceID': 'faf26dec', 'timestamp': Decimal('1749031579'), 'deviceType': 'CO2_Concentration', 'deviceLocation': 'Lingotto/Area_B/Position_03', 'value': Decimal('698.0'), 'unit': 'ppm', 'topic': 'UniTO_IotSmartFarm/Lingotto/Area_B/Position_03/CO2_Concentration/faf26dec'}
2025-06-04 12:06:19,931 - INFO - Written to DynamoDB: {'bn': 'UniTO_IotSmartFarm/Lingotto/Area_B/Position_03/CO2_Concentration/faf26dec', 'e': [{'n': 'CO2_Concentration', 'u': 'ppm', 't': 1749031579.3153613, 'v': 698.0}]}
2025-06-04 12:06:23,671 - INFO - Data written to DynamoDB: {'deviceID': '9947c72f', 'timestamp': Decimal('1749031583'), 'deviceType': 'CO2_Concentration', 'deviceLocation': 'Lingotto/Area_B/Position_06', 'value': Decimal('791.0'), 'unit': 'ppm', 'topic': 'UniTO_IotSmartFarm/Lingotto/Area_B/Position_06/CO2_Concentration/9947c72f'}
2025-06-04 12:06:23,672 - INFO - Written to DynamoDB: {'bn': 'UniTO_IotSmartFarm/Lingotto/Area_B/Position_06/CO2_Concentration/9947c72f', 'e': [{'n': 'CO2_Concentration', 'u': 'ppm', 't': 1749031583.2660513, 'v': 791.0}]}
2025-06-04 12:06:24,796 - INFO - Data written to DynamoDB: {'deviceID': '4b1e9d2f', 'timestamp': Decimal('1749031584'), 'deviceType': 'CO2_Concentration', 'deviceLocation': 'Lingotto/Area_B/Position_02', 'value': Decimal('942.0'), 'unit': 'ppm', 'topic': 'UniTO_IotSmartFarm/Lingotto/Area_B/Position_02/CO2_Concentration/4b1e9d2f'}
2025-06-04 12:06:24,796 - INFO - Written to DynamoDB: {'bn': 'UniTO_IotSmartFarm/Lingotto/Area_B/Position_02/CO2_Concentration/4b1e9d2f', 'e': [{'n': 'CO2_Concentration', 'u': 'ppm', 't': 1749031584.2959638, 'v': 942.0}]}
2025-06-04 12:06:25,725 - INFO - Data written to DynamoDB: {'deviceID': 'd559dc98', 'timestamp': Decimal('1749031585'), 'deviceType': 'Temperature', 'deviceLocation': 'Lingotto/Area_A/Position_02', 'value': Decimal('44.6'), 'unit': 'Cel', 'topic': 'UniTO_IotSmartFarm/Lingotto/Area_A/Position_02/Temperature/d559dc98'}
2025-06-04 12:06:25,725 - INFO - Written to DynamoDB: {'bn': 'UniTO_IotSmartFarm/Lingotto/Area_A/Position_02/Temperature/d559dc98', 'e': [{'n': 'Temperature', 'u': 'Cel', 't': 1749031585.2939985, 'v': 44.6}]}
2025-06-04 12:06:25,818 - INFO - Data written to DynamoDB: {'deviceID': 'f47ac10b', 'timestamp': Decimal('1749031585'), 'deviceType': 'Lightness', 'deviceLocation': 'Lingotto/Area_B/Position_01', 'value': Decimal('640.0'), 'unit': 'lx', 'topic': 'UniTO_IotSmartFarm/Lingotto/Area_B/Position_01/Lightness/f47ac10b'}
2025-06-04 12:06:25,820 - INFO - Written to DynamoDB: {'bn': 'UniTO_IotSmartFarm/Lingotto/Area_B/Position_01/Lightness/f47ac10b', 'e': [{'n': 'Lightness', 'u': 'lx', 't': 1749031585.2939985, 'v': 640.0}]}
2025-06-04 12:06:25,911 - INFO - Data written to DynamoDB: {'deviceID': 'ffee552a', 'timestamp': Decimal('1749031585'), 'deviceType': 'Soil_Moisture', 'deviceLocation': 'Lingotto/Area_C/Position_05', 'value': Decimal('52.2'), 'unit': '%', 'topic': 'UniTO_IotSmartFarm/Lingotto/Area_C/Position_05/Soil_Moisture/ffee552a'}
2025-06-04 12:06:25,912 - INFO - Written to DynamoDB: {'bn': 'UniTO_IotSmartFarm/Lingotto/Area_C/Position_05/Soil_Moisture/ffee552a', 'e': [{'n': 'Soil_Moisture', 'u': '%', 't': 1749031585.2939985, 'v': 52.2}]}
2025-06-04 12:06:27,644 - INFO - Data written to DynamoDB: {'deviceID': '580f8d2d', 'timestamp': Decimal('1749031587'), 'deviceType': 'Temperature', 'deviceLocation': 'Lingotto/Area_B/Position_03', 'value': Decimal('15.6'), 'unit': 'Cel', 'topic': 'UniTO_IotSmartFarm/Lingotto/Area_B/Position_03/Temperature/580f8d2d'}
2025-06-04 12:06:27,646 - INFO - Written to DynamoDB: {'bn': 'UniTO_IotSmartFarm/Lingotto/Area_B/Position_03/Temperature/580f8d2d', 'e': [{'n': 'Temperature', 'u': 'Cel', 't': 1749031587.3163643, 'v': 15.6}]}
2025-06-04 12:06:28,750 - INFO - Data written to DynamoDB: {'deviceID': '203045fb', 'timestamp': Decimal('1749031588'), 'deviceType': 'Soil_Moisture', 'deviceLocation': 'Lingotto/Area_A/Position_02', 'value': Decimal('46.0'), 'unit': '%', 'topic': 'UniTO_IotSmartFarm/Lingotto/Area_A/Position_02/Soil_Moisture/203045fb'}
2025-06-04 12:06:28,750 - INFO - Written to DynamoDB: {'bn': 'UniTO_IotSmartFarm/Lingotto/Area_A/Position_02/Soil_Moisture/203045fb', 'e': [{'n': 'Soil_Moisture', 'u': '%', 't': 1749031588.3291812, 'v': 46.0}]}
2025-06-04 12:06:28,890 - INFO - Data written to DynamoDB: {'deviceID': 'faf26dec', 'timestamp': Decimal('1749031588'), 'deviceType': 'CO2_Concentration', 'deviceLocation': 'Lingotto/Area_B/Position_03', 'value': Decimal('913.0'), 'unit': 'ppm', 'topic': 'UniTO_IotSmartFarm/Lingotto/Area_B/Position_03/CO2_Concentration/faf26dec'}
2025-06-04 12:06:28,890 - INFO - Written to DynamoDB: {'bn': 'UniTO_IotSmartFarm/Lingotto/Area_B/Position_03/CO2_Concentration/faf26dec', 'e': [{'n': 'CO2_Concentration', 'u': 'ppm', 't': 1749031588.3291812, 'v': 913.0}]}
2025-06-04 12:06:31,698 - INFO - Data written to DynamoDB: {'deviceID': '9f42a1c3', 'timestamp': Decimal('1749031591'), 'deviceType': 'Temperature', 'deviceLocation': 'Lingotto/Area_A/Position_01', 'value': Decimal('20.9'), 'unit': 'Cel', 'topic': 'UniTO_IotSmartFarm/Lingotto/Area_A/Position_01/Temperature/9f42a1c3'}
2025-06-04 12:06:31,698 - INFO - Written to DynamoDB: {'bn': 'UniTO_IotSmartFarm/Lingotto/Area_A/Position_01/Temperature/9f42a1c3', 'e': [{'n': 'Temperature', 'u': 'Cel', 't': 1749031591.270475, 'v': 20.9}]}
2025-06-04 12:06:31,836 - INFO - Data written to DynamoDB: {'deviceID': 'a7b8c6d4', 'timestamp': Decimal('1749031591'), 'deviceType': 'Soil_Moisture', 'deviceLocation': 'Lingotto/Area_C/Position_03', 'value': Decimal('22.6'), 'unit': '%', 'topic': 'UniTO_IotSmartFarm/Lingotto/Area_C/Position_03/Soil_Moisture/a7b8c6d4'}
2025-06-04 12:06:31,836 - INFO - Written to DynamoDB: {'bn': 'UniTO_IotSmartFarm/Lingotto/Area_C/Position_03/Soil_Moisture/a7b8c6d4', 'e': [{'n': 'Soil_Moisture', 'u': '%', 't': 1749031591.3020775, 'v': 22.6}]}
2025-06-04 12:06:32,612 - INFO - Data written to DynamoDB: {'deviceID': 'c3d47900', 'timestamp': Decimal('1749031592'), 'deviceType': 'Lightness', 'deviceLocation': 'Lingotto/Area_B/Position_03', 'value': Decimal('894.0'), 'unit': 'lx', 'topic': 'UniTO_IotSmartFarm/Lingotto/Area_B/Position_03/Lightness/c3d47900'}
2025-06-04 12:06:32,613 - INFO - Written to DynamoDB: {'bn': 'UniTO_IotSmartFarm/Lingotto/Area_B/Position_03/Lightness/c3d47900', 'e': [{'n': 'Lightness', 'u': 'lx', 't': 1749031592.2792177, 'v': 894.0}]}
2025-06-04 12:06:35,732 - INFO - Data written to DynamoDB: {'deviceID': '4b1e9d2f', 'timestamp': Decimal('1749031595'), 'deviceType': 'CO2_Concentration', 'deviceLocation': 'Lingotto/Area_B/Position_02', 'value': Decimal('477.0'), 'unit': 'ppm', 'topic': 'UniTO_IotSmartFarm/Lingotto/Area_B/Position_02/CO2_Concentration/4b1e9d2f'}
2025-06-04 12:06:35,732 - INFO - Written to DynamoDB: {'bn': 'UniTO_IotSmartFarm/Lingotto/Area_B/Position_02/CO2_Concentration/4b1e9d2f', 'e': [{'n': 'CO2_Concentration', 'u': 'ppm', 't': 1749031595.3105521, 'v': 477.0}]}
2025-06-04 12:06:35,872 - INFO - Data written to DynamoDB: {'deviceID': '580f8d2d', 'timestamp': Decimal('1749031595'), 'deviceType': 'Temperature', 'deviceLocation': 'Lingotto/Area_B/Position_03', 'value': Decimal('18.0'), 'unit': 'Cel', 'topic': 'UniTO_IotSmartFarm/Lingotto/Area_B/Position_03/Temperature/580f8d2d'}
2025-06-04 12:06:35,872 - INFO - Written to DynamoDB: {'bn': 'UniTO_IotSmartFarm/Lingotto/Area_B/Position_03/Temperature/580f8d2d', 'e': [{'n': 'Temperature', 'u': 'Cel', 't': 1749031595.3259964, 'v': 18.0}]}
2025-06-04 12:06:37,770 - INFO - Data written to DynamoDB: {'deviceID': '203045fb', 'timestamp': Decimal('1749031597'), 'deviceType': 'Soil_Moisture', 'deviceLocation': 'Lingotto/Area_A/Position_02', 'value': Decimal('64.2'), 'unit': '%', 'topic': 'UniTO_IotSmartFarm/Lingotto/Area_A/Position_02/Soil_Moisture/203045fb'}
2025-06-04 12:06:37,771 - INFO - Written to DynamoDB: {'bn': 'UniTO_IotSmartFarm/Lingotto/Area_A/Position_02/Soil_Moisture/203045fb', 'e': [{'n': 'Soil_Moisture', 'u': '%', 't': 1749031597.3378978, 'v': 64.2}]}
2025-06-04 12:06:37,909 - INFO - Data written to DynamoDB: {'deviceID': 'faf26dec', 'timestamp': Decimal('1749031597'), 'deviceType': 'CO2_Concentration', 'deviceLocation': 'Lingotto/Area_B/Position_03', 'value': Decimal('799.0'), 'unit': 'ppm', 'topic': 'UniTO_IotSmartFarm/Lingotto/Area_B/Position_03/CO2_Concentration/faf26dec'}
2025-06-04 12:06:37,909 - INFO - Written to DynamoDB: {'bn': 'UniTO_IotSmartFarm/Lingotto/Area_B/Position_03/CO2_Concentration/faf26dec', 'e': [{'n': 'CO2_Concentration', 'u': 'ppm', 't': 1749031597.3378978, 'v': 799.0}]}
2025-06-04 12:06:38,734 - INFO - Data written to DynamoDB: {'deviceID': 'f47ac10b', 'timestamp': Decimal('1749031598'), 'deviceType': 'Lightness', 'deviceLocation': 'Lingotto/Area_B/Position_01', 'value': Decimal('921.0'), 'unit': 'lx', 'topic': 'UniTO_IotSmartFarm/Lingotto/Area_B/Position_01/Lightness/f47ac10b'}
2025-06-04 12:06:38,735 - INFO - Written to DynamoDB: {'bn': 'UniTO_IotSmartFarm/Lingotto/Area_B/Position_01/Lightness/f47ac10b', 'e': [{'n': 'Lightness', 'u': 'lx', 't': 1749031598.3053355, 'v': 921.0}]}
2025-06-04 12:06:38,827 - INFO - Data written to DynamoDB: {'deviceID': 'd559dc98', 'timestamp': Decimal('1749031598'), 'deviceType': 'Temperature', 'deviceLocation': 'Lingotto/Area_A/Position_02', 'value': Decimal('22.2'), 'unit': 'Cel', 'topic': 'UniTO_IotSmartFarm/Lingotto/Area_A/Position_02/Temperature/d559dc98'}
2025-06-04 12:06:38,827 - INFO - Written to DynamoDB: {'bn': 'UniTO_IotSmartFarm/Lingotto/Area_A/Position_02/Temperature/d559dc98', 'e': [{'n': 'Temperature', 'u': 'Cel', 't': 1749031598.3053355, 'v': 22.2}]}
2025-06-04 12:06:38,918 - INFO - Data written to DynamoDB: {'deviceID': 'ffee552a', 'timestamp': Decimal('1749031598'), 'deviceType': 'Soil_Moisture', 'deviceLocation': 'Lingotto/Area_C/Position_05', 'value': Decimal('75.2'), 'unit': '%', 'topic': 'UniTO_IotSmartFarm/Lingotto/Area_C/Position_05/Soil_Moisture/ffee552a'}
2025-06-04 12:06:38,918 - INFO - Written to DynamoDB: {'bn': 'UniTO_IotSmartFarm/Lingotto/Area_C/Position_05/Soil_Moisture/ffee552a', 'e': [{'n': 'Soil_Moisture', 'u': '%', 't': 1749031598.3053355, 'v': 75.2}]}
2025-06-04 12:06:39,591 - INFO - Data written to DynamoDB: {'deviceID': 'a8830d33', 'timestamp': Decimal('1749031599'), 'deviceType': 'Soil_Moisture', 'deviceLocation': 'Lingotto/Area_D/Position_01', 'value': Decimal('25.0'), 'unit': '%', 'topic': 'UniTO_IotSmartFarm/Lingotto/Area_D/Position_01/Soil_Moisture/a8830d33'}
2025-06-04 12:06:39,591 - INFO - Written to DynamoDB: {'bn': 'UniTO_IotSmartFarm/Lingotto/Area_D/Position_01/Soil_Moisture/a8830d33', 'e': [{'n': 'Soil_Moisture', 'u': '%', 't': 1749031599.2592158, 'v': 25.0}]}
2025-06-04 12:06:42,602 - INFO - Data written to DynamoDB: {'deviceID': '9947c72f', 'timestamp': Decimal('1749031602'), 'deviceType': 'CO2_Concentration', 'deviceLocation': 'Lingotto/Area_B/Position_06', 'value': Decimal('885.0'), 'unit': 'ppm', 'topic': 'UniTO_IotSmartFarm/Lingotto/Area_B/Position_06/CO2_Concentration/9947c72f'}
2025-06-04 12:06:42,602 - INFO - Written to DynamoDB: {'bn': 'UniTO_IotSmartFarm/Lingotto/Area_B/Position_06/CO2_Concentration/9947c72f', 'e': [{'n': 'CO2_Concentration', 'u': 'ppm', 't': 1749031602.268114, 'v': 885.0}]}
2025-06-04 12:06:43,710 - INFO - Data written to DynamoDB: {'deviceID': 'baf49b45', 'timestamp': Decimal('1749031603'), 'deviceType': 'Carbon_Dioxide_Generator', 'deviceLocation': 'Lingotto/Area_B/Position_06', 'value': False, 'unit': ' ', 'topic': 'UniTO_IotSmartFarm/Lingotto/Area_B/Position_06/CO2_Concentration/9947c72f/Carbon_Dioxide_Generator/baf49b45/statusChanged'}
2025-06-04 12:06:43,710 - INFO - Written to DynamoDB: {'bn': 'UniTO_IotSmartFarm/Lingotto/Area_B/Position_06/CO2_Concentration/9947c72f/Carbon_Dioxide_Generator/baf49b45/statusChanged', 'e': [{'n': 'Carbon_Dioxide_Generator', 'u': ' ', 't': 1749031603.0399263, 'v': False}]}
2025-06-04 12:06:43,848 - INFO - Data written to DynamoDB: {'deviceID': '580f8d2d', 'timestamp': Decimal('1749031603'), 'deviceType': 'Temperature', 'deviceLocation': 'Lingotto/Area_B/Position_03', 'value': Decimal('39.0'), 'unit': 'Cel', 'topic': 'UniTO_IotSmartFarm/Lingotto/Area_B/Position_03/Temperature/580f8d2d'}
2025-06-04 12:06:43,850 - INFO - Written to DynamoDB: {'bn': 'UniTO_IotSmartFarm/Lingotto/Area_B/Position_03/Temperature/580f8d2d', 'e': [{'n': 'Temperature', 'u': 'Cel', 't': 1749031603.3310952, 'v': 39.0}]}
2025-06-04 12:06:45,635 - INFO - Data written to DynamoDB: {'deviceID': 'a7b8c6d4', 'timestamp': Decimal('1749031605'), 'deviceType': 'Soil_Moisture', 'deviceLocation': 'Lingotto/Area_C/Position_03', 'value': Decimal('69.6'), 'unit': '%', 'topic': 'UniTO_IotSmartFarm/Lingotto/Area_C/Position_03/Soil_Moisture/a7b8c6d4'}
2025-06-04 12:06:45,636 - INFO - Written to DynamoDB: {'bn': 'UniTO_IotSmartFarm/Lingotto/Area_C/Position_03/Soil_Moisture/a7b8c6d4', 'e': [{'n': 'Soil_Moisture', 'u': '%', 't': 1749031605.303251, 'v': 69.6}]}
2025-06-04 12:06:46,751 - INFO - Data written to DynamoDB: {'deviceID': '4b1e9d2f', 'timestamp': Decimal('1749031606'), 'deviceType': 'CO2_Concentration', 'deviceLocation': 'Lingotto/Area_B/Position_02', 'value': Decimal('827.0'), 'unit': 'ppm', 'topic': 'UniTO_IotSmartFarm/Lingotto/Area_B/Position_02/CO2_Concentration/4b1e9d2f'}
2025-06-04 12:06:46,751 - INFO - Written to DynamoDB: {'bn': 'UniTO_IotSmartFarm/Lingotto/Area_B/Position_02/CO2_Concentration/4b1e9d2f', 'e': [{'n': 'CO2_Concentration', 'u': 'ppm', 't': 1749031606.3177907, 'v': 827.0}]}
2025-06-04 12:06:46,847 - INFO - Data written to DynamoDB: {'deviceID': '203045fb', 'timestamp': Decimal('1749031606'), 'deviceType': 'Soil_Moisture', 'deviceLocation': 'Lingotto/Area_A/Position_02', 'value': Decimal('23.3'), 'unit': '%', 'topic': 'UniTO_IotSmartFarm/Lingotto/Area_A/Position_02/Soil_Moisture/203045fb'}
2025-06-04 12:06:46,847 - INFO - Written to DynamoDB: {'bn': 'UniTO_IotSmartFarm/Lingotto/Area_A/Position_02/Soil_Moisture/203045fb', 'e': [{'n': 'Soil_Moisture', 'u': '%', 't': 1749031606.3487785, 'v': 23.3}]}
2025-06-04 12:06:46,941 - INFO - Data written to DynamoDB: {'deviceID': 'faf26dec', 'timestamp': Decimal('1749031606'), 'deviceType': 'CO2_Concentration', 'deviceLocation': 'Lingotto/Area_B/Position_03', 'value': Decimal('747.0'), 'unit': 'ppm', 'topic': 'UniTO_IotSmartFarm/Lingotto/Area_B/Position_03/CO2_Concentration/faf26dec'}
2025-06-04 12:06:46,941 - INFO - Written to DynamoDB: {'bn': 'UniTO_IotSmartFarm/Lingotto/Area_B/Position_03/CO2_Concentration/faf26dec', 'e': [{'n': 'CO2_Concentration', 'u': 'ppm', 't': 1749031606.3487785, 'v': 747.0}]}
2025-06-04 12:06:49,618 - INFO - Data written to DynamoDB: {'deviceID': 'c3d47900', 'timestamp': Decimal('1749031609'), 'deviceType': 'Lightness', 'deviceLocation': 'Lingotto/Area_B/Position_03', 'value': Decimal('810.0'), 'unit': 'lx', 'topic': 'UniTO_IotSmartFarm/Lingotto/Area_B/Position_03/Lightness/c3d47900'}
2025-06-04 12:06:49,620 - INFO - Written to DynamoDB: {'bn': 'UniTO_IotSmartFarm/Lingotto/Area_B/Position_03/Lightness/c3d47900', 'e': [{'n': 'Lightness', 'u': 'lx', 't': 1749031609.2894742, 'v': 810.0}]}
2025-06-04 12:06:51,743 - INFO - Data written to DynamoDB: {'deviceID': 'f47ac10b', 'timestamp': Decimal('1749031611'), 'deviceType': 'Lightness', 'deviceLocation': 'Lingotto/Area_B/Position_01', 'value': Decimal('402.0'), 'unit': 'lx', 'topic': 'UniTO_IotSmartFarm/Lingotto/Area_B/Position_01/Lightness/f47ac10b'}
2025-06-04 12:06:51,744 - INFO - Written to DynamoDB: {'bn': 'UniTO_IotSmartFarm/Lingotto/Area_B/Position_01/Lightness/f47ac10b', 'e': [{'n': 'Lightness', 'u': 'lx', 't': 1749031611.31608, 'v': 402.0}]}
2025-06-04 12:06:51,837 - INFO - Data written to DynamoDB: {'deviceID': 'd559dc98', 'timestamp': Decimal('1749031611'), 'deviceType': 'Temperature', 'deviceLocation': 'Lingotto/Area_A/Position_02', 'value': Decimal('24.2'), 'unit': 'Cel', 'topic': 'UniTO_IotSmartFarm/Lingotto/Area_A/Position_02/Temperature/d559dc98'}
2025-06-04 12:06:51,837 - INFO - Written to DynamoDB: {'bn': 'UniTO_IotSmartFarm/Lingotto/Area_A/Position_02/Temperature/d559dc98', 'e': [{'n': 'Temperature', 'u': 'Cel', 't': 1749031611.31608, 'v': 24.2}]}
2025-06-04 12:06:51,927 - INFO - Data written to DynamoDB: {'deviceID': 'ffee552a', 'timestamp': Decimal('1749031611'), 'deviceType': 'Soil_Moisture', 'deviceLocation': 'Lingotto/Area_C/Position_05', 'value': Decimal('60.5'), 'unit': '%', 'topic': 'UniTO_IotSmartFarm/Lingotto/Area_C/Position_05/Soil_Moisture/ffee552a'}
2025-06-04 12:06:51,927 - INFO - Written to DynamoDB: {'bn': 'UniTO_IotSmartFarm/Lingotto/Area_C/Position_05/Soil_Moisture/ffee552a', 'e': [{'n': 'Soil_Moisture', 'u': '%', 't': 1749031611.31608, 'v': 60.5}]}
2025-06-04 12:06:51,969 - INFO - Data written to DynamoDB: {'deviceID': '580f8d2d', 'timestamp': Decimal('1749031611'), 'deviceType': 'Temperature', 'deviceLocation': 'Lingotto/Area_B/Position_03', 'value': Decimal('36.7'), 'unit': 'Cel', 'topic': 'UniTO_IotSmartFarm/Lingotto/Area_B/Position_03/Temperature/580f8d2d'}
2025-06-04 12:06:51,969 - INFO - Written to DynamoDB: {'bn': 'UniTO_IotSmartFarm/Lingotto/Area_B/Position_03/Temperature/580f8d2d', 'e': [{'n': 'Temperature', 'u': 'Cel', 't': 1749031611.332093, 'v': 36.7}]}
2025-06-04 12:06:52,608 - INFO - Data written to DynamoDB: {'deviceID': '9f42a1c3', 'timestamp': Decimal('1749031612'), 'deviceType': 'Temperature', 'deviceLocation': 'Lingotto/Area_A/Position_01', 'value': Decimal('39.7'), 'unit': 'Cel', 'topic': 'UniTO_IotSmartFarm/Lingotto/Area_A/Position_01/Temperature/9f42a1c3'}
2025-06-04 12:06:52,608 - INFO - Written to DynamoDB: {'bn': 'UniTO_IotSmartFarm/Lingotto/Area_A/Position_01/Temperature/9f42a1c3', 'e': [{'n': 'Temperature', 'u': 'Cel', 't': 1749031612.279302, 'v': 39.7}]}
