2025-06-03 12:22:47,010 - INFO - Sensor:a3f426f1088941fc80 Connected to mqtt.eclipseprojects.io with result code: 0 
2025-06-03 12:22:47,130 - INFO - Sensor:499a8b81715248a593 Connected to mqtt.eclipseprojects.io with result code: 0 
2025-06-03 12:22:47,228 - INFO - Sensor:e46615d53ed345e5b1 Connected to mqtt.eclipseprojects.io with result code: 0 
2025-06-03 12:22:47,343 - INFO - Sensor:3c5de54479884369a3 Connected to mqtt.eclipseprojects.io with result code: 0 
2025-06-03 12:22:47,458 - INFO - Sensor:b788378f54c24976b9 Connected to mqtt.eclipseprojects.io with result code: 0 
2025-06-03 12:22:47,555 - INFO - Sensor:5704388beb154aed9f Connected to mqtt.eclipseprojects.io with result code: 0 
2025-06-03 12:22:47,682 - INFO - Sensor:bdb870122044419aaf Connected to mqtt.eclipseprojects.io with result code: 0 
2025-06-03 12:22:47,779 - INFO - Sensor:9cbc83b0b5bf4c74af Connected to mqtt.eclipseprojects.io with result code: 0 
2025-06-03 12:22:47,876 - INFO - Sensor:9ccddf06e4a341cda7 Connected to mqtt.eclipseprojects.io with result code: 0 
2025-06-03 12:22:47,993 - INFO - Sensor:b9d97d8403f64b188d Connected to mqtt.eclipseprojects.io with result code: 0 
2025-06-03 12:22:48,125 - INFO - Sensor:241cca8f3a124c81bf Connected to mqtt.eclipseprojects.io with result code: 0 
2025-06-03 12:22:48,135 - INFO - PoliTO_IotSmartFarm/Lingotto/Area_A/Position_01/Temperature/9f42a1c3 - Temperature - 41.1 Cel - infoFre 11
2025-06-03 12:22:48,136 - INFO - PoliTO_IotSmartFarm/Lingotto/Area_B/Position_01/Lightness/f47ac10b - Lightness - 768.0 lx - infoFre 13
2025-06-03 12:22:48,136 - INFO - PoliTO_IotSmartFarm/Lingotto/Area_B/Position_03/Lightness/c3d47900 - Lightness - 551.0 lx - infoFre 17
2025-06-03 12:22:48,137 - INFO - PoliTO_IotSmartFarm/Lingotto/Area_B/Position_02/CO2_Concentration/4b1e9d2f - CO2_Concentration - 967.0 ppm - infoFre 11
2025-06-03 12:22:48,137 - INFO - PoliTO_IotSmartFarm/Lingotto/Area_C/Position_03/Soil_Moisture/a7b8c6d4 - Soil_Moisture - 15.3 % - infoFre 14
2025-06-03 12:22:48,137 - INFO - PoliTO_IotSmartFarm/Lingotto/Area_C/Position_05/Soil_Moisture/ffee552a - Soil_Moisture - 14.2 % - infoFre 10
2025-06-03 12:22:48,137 - INFO - PoliTO_IotSmartFarm/Lingotto/Area_A/Position_02/Soil_Moisture/203045fb - Soil_Moisture - 16.5 % - infoFre 9
2025-06-03 12:22:48,137 - INFO - PoliTO_IotSmartFarm/Lingotto/Area_A/Position_02/Temperature/d559dc98 - Temperature - 34.5 Cel - infoFre 13
2025-06-03 12:22:48,137 - INFO - PoliTO_IotSmartFarm/Lingotto/Area_B/Position_06/CO2_Concentration/9947c72f - CO2_Concentration - 785.0 ppm - infoFre 19
2025-06-03 12:22:48,137 - INFO - PoliTO_IotSmartFarm/Lingotto/Area_D/Position_01/Soil_Moisture/a8830d33 - Soil_Moisture - 10.6 % - infoFre 23
2025-06-03 12:22:48,137 - INFO - PoliTO_IotSmartFarm/Lingotto/Area_B/Position_03/CO2_Concentration/faf26dec - CO2_Concentration - 879.0 ppm - infoFre 9
2025-06-03 12:22:48,141 - INFO - PoliTO_IotSmartFarm/Lingotto/Area_B/Position_03/Temperature/580f8d2d - Temperature - 31.3 Cel - infoFre 8
2025-06-03 12:22:48,227 - INFO - Sensor:af267ae6cf7448ff98 Connected to mqtt.eclipseprojects.io with result code: 0 
